[2018-12-02 14:53:17] local.DEBUG: OSS config: {"driver":"oss","access_id":"LTAIUJH7IhEgWVqf","access_key":"GaIrHmqV5y1mzv4W3Rcdiiwm8MPRgt","bucket":"wheat-space","endpoint":"oss-cn-hangzhou.aliyuncs.com","ssl":false,"isCName":false,"debug":true} 
[2018-12-02 14:53:17] local.ERROR: Class 'Symfony\Component\Filesystem\Exception\FileNotFoundException' not found (View: D:\laragon\www\maizi\resources\views\admin\partials\header.blade.php) (View: D:\laragon\www\maizi\resources\views\admin\partials\header.blade.php) (View: D:\laragon\www\maizi\resources\views\admin\partials\header.blade.php) {"exception":"[object] (ErrorException(code: 0): Class 'Symfony\\Component\\Filesystem\\Exception\\FileNotFoundException' not found (View: D:\\laragon\\www\\maizi\esources\\views\\admin\\partials\\header.blade.php) (View: D:\\laragon\\www\\maizi\esources\\views\\admin\\partials\\header.blade.php) (View: D:\\laragon\\www\\maizi\esources\\views\\admin\\partials\\header.blade.php) at D:\\laragon\\www\\maizi\\vendor\\jacobcyl\\ali-oss-storage\\src\\AliOssAdapter.php:570, ErrorException(code: 0): Class 'Symfony\\Component\\Filesystem\\Exception\\FileNotFoundException' not found (View: D:\\laragon\\www\\maizi\esources\\views\\admin\\partials\\header.blade.php) (View: D:\\laragon\\www\\maizi\esources\\views\\admin\\partials\\header.blade.php) at D:\\laragon\\www\\maizi\\vendor\\jacobcyl\\ali-oss-storage\\src\\AliOssAdapter.php:570, ErrorException(code: 0): Class 'Symfony\\Component\\Filesystem\\Exception\\FileNotFoundException' not found (View: D:\\laragon\\www\\maizi\esources\\views\\admin\\partials\\header.blade.php) at D:\\laragon\\www\\maizi\\vendor\\jacobcyl\\ali-oss-storage\\src\\AliOssAdapter.php:570, Symfony\\Component\\Debug\\Exception\\FatalThrowableError(code: 0): Class 'Symfony\\Component\\Filesystem\\Exception\\FileNotFoundException' not found at D:\\laragon\\www\\maizi\\vendor\\jacobcyl\\ali-oss-storage\\src\\AliOssAdapter.php:570)
[stacktrace]
#0 D:\\laragon\\www\\maizi\\vendor\\laravel\\framework\\src\\Illuminate\\View\\Engines\\PhpEngine.php(45): Illuminate\\View\\Engines\\CompilerEngine->handleViewException(Object(ErrorException), 1)
#1 D:\\laragon\\www\\maizi\\vendor\\laravel\\framework\\src\\Illuminate\\View\\Engines\\CompilerEngine.php(59): Illuminate\\View\\Engines\\PhpEngine->evaluatePath('D:\\\\laragon\\\\www\\\\...', Array)
#2 D:\\laragon\\www\\maizi\\vendor\\laravel\\framework\\src\\Illuminate\\View\\View.php(137): Illuminate\\View\\Engines\\CompilerEngine->get('D:\\\\laragon\\\\www\\\\...', Array)
#3 D:\\laragon\\www\\maizi\\vendor\\laravel\\framework\\src\\Illuminate\\View\\View.php(120): Illuminate\\View\\View->getContents()
#4 D:\\laragon\\www\\maizi\\vendor\\laravel\\framework\\src\\Illuminate\\View\\View.php(85): Illuminate\\View\\View->renderContents()
#5 D:\\laragon\\www\\maizi\\vendor\\encore\\laravel-admin\\src\\Layout\\Content.php(206): Illuminate\\View\\View->render()
#6 D:\\laragon\\www\\maizi\\vendor\\laravel\\framework\\src\\Illuminate\\Http\\Response.php(39): Encore\\Admin\\Layout\\Content->render()
#7 D:\\laragon\\www\\maizi\\vendor\\symfony\\http-foundation\\Response.php(201): Illuminate\\Http\\Response->setContent(Object(Encore\\Admin\\Layout\\Content))
#8 D:\\laragon\\www\\maizi\\vendor\\laravel\\framework\\src\\Illuminate\\Routing\\Router.php(664): Symfony\\Component\\HttpFoundation\\Response->__construct(Object(Encore\\Admin\\Layout\\Content))
#9 D:\\laragon\\www\\maizi\\vendor\\laravel\\framework\\src\\Illuminate\\Routing\\Router.php(610): Illuminate\\Routing\\Router::prepareResponse(Object(Illuminate\\Http\\Request), Object(Encore\\Admin\\Layout\\Content))
#10 D:\\laragon\\www\\maizi\\vendor\\laravel\\framework\\src\\Illuminate\\Routing\\Pipeline.php(30): Illuminate\\Routing\\Router->Illuminate\\Routing\\{closure}(Object(Illuminate\\Http\\Request))
#11 D:\\laragon\\www\\maizi\\vendor\\encore\\laravel-admin\\src\\Middleware\\Permission.php(42): Illuminate\\Routing\\Pipeline->Illuminate\\Routing\\{closure}(Object(Illuminate\\Http\\Request))
#12 D:\\laragon\\www\\maizi\\vendor\\laravel\\framework\\src\\Illuminate\\Pipeline\\Pipeline.php(149): Encore\\Admin\\Middleware\\Permission->handle(Object(Illuminate\\Http\\Request), Object(Closure))
#13 D:\\laragon\\www\\maizi\\vendor\\laravel\\framework\\src\\Illuminate\\Routing\\Pipeline.php(53): Illuminate\\Pipeline\\Pipeline->Illuminate\\Pipeline\\{closure}(Object(Illuminate\\Http\\Request))
#14 D:\\laragon\\www\\maizi\\vendor\\encore\\laravel-admin\\src\\Middleware\\Bootstrap.php(23): Illuminate\\Routing\\Pipeline->Illuminate\\Routing\\{closure}(Object(Illuminate\\Http\\Request))
#15 D:\\laragon\\www\\maizi\\vendor\\laravel\\framework\\src\\Illuminate\\Pipeline\\Pipeline.php(149): Encore\\Admin\\Middleware\\Bootstrap->handle(Object(Illuminate\\Http\\Request), Object(Closure))
#16 D:\\laragon\\www\\maizi\\vendor\\laravel\\framework\\src\\Illuminate\\Routing\\Pipeline.php(53): Illuminate\\Pipeline\\Pipeline->Illuminate\\Pipeline\\{closure}(Object(Illuminate\\Http\\Request))
#17 D:\\laragon\\www\\maizi\\vendor\\encore\\laravel-admin\\src\\Middleware\\LogOperation.php(34): Illuminate\\Routing\\Pipeline->Illuminate\\Routing\\{closure}(Object(Illuminate\\Http\\Request))
#18 D:\\laragon\\www\\maizi\\vendor\\laravel\\framework\\src\\Illuminate\\Pipeline\\Pipeline.php(149): Encore\\Admin\\Middleware\\LogOperation->handle(Object(Illuminate\\Http\\Request), Object(Closure))
#19 D:\\laragon\\www\\maizi\\vendor\\laravel\\framework\\src\\Illuminate\\Routing\\Pipeline.php(53): Illuminate\\Pipeline\\Pipeline->Illuminate\\Pipeline\\{closure}(Object(Illuminate\\Http\\Request))
#20 D:\\laragon\\www\\maizi\\vendor\\encore\\laravel-admin\\src\\Middleware\\Pjax.php(24): Illuminate\\Routing\\Pipeline->Illuminate\\Routing\\{closure}(Object(Illuminate\\Http\\Request))
#21 D:\\laragon\\www\\maizi\\vendor\\laravel\\framework\\src\\Illuminate\\Pipeline\\Pipeline.php(149): Encore\\Admin\\Middleware\\Pjax->handle(Object(Illuminate\\Http\\Request), Object(Closure))
#22 D:\\laragon\\www\\maizi\\vendor\\laravel\\framework\\src\\Illuminate\\Routing\\Pipeline.php(53): Illuminate\\Pipeline\\Pipeline->Illuminate\\Pipeline\\{closure}(Object(Illuminate\\Http\\Request))
#23 D:\\laragon\\www\\maizi\\vendor\\encore\\laravel-admin\\src\\Middleware\\Authenticate.php(25): Illuminate\\Routing\\Pipeline->Illuminate\\Routing\\{closure}(Object(Illuminate\\Http\\Request))
#24 D:\\laragon\\www\\maizi\\vendor\\laravel\\framework\\src\\Illuminate\\Pipeline\\Pipeline.php(149): Encore\\Admin\\Middleware\\Authenticate->handle(Object(Illuminate\\Http\\Request), Object(Closure))
#25 D:\\laragon\\www\\maizi\\vendor\\laravel\\framework\\src\\Illuminate\\Routing\\Pipeline.php(53): Illuminate\\Pipeline\\Pipeline->Illuminate\\Pipeline\\{closure}(Object(Illuminate\\Http\\Request))
#26 D:\\laragon\\www\\maizi\\vendor\\laravel\\framework\\src\\Illuminate\\Routing\\Middleware\\SubstituteBindings.php(41): Illuminate\\Routing\\Pipeline->Illuminate\\Routing\\{closure}(Object(Illuminate\\Http\\Request))
#27 D:\\laragon\\www\\maizi\\vendor\\laravel\\framework\\src\\Illuminate\\Pipeline\\Pipeline.php(149): Illuminate\\Routing\\Middleware\\SubstituteBindings->handle(Object(Illuminate\\Http\\Request), Object(Closure))
#28 D:\\laragon\\www\\maizi\\vendor\\laravel\\framework\\src\\Illuminate\\Routing\\Pipeline.php(53): Illuminate\\Pipeline\\Pipeline->Illuminate\\Pipeline\\{closure}(Object(Illuminate\\Http\\Request))
#29 D:\\laragon\\www\\maizi\\vendor\\laravel\\framework\\src\\Illuminate\\Foundation\\Http\\Middleware\\VerifyCsrfToken.php(67): Illuminate\\Routing\\Pipeline->Illuminate\\Routing\\{closure}(Object(Illuminate\\Http\\Request))
#30 D:\\laragon\\www\\maizi\\vendor\\laravel\\framework\\src\\Illuminate\\Pipeline\\Pipeline.php(149): Illuminate\\Foundation\\Http\\Middleware\\VerifyCsrfToken->handle(Object(Illuminate\\Http\\Request), Object(Closure))
#31 D:\\laragon\\www\\maizi\\vendor\\laravel\\framework\\src\\Illuminate\\Routing\\Pipeline.php(53): Illuminate\\Pipeline\\Pipeline->Illuminate\\Pipeline\\{closure}(Object(Illuminate\\Http\\Request))
#32 D:\\laragon\\www\\maizi\\vendor\\laravel\\framework\\src\\Illuminate\\View\\Middleware\\ShareErrorsFromSession.php(49): Illuminate\\Routing\\Pipeline->Illuminate\\Routing\\{closure}(Object(Illuminate\\Http\\Request))
#33 D:\\laragon\\www\\maizi\\vendor\\laravel\\framework\\src\\Illuminate\\Pipeline\\Pipeline.php(149): Illuminate\\View\\Middleware\\ShareErrorsFromSession->handle(Object(Illuminate\\Http\\Request), Object(Closure))
#34 D:\\laragon\\www\\maizi\\vendor\\laravel\\framework\\src\\Illuminate\\Routing\\Pipeline.php(53): Illuminate\\Pipeline\\Pipeline->Illuminate\\Pipeline\\{closure}(Object(Illuminate\\Http\\Request))
#35 D:\\laragon\\www\\maizi\\vendor\\laravel\\framework\\src\\Illuminate\\Session\\Middleware\\StartSession.php(63): Illuminate\\Routing\\Pipeline->Illuminate\\Routing\\{closure}(Object(Illuminate\\Http\\Request))
#36 D:\\laragon\\www\\maizi\\vendor\\laravel\\framework\\src\\Illuminate\\Pipeline\\Pipeline.php(149): Illuminate\\Session\\Middleware\\StartSession->handle(Object(Illuminate\\Http\\Request), Object(Closure))
#37 D:\\laragon\\www\\maizi\\vendor\\laravel\\framework\\src\\Illuminate\\Routing\\Pipeline.php(53): Illuminate\\Pipeline\\Pipeline->Illuminate\\Pipeline\\{closure}(Object(Illuminate\\Http\\Request))
#38 D:\\laragon\\www\\maizi\\vendor\\laravel\\framework\\src\\Illuminate\\Cookie\\Middleware\\AddQueuedCookiesToResponse.php(37): Illuminate\\Routing\\Pipeline->Illuminate\\Routing\\{closure}(Object(Illuminate\\Http\\Request))
#39 D:\\laragon\\www\\maizi\\vendor\\laravel\\framework\\src\\Illuminate\\Pipeline\\Pipeline.php(149): Illuminate\\Cookie\\Middleware\\AddQueuedCookiesToResponse->handle(Object(Illuminate\\Http\\Request), Object(Closure))
#40 D:\\laragon\\www\\maizi\\vendor\\laravel\\framework\\src\\Illuminate\\Routing\\Pipeline.php(53): Illuminate\\Pipeline\\Pipeline->Illuminate\\Pipeline\\{closure}(Object(Illuminate\\Http\\Request))
#41 D:\\laragon\\www\\maizi\\vendor\\laravel\\framework\\src\\Illuminate\\Cookie\\Middleware\\EncryptCookies.php(59): Illuminate\\Routing\\Pipeline->Illuminate\\Routing\\{closure}(Object(Illuminate\\Http\\Request))
#42 D:\\laragon\\www\\maizi\\vendor\\laravel\\framework\\src\\Illuminate\\Pipeline\\Pipeline.php(149): Illuminate\\Cookie\\Middleware\\EncryptCookies->handle(Object(Illuminate\\Http\\Request), Object(Closure))
#43 D:\\laragon\\www\\maizi\\vendor\\laravel\\framework\\src\\Illuminate\\Routing\\Pipeline.php(53): Illuminate\\Pipeline\\Pipeline->Illuminate\\Pipeline\\{closure}(Object(Illuminate\\Http\\Request))
#44 D:\\laragon\\www\\maizi\\vendor\\laravel\\framework\\src\\Illuminate\\Pipeline\\Pipeline.php(102): Illuminate\\Routing\\Pipeline->Illuminate\\Routing\\{closure}(Object(Illuminate\\Http\\Request))
#45 D:\\laragon\\www\\maizi\\vendor\\laravel\\framework\\src\\Illuminate\\Routing\\Router.php(612): Illuminate\\Pipeline\\Pipeline->then(Object(Closure))
#46 D:\\laragon\\www\\maizi\\vendor\\laravel\\framework\\src\\Illuminate\\Routing\\Router.php(571): Illuminate\\Routing\\Router->runRouteWithinStack(Object(Illuminate\\Routing\\Route), Object(Illuminate\\Http\\Request))
#47 D:\\laragon\\www\\maizi\\vendor\\laravel\\framework\\src\\Illuminate\\Routing\\Router.php(549): Illuminate\\Routing\\Router->dispatchToRoute(Object(Illuminate\\Http\\Request))
#48 D:\\laragon\\www\\maizi\\vendor\\laravel\\framework\\src\\Illuminate\\Foundation\\Http\\Kernel.php(176): Illuminate\\Routing\\Router->dispatch(Object(Illuminate\\Http\\Request))
#49 D:\\laragon\\www\\maizi\\vendor\\laravel\\framework\\src\\Illuminate\\Routing\\Pipeline.php(30): Illuminate\\Foundation\\Http\\Kernel->Illuminate\\Foundation\\Http\\{closure}(Object(Illuminate\\Http\\Request))
#50 D:\\laragon\\www\\maizi\\vendor\\fideloper\\proxy\\src\\TrustProxies.php(56): Illuminate\\Routing\\Pipeline->Illuminate\\Routing\\{closure}(Object(Illuminate\\Http\\Request))
#51 D:\\laragon\\www\\maizi\\vendor\\laravel\\framework\\src\\Illuminate\\Pipeline\\Pipeline.php(149): Fideloper\\Proxy\\TrustProxies->handle(Object(Illuminate\\Http\\Request), Object(Closure))
#52 D:\\laragon\\www\\maizi\\vendor\\laravel\\framework\\src\\Illuminate\\Routing\\Pipeline.php(53): Illuminate\\Pipeline\\Pipeline->Illuminate\\Pipeline\\{closure}(Object(Illuminate\\Http\\Request))
#53 D:\\laragon\\www\\maizi\\vendor\\laravel\\framework\\src\\Illuminate\\Foundation\\Http\\Middleware\\TransformsRequest.php(30): Illuminate\\Routing\\Pipeline->Illuminate\\Routing\\{closure}(Object(Illuminate\\Http\\Request))
#54 D:\\laragon\\www\\maizi\\vendor\\laravel\\framework\\src\\Illuminate\\Pipeline\\Pipeline.php(149): Illuminate\\Foundation\\Http\\Middleware\\TransformsRequest->handle(Object(Illuminate\\Http\\Request), Object(Closure))
#55 D:\\laragon\\www\\maizi\\vendor\\laravel\\framework\\src\\Illuminate\\Routing\\Pipeline.php(53): Illuminate\\Pipeline\\Pipeline->Illuminate\\Pipeline\\{closure}(Object(Illuminate\\Http\\Request))
#56 D:\\laragon\\www\\maizi\\vendor\\laravel\\framework\\src\\Illuminate\\Foundation\\Http\\Middleware\\TransformsRequest.php(30): Illuminate\\Routing\\Pipeline->Illuminate\\Routing\\{closure}(Object(Illuminate\\Http\\Request))
#57 D:\\laragon\\www\\maizi\\vendor\\laravel\\framework\\src\\Illuminate\\Pipeline\\Pipeline.php(149): Illuminate\\Foundation\\Http\\Middleware\\TransformsRequest->handle(Object(Illuminate\\Http\\Request), Object(Closure))
#58 D:\\laragon\\www\\maizi\\vendor\\laravel\\framework\\src\\Illuminate\\Routing\\Pipeline.php(53): Illuminate\\Pipeline\\Pipeline->Illuminate\\Pipeline\\{closure}(Object(Illuminate\\Http\\Request))
#59 D:\\laragon\\www\\maizi\\vendor\\laravel\\framework\\src\\Illuminate\\Foundation\\Http\\Middleware\\ValidatePostSize.php(27): Illuminate\\Routing\\Pipeline->Illuminate\\Routing\\{closure}(Object(Illuminate\\Http\\Request))
#60 D:\\laragon\\www\\maizi\\vendor\\laravel\\framework\\src\\Illuminate\\Pipeline\\Pipeline.php(149): Illuminate\\Foundation\\Http\\Middleware\\ValidatePostSize->handle(Object(Illuminate\\Http\\Request), Object(Closure))
#61 D:\\laragon\\www\\maizi\\vendor\\laravel\\framework\\src\\Illuminate\\Routing\\Pipeline.php(53): Illuminate\\Pipeline\\Pipeline->Illuminate\\Pipeline\\{closure}(Object(Illuminate\\Http\\Request))
#62 D:\\laragon\\www\\maizi\\vendor\\laravel\\framework\\src\\Illuminate\\Foundation\\Http\\Middleware\\CheckForMaintenanceMode.php(46): Illuminate\\Routing\\Pipeline->Illuminate\\Routing\\{closure}(Object(Illuminate\\Http\\Request))
#63 D:\\laragon\\www\\maizi\\vendor\\laravel\\framework\\src\\Illuminate\\Pipeline\\Pipeline.php(149): Illuminate\\Foundation\\Http\\Middleware\\CheckForMaintenanceMode->handle(Object(Illuminate\\Http\\Request), Object(Closure))
#64 D:\\laragon\\www\\maizi\\vendor\\laravel\\framework\\src\\Illuminate\\Routing\\Pipeline.php(53): Illuminate\\Pipeline\\Pipeline->Illuminate\\Pipeline\\{closure}(Object(Illuminate\\Http\\Request))
#65 D:\\laragon\\www\\maizi\\vendor\\laravel\\framework\\src\\Illuminate\\Pipeline\\Pipeline.php(102): Illuminate\\Routing\\Pipeline->Illuminate\\Routing\\{closure}(Object(Illuminate\\Http\\Request))
#66 D:\\laragon\\www\\maizi\\vendor\\laravel\\framework\\src\\Illuminate\\Foundation\\Http\\Kernel.php(151): Illuminate\\Pipeline\\Pipeline->then(Object(Closure))
#67 D:\\laragon\\www\\maizi\\vendor\\laravel\\framework\\src\\Illuminate\\Foundation\\Http\\Kernel.php(116): Illuminate\\Foundation\\Http\\Kernel->sendRequestThroughRouter(Object(Illuminate\\Http\\Request))
#68 D:\\laragon\\www\\maizi\\public\\index.php(55): Illuminate\\Foundation\\Http\\Kernel->handle(Object(Illuminate\\Http\\Request))
#69 {main}
"} 
[2018-12-02 14:57:49] local.DEBUG: OSS config: {"driver":"oss","access_id":"LTAIUJH7IhEgWVqf","access_key":"GaIrHmqV5y1mzv4W3Rcdiiwm8MPRgt","bucket":"wheat-space","endpoint":"oss-cn-hangzhou.aliyuncs.com","ssl":false,"isCName":false,"debug":true} 
[2018-12-02 14:57:49] local.ERROR: Class 'Symfony\Component\Filesystem\Exception\FileNotFoundException' not found (View: D:\laragon\www\maizi\resources\views\admin\partials\header.blade.php) (View: D:\laragon\www\maizi\resources\views\admin\partials\header.blade.php) (View: D:\laragon\www\maizi\resources\views\admin\partials\header.blade.php) {"exception":"[object] (ErrorException(code: 0): Class 'Symfony\\Component\\Filesystem\\Exception\\FileNotFoundException' not found (View: D:\\laragon\\www\\maizi\esources\\views\\admin\\partials\\header.blade.php) (View: D:\\laragon\\www\\maizi\esources\\views\\admin\\partials\\header.blade.php) (View: D:\\laragon\\www\\maizi\esources\\views\\admin\\partials\\header.blade.php) at D:\\laragon\\www\\maizi\\vendor\\jacobcyl\\ali-oss-storage\\src\\AliOssAdapter.php:570, ErrorException(code: 0): Class 'Symfony\\Component\\Filesystem\\Exception\\FileNotFoundException' not found (View: D:\\laragon\\www\\maizi\esources\\views\\admin\\partials\\header.blade.php) (View: D:\\laragon\\www\\maizi\esources\\views\\admin\\partials\\header.blade.php) at D:\\laragon\\www\\maizi\\vendor\\jacobcyl\\ali-oss-storage\\src\\AliOssAdapter.php:570, ErrorException(code: 0): Class 'Symfony\\Component\\Filesystem\\Exception\\FileNotFoundException' not found (View: D:\\laragon\\www\\maizi\esources\\views\\admin\\partials\\header.blade.php) at D:\\laragon\\www\\maizi\\vendor\\jacobcyl\\ali-oss-storage\\src\\AliOssAdapter.php:570, Symfony\\Component\\Debug\\Exception\\FatalThrowableError(code: 0): Class 'Symfony\\Component\\Filesystem\\Exception\\FileNotFoundException' not found at D:\\laragon\\www\\maizi\\vendor\\jacobcyl\\ali-oss-storage\\src\\AliOssAdapter.php:570)
[stacktrace]
#0 D:\\laragon\\www\\maizi\\vendor\\laravel\\framework\\src\\Illuminate\\View\\Engines\\PhpEngine.php(45): Illuminate\\View\\Engines\\CompilerEngine->handleViewException(Object(ErrorException), 1)
#1 D:\\laragon\\www\\maizi\\vendor\\laravel\\framework\\src\\Illuminate\\View\\Engines\\CompilerEngine.php(59): Illuminate\\View\\Engines\\PhpEngine->evaluatePath('D:\\\\laragon\\\\www\\\\...', Array)
#2 D:\\laragon\\www\\maizi\\vendor\\laravel\\framework\\src\\Illuminate\\View\\View.php(137): Illuminate\\View\\Engines\\CompilerEngine->get('D:\\\\laragon\\\\www\\\\...', Array)
#3 D:\\laragon\\www\\maizi\\vendor\\laravel\\framework\\src\\Illuminate\\View\\View.php(120): Illuminate\\View\\View->getContents()
#4 D:\\laragon\\www\\maizi\\vendor\\laravel\\framework\\src\\Illuminate\\View\\View.php(85): Illuminate\\View\\View->renderContents()
#5 D:\\laragon\\www\\maizi\\vendor\\encore\\laravel-admin\\src\\Layout\\Content.php(206): Illuminate\\View\\View->render()
#6 D:\\laragon\\www\\maizi\\vendor\\laravel\\framework\\src\\Illuminate\\Http\\Response.php(39): Encore\\Admin\\Layout\\Content->render()
#7 D:\\laragon\\www\\maizi\\vendor\\symfony\\http-foundation\\Response.php(201): Illuminate\\Http\\Response->setContent(Object(Encore\\Admin\\Layout\\Content))
#8 D:\\laragon\\www\\maizi\\vendor\\laravel\\framework\\src\\Illuminate\\Routing\\Router.php(664): Symfony\\Component\\HttpFoundation\\Response->__construct(Object(Encore\\Admin\\Layout\\Content))
#9 D:\\laragon\\www\\maizi\\vendor\\laravel\\framework\\src\\Illuminate\\Routing\\Router.php(610): Illuminate\\Routing\\Router::prepareResponse(Object(Illuminate\\Http\\Request), Object(Encore\\Admin\\Layout\\Content))
#10 D:\\laragon\\www\\maizi\\vendor\\laravel\\framework\\src\\Illuminate\\Routing\\Pipeline.php(30): Illuminate\\Routing\\Router->Illuminate\\Routing\\{closure}(Object(Illuminate\\Http\\Request))
#11 D:\\laragon\\www\\maizi\\vendor\\encore\\laravel-admin\\src\\Middleware\\Permission.php(42): Illuminate\\Routing\\Pipeline->Illuminate\\Routing\\{closure}(Object(Illuminate\\Http\\Request))
#12 D:\\laragon\\www\\maizi\\vendor\\laravel\\framework\\src\\Illuminate\\Pipeline\\Pipeline.php(149): Encore\\Admin\\Middleware\\Permission->handle(Object(Illuminate\\Http\\Request), Object(Closure))
#13 D:\\laragon\\www\\maizi\\vendor\\laravel\\framework\\src\\Illuminate\\Routing\\Pipeline.php(53): Illuminate\\Pipeline\\Pipeline->Illuminate\\Pipeline\\{closure}(Object(Illuminate\\Http\\Request))
#14 D:\\laragon\\www\\maizi\\vendor\\encore\\laravel-admin\\src\\Middleware\\Bootstrap.php(23): Illuminate\\Routing\\Pipeline->Illuminate\\Routing\\{closure}(Object(Illuminate\\Http\\Request))
#15 D:\\laragon\\www\\maizi\\vendor\\laravel\\framework\\src\\Illuminate\\Pipeline\\Pipeline.php(149): Encore\\Admin\\Middleware\\Bootstrap->handle(Object(Illuminate\\Http\\Request), Object(Closure))
#16 D:\\laragon\\www\\maizi\\vendor\\laravel\\framework\\src\\Illuminate\\Routing\\Pipeline.php(53): Illuminate\\Pipeline\\Pipeline->Illuminate\\Pipeline\\{closure}(Object(Illuminate\\Http\\Request))
#17 D:\\laragon\\www\\maizi\\vendor\\encore\\laravel-admin\\src\\Middleware\\LogOperation.php(34): Illuminate\\Routing\\Pipeline->Illuminate\\Routing\\{closure}(Object(Illuminate\\Http\\Request))
#18 D:\\laragon\\www\\maizi\\vendor\\laravel\\framework\\src\\Illuminate\\Pipeline\\Pipeline.php(149): Encore\\Admin\\Middleware\\LogOperation->handle(Object(Illuminate\\Http\\Request), Object(Closure))
#19 D:\\laragon\\www\\maizi\\vendor\\laravel\\framework\\src\\Illuminate\\Routing\\Pipeline.php(53): Illuminate\\Pipeline\\Pipeline->Illuminate\\Pipeline\\{closure}(Object(Illuminate\\Http\\Request))
#20 D:\\laragon\\www\\maizi\\vendor\\encore\\laravel-admin\\src\\Middleware\\Pjax.php(24): Illuminate\\Routing\\Pipeline->Illuminate\\Routing\\{closure}(Object(Illuminate\\Http\\Request))
#21 D:\\laragon\\www\\maizi\\vendor\\laravel\\framework\\src\\Illuminate\\Pipeline\\Pipeline.php(149): Encore\\Admin\\Middleware\\Pjax->handle(Object(Illuminate\\Http\\Request), Object(Closure))
#22 D:\\laragon\\www\\maizi\\vendor\\laravel\\framework\\src\\Illuminate\\Routing\\Pipeline.php(53): Illuminate\\Pipeline\\Pipeline->Illuminate\\Pipeline\\{closure}(Object(Illuminate\\Http\\Request))
#23 D:\\laragon\\www\\maizi\\vendor\\encore\\laravel-admin\\src\\Middleware\\Authenticate.php(25): Illuminate\\Routing\\Pipeline->Illuminate\\Routing\\{closure}(Object(Illuminate\\Http\\Request))
#24 D:\\laragon\\www\\maizi\\vendor\\laravel\\framework\\src\\Illuminate\\Pipeline\\Pipeline.php(149): Encore\\Admin\\Middleware\\Authenticate->handle(Object(Illuminate\\Http\\Request), Object(Closure))
#25 D:\\laragon\\www\\maizi\\vendor\\laravel\\framework\\src\\Illuminate\\Routing\\Pipeline.php(53): Illuminate\\Pipeline\\Pipeline->Illuminate\\Pipeline\\{closure}(Object(Illuminate\\Http\\Request))
#26 D:\\laragon\\www\\maizi\\vendor\\laravel\\framework\\src\\Illuminate\\Routing\\Middleware\\SubstituteBindings.php(41): Illuminate\\Routing\\Pipeline->Illuminate\\Routing\\{closure}(Object(Illuminate\\Http\\Request))
#27 D:\\laragon\\www\\maizi\\vendor\\laravel\\framework\\src\\Illuminate\\Pipeline\\Pipeline.php(149): Illuminate\\Routing\\Middleware\\SubstituteBindings->handle(Object(Illuminate\\Http\\Request), Object(Closure))
#28 D:\\laragon\\www\\maizi\\vendor\\laravel\\framework\\src\\Illuminate\\Routing\\Pipeline.php(53): Illuminate\\Pipeline\\Pipeline->Illuminate\\Pipeline\\{closure}(Object(Illuminate\\Http\\Request))
#29 D:\\laragon\\www\\maizi\\vendor\\laravel\\framework\\src\\Illuminate\\Foundation\\Http\\Middleware\\VerifyCsrfToken.php(67): Illuminate\\Routing\\Pipeline->Illuminate\\Routing\\{closure}(Object(Illuminate\\Http\\Request))
#30 D:\\laragon\\www\\maizi\\vendor\\laravel\\framework\\src\\Illuminate\\Pipeline\\Pipeline.php(149): Illuminate\\Foundation\\Http\\Middleware\\VerifyCsrfToken->handle(Object(Illuminate\\Http\\Request), Object(Closure))
#31 D:\\laragon\\www\\maizi\\vendor\\laravel\\framework\\src\\Illuminate\\Routing\\Pipeline.php(53): Illuminate\\Pipeline\\Pipeline->Illuminate\\Pipeline\\{closure}(Object(Illuminate\\Http\\Request))
#32 D:\\laragon\\www\\maizi\\vendor\\laravel\\framework\\src\\Illuminate\\View\\Middleware\\ShareErrorsFromSession.php(49): Illuminate\\Routing\\Pipeline->Illuminate\\Routing\\{closure}(Object(Illuminate\\Http\\Request))
#33 D:\\laragon\\www\\maizi\\vendor\\laravel\\framework\\src\\Illuminate\\Pipeline\\Pipeline.php(149): Illuminate\\View\\Middleware\\ShareErrorsFromSession->handle(Object(Illuminate\\Http\\Request), Object(Closure))
#34 D:\\laragon\\www\\maizi\\vendor\\laravel\\framework\\src\\Illuminate\\Routing\\Pipeline.php(53): Illuminate\\Pipeline\\Pipeline->Illuminate\\Pipeline\\{closure}(Object(Illuminate\\Http\\Request))
#35 D:\\laragon\\www\\maizi\\vendor\\laravel\\framework\\src\\Illuminate\\Session\\Middleware\\StartSession.php(63): Illuminate\\Routing\\Pipeline->Illuminate\\Routing\\{closure}(Object(Illuminate\\Http\\Request))
#36 D:\\laragon\\www\\maizi\\vendor\\laravel\\framework\\src\\Illuminate\\Pipeline\\Pipeline.php(149): Illuminate\\Session\\Middleware\\StartSession->handle(Object(Illuminate\\Http\\Request), Object(Closure))
#37 D:\\laragon\\www\\maizi\\vendor\\laravel\\framework\\src\\Illuminate\\Routing\\Pipeline.php(53): Illuminate\\Pipeline\\Pipeline->Illuminate\\Pipeline\\{closure}(Object(Illuminate\\Http\\Request))
#38 D:\\laragon\\www\\maizi\\vendor\\laravel\\framework\\src\\Illuminate\\Cookie\\Middleware\\AddQueuedCookiesToResponse.php(37): Illuminate\\Routing\\Pipeline->Illuminate\\Routing\\{closure}(Object(Illuminate\\Http\\Request))
#39 D:\\laragon\\www\\maizi\\vendor\\laravel\\framework\\src\\Illuminate\\Pipeline\\Pipeline.php(149): Illuminate\\Cookie\\Middleware\\AddQueuedCookiesToResponse->handle(Object(Illuminate\\Http\\Request), Object(Closure))
#40 D:\\laragon\\www\\maizi\\vendor\\laravel\\framework\\src\\Illuminate\\Routing\\Pipeline.php(53): Illuminate\\Pipeline\\Pipeline->Illuminate\\Pipeline\\{closure}(Object(Illuminate\\Http\\Request))
#41 D:\\laragon\\www\\maizi\\vendor\\laravel\\framework\\src\\Illuminate\\Cookie\\Middleware\\EncryptCookies.php(59): Illuminate\\Routing\\Pipeline->Illuminate\\Routing\\{closure}(Object(Illuminate\\Http\\Request))
#42 D:\\laragon\\www\\maizi\\vendor\\laravel\\framework\\src\\Illuminate\\Pipeline\\Pipeline.php(149): Illuminate\\Cookie\\Middleware\\EncryptCookies->handle(Object(Illuminate\\Http\\Request), Object(Closure))
#43 D:\\laragon\\www\\maizi\\vendor\\laravel\\framework\\src\\Illuminate\\Routing\\Pipeline.php(53): Illuminate\\Pipeline\\Pipeline->Illuminate\\Pipeline\\{closure}(Object(Illuminate\\Http\\Request))
#44 D:\\laragon\\www\\maizi\\vendor\\laravel\\framework\\src\\Illuminate\\Pipeline\\Pipeline.php(102): Illuminate\\Routing\\Pipeline->Illuminate\\Routing\\{closure}(Object(Illuminate\\Http\\Request))
#45 D:\\laragon\\www\\maizi\\vendor\\laravel\\framework\\src\\Illuminate\\Routing\\Router.php(612): Illuminate\\Pipeline\\Pipeline->then(Object(Closure))
#46 D:\\laragon\\www\\maizi\\vendor\\laravel\\framework\\src\\Illuminate\\Routing\\Router.php(571): Illuminate\\Routing\\Router->runRouteWithinStack(Object(Illuminate\\Routing\\Route), Object(Illuminate\\Http\\Request))
#47 D:\\laragon\\www\\maizi\\vendor\\laravel\\framework\\src\\Illuminate\\Routing\\Router.php(549): Illuminate\\Routing\\Router->dispatchToRoute(Object(Illuminate\\Http\\Request))
#48 D:\\laragon\\www\\maizi\\vendor\\laravel\\framework\\src\\Illuminate\\Foundation\\Http\\Kernel.php(176): Illuminate\\Routing\\Router->dispatch(Object(Illuminate\\Http\\Request))
#49 D:\\laragon\\www\\maizi\\vendor\\laravel\\framework\\src\\Illuminate\\Routing\\Pipeline.php(30): Illuminate\\Foundation\\Http\\Kernel->Illuminate\\Foundation\\Http\\{closure}(Object(Illuminate\\Http\\Request))
#50 D:\\laragon\\www\\maizi\\vendor\\fideloper\\proxy\\src\\TrustProxies.php(56): Illuminate\\Routing\\Pipeline->Illuminate\\Routing\\{closure}(Object(Illuminate\\Http\\Request))
#51 D:\\laragon\\www\\maizi\\vendor\\laravel\\framework\\src\\Illuminate\\Pipeline\\Pipeline.php(149): Fideloper\\Proxy\\TrustProxies->handle(Object(Illuminate\\Http\\Request), Object(Closure))
#52 D:\\laragon\\www\\maizi\\vendor\\laravel\\framework\\src\\Illuminate\\Routing\\Pipeline.php(53): Illuminate\\Pipeline\\Pipeline->Illuminate\\Pipeline\\{closure}(Object(Illuminate\\Http\\Request))
#53 D:\\laragon\\www\\maizi\\vendor\\laravel\\framework\\src\\Illuminate\\Foundation\\Http\\Middleware\\TransformsRequest.php(30): Illuminate\\Routing\\Pipeline->Illuminate\\Routing\\{closure}(Object(Illuminate\\Http\\Request))
#54 D:\\laragon\\www\\maizi\\vendor\\laravel\\framework\\src\\Illuminate\\Pipeline\\Pipeline.php(149): Illuminate\\Foundation\\Http\\Middleware\\TransformsRequest->handle(Object(Illuminate\\Http\\Request), Object(Closure))
#55 D:\\laragon\\www\\maizi\\vendor\\laravel\\framework\\src\\Illuminate\\Routing\\Pipeline.php(53): Illuminate\\Pipeline\\Pipeline->Illuminate\\Pipeline\\{closure}(Object(Illuminate\\Http\\Request))
#56 D:\\laragon\\www\\maizi\\vendor\\laravel\\framework\\src\\Illuminate\\Foundation\\Http\\Middleware\\TransformsRequest.php(30): Illuminate\\Routing\\Pipeline->Illuminate\\Routing\\{closure}(Object(Illuminate\\Http\\Request))
#57 D:\\laragon\\www\\maizi\\vendor\\laravel\\framework\\src\\Illuminate\\Pipeline\\Pipeline.php(149): Illuminate\\Foundation\\Http\\Middleware\\TransformsRequest->handle(Object(Illuminate\\Http\\Request), Object(Closure))
#58 D:\\laragon\\www\\maizi\\vendor\\laravel\\framework\\src\\Illuminate\\Routing\\Pipeline.php(53): Illuminate\\Pipeline\\Pipeline->Illuminate\\Pipeline\\{closure}(Object(Illuminate\\Http\\Request))
#59 D:\\laragon\\www\\maizi\\vendor\\laravel\\framework\\src\\Illuminate\\Foundation\\Http\\Middleware\\ValidatePostSize.php(27): Illuminate\\Routing\\Pipeline->Illuminate\\Routing\\{closure}(Object(Illuminate\\Http\\Request))
#60 D:\\laragon\\www\\maizi\\vendor\\laravel\\framework\\src\\Illuminate\\Pipeline\\Pipeline.php(149): Illuminate\\Foundation\\Http\\Middleware\\ValidatePostSize->handle(Object(Illuminate\\Http\\Request), Object(Closure))
#61 D:\\laragon\\www\\maizi\\vendor\\laravel\\framework\\src\\Illuminate\\Routing\\Pipeline.php(53): Illuminate\\Pipeline\\Pipeline->Illuminate\\Pipeline\\{closure}(Object(Illuminate\\Http\\Request))
#62 D:\\laragon\\www\\maizi\\vendor\\laravel\\framework\\src\\Illuminate\\Foundation\\Http\\Middleware\\CheckForMaintenanceMode.php(46): Illuminate\\Routing\\Pipeline->Illuminate\\Routing\\{closure}(Object(Illuminate\\Http\\Request))
#63 D:\\laragon\\www\\maizi\\vendor\\laravel\\framework\\src\\Illuminate\\Pipeline\\Pipeline.php(149): Illuminate\\Foundation\\Http\\Middleware\\CheckForMaintenanceMode->handle(Object(Illuminate\\Http\\Request), Object(Closure))
#64 D:\\laragon\\www\\maizi\\vendor\\laravel\\framework\\src\\Illuminate\\Routing\\Pipeline.php(53): Illuminate\\Pipeline\\Pipeline->Illuminate\\Pipeline\\{closure}(Object(Illuminate\\Http\\Request))
#65 D:\\laragon\\www\\maizi\\vendor\\laravel\\framework\\src\\Illuminate\\Pipeline\\Pipeline.php(102): Illuminate\\Routing\\Pipeline->Illuminate\\Routing\\{closure}(Object(Illuminate\\Http\\Request))
#66 D:\\laragon\\www\\maizi\\vendor\\laravel\\framework\\src\\Illuminate\\Foundation\\Http\\Kernel.php(151): Illuminate\\Pipeline\\Pipeline->then(Object(Closure))
#67 D:\\laragon\\www\\maizi\\vendor\\laravel\\framework\\src\\Illuminate\\Foundation\\Http\\Kernel.php(116): Illuminate\\Foundation\\Http\\Kernel->sendRequestThroughRouter(Object(Illuminate\\Http\\Request))
#68 D:\\laragon\\www\\maizi\\public\\index.php(55): Illuminate\\Foundation\\Http\\Kernel->handle(Object(Illuminate\\Http\\Request))
#69 {main}
"} 
[2018-12-02 14:57:58] local.DEBUG: OSS config: {"driver":"oss","access_id":"LTAIUJH7IhEgWVqf","access_key":"GaIrHmqV5y1mzv4W3Rcdiiwm8MPRgt","bucket":"wheat-space","endpoint":"oss-cn-hangzhou.aliyuncs.com","ssl":false,"isCName":false,"debug":true} 
[2018-12-02 14:57:58] local.ERROR: Class 'Symfony\Component\Filesystem\Exception\FileNotFoundException' not found (View: D:\laragon\www\maizi\resources\views\admin\partials\header.blade.php) (View: D:\laragon\www\maizi\resources\views\admin\partials\header.blade.php) (View: D:\laragon\www\maizi\resources\views\admin\partials\header.blade.php) {"exception":"[object] (ErrorException(code: 0): Class 'Symfony\\Component\\Filesystem\\Exception\\FileNotFoundException' not found (View: D:\\laragon\\www\\maizi\esources\\views\\admin\\partials\\header.blade.php) (View: D:\\laragon\\www\\maizi\esources\\views\\admin\\partials\\header.blade.php) (View: D:\\laragon\\www\\maizi\esources\\views\\admin\\partials\\header.blade.php) at D:\\laragon\\www\\maizi\\vendor\\jacobcyl\\ali-oss-storage\\src\\AliOssAdapter.php:570, ErrorException(code: 0): Class 'Symfony\\Component\\Filesystem\\Exception\\FileNotFoundException' not found (View: D:\\laragon\\www\\maizi\esources\\views\\admin\\partials\\header.blade.php) (View: D:\\laragon\\www\\maizi\esources\\views\\admin\\partials\\header.blade.php) at D:\\laragon\\www\\maizi\\vendor\\jacobcyl\\ali-oss-storage\\src\\AliOssAdapter.php:570, ErrorException(code: 0): Class 'Symfony\\Component\\Filesystem\\Exception\\FileNotFoundException' not found (View: D:\\laragon\\www\\maizi\esources\\views\\admin\\partials\\header.blade.php) at D:\\laragon\\www\\maizi\\vendor\\jacobcyl\\ali-oss-storage\\src\\AliOssAdapter.php:570, Symfony\\Component\\Debug\\Exception\\FatalThrowableError(code: 0): Class 'Symfony\\Component\\Filesystem\\Exception\\FileNotFoundException' not found at D:\\laragon\\www\\maizi\\vendor\\jacobcyl\\ali-oss-storage\\src\\AliOssAdapter.php:570)
[stacktrace]
#0 D:\\laragon\\www\\maizi\\vendor\\laravel\\framework\\src\\Illuminate\\View\\Engines\\PhpEngine.php(45): Illuminate\\View\\Engines\\CompilerEngine->handleViewException(Object(ErrorException), 1)
#1 D:\\laragon\\www\\maizi\\vendor\\laravel\\framework\\src\\Illuminate\\View\\Engines\\CompilerEngine.php(59): Illuminate\\View\\Engines\\PhpEngine->evaluatePath('D:\\\\laragon\\\\www\\\\...', Array)
#2 D:\\laragon\\www\\maizi\\vendor\\laravel\\framework\\src\\Illuminate\\View\\View.php(137): Illuminate\\View\\Engines\\CompilerEngine->get('D:\\\\laragon\\\\www\\\\...', Array)
#3 D:\\laragon\\www\\maizi\\vendor\\laravel\\framework\\src\\Illuminate\\View\\View.php(120): Illuminate\\View\\View->getContents()
#4 D:\\laragon\\www\\maizi\\vendor\\laravel\\framework\\src\\Illuminate\\View\\View.php(85): Illuminate\\View\\View->renderContents()
#5 D:\\laragon\\www\\maizi\\vendor\\encore\\laravel-admin\\src\\Layout\\Content.php(206): Illuminate\\View\\View->render()
#6 D:\\laragon\\www\\maizi\\vendor\\laravel\\framework\\src\\Illuminate\\Http\\Response.php(39): Encore\\Admin\\Layout\\Content->render()
#7 D:\\laragon\\www\\maizi\\vendor\\symfony\\http-foundation\\Response.php(201): Illuminate\\Http\\Response->setContent(Object(Encore\\Admin\\Layout\\Content))
#8 D:\\laragon\\www\\maizi\\vendor\\laravel\\framework\\src\\Illuminate\\Routing\\Router.php(664): Symfony\\Component\\HttpFoundation\\Response->__construct(Object(Encore\\Admin\\Layout\\Content))
#9 D:\\laragon\\www\\maizi\\vendor\\laravel\\framework\\src\\Illuminate\\Routing\\Router.php(610): Illuminate\\Routing\\Router::prepareResponse(Object(Illuminate\\Http\\Request), Object(Encore\\Admin\\Layout\\Content))
#10 D:\\laragon\\www\\maizi\\vendor\\laravel\\framework\\src\\Illuminate\\Routing\\Pipeline.php(30): Illuminate\\Routing\\Router->Illuminate\\Routing\\{closure}(Object(Illuminate\\Http\\Request))
#11 D:\\laragon\\www\\maizi\\vendor\\encore\\laravel-admin\\src\\Middleware\\Permission.php(42): Illuminate\\Routing\\Pipeline->Illuminate\\Routing\\{closure}(Object(Illuminate\\Http\\Request))
#12 D:\\laragon\\www\\maizi\\vendor\\laravel\\framework\\src\\Illuminate\\Pipeline\\Pipeline.php(149): Encore\\Admin\\Middleware\\Permission->handle(Object(Illuminate\\Http\\Request), Object(Closure))
#13 D:\\laragon\\www\\maizi\\vendor\\laravel\\framework\\src\\Illuminate\\Routing\\Pipeline.php(53): Illuminate\\Pipeline\\Pipeline->Illuminate\\Pipeline\\{closure}(Object(Illuminate\\Http\\Request))
#14 D:\\laragon\\www\\maizi\\vendor\\encore\\laravel-admin\\src\\Middleware\\Bootstrap.php(23): Illuminate\\Routing\\Pipeline->Illuminate\\Routing\\{closure}(Object(Illuminate\\Http\\Request))
#15 D:\\laragon\\www\\maizi\\vendor\\laravel\\framework\\src\\Illuminate\\Pipeline\\Pipeline.php(149): Encore\\Admin\\Middleware\\Bootstrap->handle(Object(Illuminate\\Http\\Request), Object(Closure))
#16 D:\\laragon\\www\\maizi\\vendor\\laravel\\framework\\src\\Illuminate\\Routing\\Pipeline.php(53): Illuminate\\Pipeline\\Pipeline->Illuminate\\Pipeline\\{closure}(Object(Illuminate\\Http\\Request))
#17 D:\\laragon\\www\\maizi\\vendor\\encore\\laravel-admin\\src\\Middleware\\LogOperation.php(34): Illuminate\\Routing\\Pipeline->Illuminate\\Routing\\{closure}(Object(Illuminate\\Http\\Request))
#18 D:\\laragon\\www\\maizi\\vendor\\laravel\\framework\\src\\Illuminate\\Pipeline\\Pipeline.php(149): Encore\\Admin\\Middleware\\LogOperation->handle(Object(Illuminate\\Http\\Request), Object(Closure))
#19 D:\\laragon\\www\\maizi\\vendor\\laravel\\framework\\src\\Illuminate\\Routing\\Pipeline.php(53): Illuminate\\Pipeline\\Pipeline->Illuminate\\Pipeline\\{closure}(Object(Illuminate\\Http\\Request))
#20 D:\\laragon\\www\\maizi\\vendor\\encore\\laravel-admin\\src\\Middleware\\Pjax.php(24): Illuminate\\Routing\\Pipeline->Illuminate\\Routing\\{closure}(Object(Illuminate\\Http\\Request))
#21 D:\\laragon\\www\\maizi\\vendor\\laravel\\framework\\src\\Illuminate\\Pipeline\\Pipeline.php(149): Encore\\Admin\\Middleware\\Pjax->handle(Object(Illuminate\\Http\\Request), Object(Closure))
#22 D:\\laragon\\www\\maizi\\vendor\\laravel\\framework\\src\\Illuminate\\Routing\\Pipeline.php(53): Illuminate\\Pipeline\\Pipeline->Illuminate\\Pipeline\\{closure}(Object(Illuminate\\Http\\Request))
#23 D:\\laragon\\www\\maizi\\vendor\\encore\\laravel-admin\\src\\Middleware\\Authenticate.php(25): Illuminate\\Routing\\Pipeline->Illuminate\\Routing\\{closure}(Object(Illuminate\\Http\\Request))
#24 D:\\laragon\\www\\maizi\\vendor\\laravel\\framework\\src\\Illuminate\\Pipeline\\Pipeline.php(149): Encore\\Admin\\Middleware\\Authenticate->handle(Object(Illuminate\\Http\\Request), Object(Closure))
#25 D:\\laragon\\www\\maizi\\vendor\\laravel\\framework\\src\\Illuminate\\Routing\\Pipeline.php(53): Illuminate\\Pipeline\\Pipeline->Illuminate\\Pipeline\\{closure}(Object(Illuminate\\Http\\Request))
#26 D:\\laragon\\www\\maizi\\vendor\\laravel\\framework\\src\\Illuminate\\Routing\\Middleware\\SubstituteBindings.php(41): Illuminate\\Routing\\Pipeline->Illuminate\\Routing\\{closure}(Object(Illuminate\\Http\\Request))
#27 D:\\laragon\\www\\maizi\\vendor\\laravel\\framework\\src\\Illuminate\\Pipeline\\Pipeline.php(149): Illuminate\\Routing\\Middleware\\SubstituteBindings->handle(Object(Illuminate\\Http\\Request), Object(Closure))
#28 D:\\laragon\\www\\maizi\\vendor\\laravel\\framework\\src\\Illuminate\\Routing\\Pipeline.php(53): Illuminate\\Pipeline\\Pipeline->Illuminate\\Pipeline\\{closure}(Object(Illuminate\\Http\\Request))
#29 D:\\laragon\\www\\maizi\\vendor\\laravel\\framework\\src\\Illuminate\\Foundation\\Http\\Middleware\\VerifyCsrfToken.php(67): Illuminate\\Routing\\Pipeline->Illuminate\\Routing\\{closure}(Object(Illuminate\\Http\\Request))
#30 D:\\laragon\\www\\maizi\\vendor\\laravel\\framework\\src\\Illuminate\\Pipeline\\Pipeline.php(149): Illuminate\\Foundation\\Http\\Middleware\\VerifyCsrfToken->handle(Object(Illuminate\\Http\\Request), Object(Closure))
#31 D:\\laragon\\www\\maizi\\vendor\\laravel\\framework\\src\\Illuminate\\Routing\\Pipeline.php(53): Illuminate\\Pipeline\\Pipeline->Illuminate\\Pipeline\\{closure}(Object(Illuminate\\Http\\Request))
#32 D:\\laragon\\www\\maizi\\vendor\\laravel\\framework\\src\\Illuminate\\View\\Middleware\\ShareErrorsFromSession.php(49): Illuminate\\Routing\\Pipeline->Illuminate\\Routing\\{closure}(Object(Illuminate\\Http\\Request))
#33 D:\\laragon\\www\\maizi\\vendor\\laravel\\framework\\src\\Illuminate\\Pipeline\\Pipeline.php(149): Illuminate\\View\\Middleware\\ShareErrorsFromSession->handle(Object(Illuminate\\Http\\Request), Object(Closure))
#34 D:\\laragon\\www\\maizi\\vendor\\laravel\\framework\\src\\Illuminate\\Routing\\Pipeline.php(53): Illuminate\\Pipeline\\Pipeline->Illuminate\\Pipeline\\{closure}(Object(Illuminate\\Http\\Request))
#35 D:\\laragon\\www\\maizi\\vendor\\laravel\\framework\\src\\Illuminate\\Session\\Middleware\\StartSession.php(63): Illuminate\\Routing\\Pipeline->Illuminate\\Routing\\{closure}(Object(Illuminate\\Http\\Request))
#36 D:\\laragon\\www\\maizi\\vendor\\laravel\\framework\\src\\Illuminate\\Pipeline\\Pipeline.php(149): Illuminate\\Session\\Middleware\\StartSession->handle(Object(Illuminate\\Http\\Request), Object(Closure))
#37 D:\\laragon\\www\\maizi\\vendor\\laravel\\framework\\src\\Illuminate\\Routing\\Pipeline.php(53): Illuminate\\Pipeline\\Pipeline->Illuminate\\Pipeline\\{closure}(Object(Illuminate\\Http\\Request))
#38 D:\\laragon\\www\\maizi\\vendor\\laravel\\framework\\src\\Illuminate\\Cookie\\Middleware\\AddQueuedCookiesToResponse.php(37): Illuminate\\Routing\\Pipeline->Illuminate\\Routing\\{closure}(Object(Illuminate\\Http\\Request))
#39 D:\\laragon\\www\\maizi\\vendor\\laravel\\framework\\src\\Illuminate\\Pipeline\\Pipeline.php(149): Illuminate\\Cookie\\Middleware\\AddQueuedCookiesToResponse->handle(Object(Illuminate\\Http\\Request), Object(Closure))
#40 D:\\laragon\\www\\maizi\\vendor\\laravel\\framework\\src\\Illuminate\\Routing\\Pipeline.php(53): Illuminate\\Pipeline\\Pipeline->Illuminate\\Pipeline\\{closure}(Object(Illuminate\\Http\\Request))
#41 D:\\laragon\\www\\maizi\\vendor\\laravel\\framework\\src\\Illuminate\\Cookie\\Middleware\\EncryptCookies.php(59): Illuminate\\Routing\\Pipeline->Illuminate\\Routing\\{closure}(Object(Illuminate\\Http\\Request))
#42 D:\\laragon\\www\\maizi\\vendor\\laravel\\framework\\src\\Illuminate\\Pipeline\\Pipeline.php(149): Illuminate\\Cookie\\Middleware\\EncryptCookies->handle(Object(Illuminate\\Http\\Request), Object(Closure))
#43 D:\\laragon\\www\\maizi\\vendor\\laravel\\framework\\src\\Illuminate\\Routing\\Pipeline.php(53): Illuminate\\Pipeline\\Pipeline->Illuminate\\Pipeline\\{closure}(Object(Illuminate\\Http\\Request))
#44 D:\\laragon\\www\\maizi\\vendor\\laravel\\framework\\src\\Illuminate\\Pipeline\\Pipeline.php(102): Illuminate\\Routing\\Pipeline->Illuminate\\Routing\\{closure}(Object(Illuminate\\Http\\Request))
#45 D:\\laragon\\www\\maizi\\vendor\\laravel\\framework\\src\\Illuminate\\Routing\\Router.php(612): Illuminate\\Pipeline\\Pipeline->then(Object(Closure))
#46 D:\\laragon\\www\\maizi\\vendor\\laravel\\framework\\src\\Illuminate\\Routing\\Router.php(571): Illuminate\\Routing\\Router->runRouteWithinStack(Object(Illuminate\\Routing\\Route), Object(Illuminate\\Http\\Request))
#47 D:\\laragon\\www\\maizi\\vendor\\laravel\\framework\\src\\Illuminate\\Routing\\Router.php(549): Illuminate\\Routing\\Router->dispatchToRoute(Object(Illuminate\\Http\\Request))
#48 D:\\laragon\\www\\maizi\\vendor\\laravel\\framework\\src\\Illuminate\\Foundation\\Http\\Kernel.php(176): Illuminate\\Routing\\Router->dispatch(Object(Illuminate\\Http\\Request))
#49 D:\\laragon\\www\\maizi\\vendor\\laravel\\framework\\src\\Illuminate\\Routing\\Pipeline.php(30): Illuminate\\Foundation\\Http\\Kernel->Illuminate\\Foundation\\Http\\{closure}(Object(Illuminate\\Http\\Request))
#50 D:\\laragon\\www\\maizi\\vendor\\fideloper\\proxy\\src\\TrustProxies.php(56): Illuminate\\Routing\\Pipeline->Illuminate\\Routing\\{closure}(Object(Illuminate\\Http\\Request))
#51 D:\\laragon\\www\\maizi\\vendor\\laravel\\framework\\src\\Illuminate\\Pipeline\\Pipeline.php(149): Fideloper\\Proxy\\TrustProxies->handle(Object(Illuminate\\Http\\Request), Object(Closure))
#52 D:\\laragon\\www\\maizi\\vendor\\laravel\\framework\\src\\Illuminate\\Routing\\Pipeline.php(53): Illuminate\\Pipeline\\Pipeline->Illuminate\\Pipeline\\{closure}(Object(Illuminate\\Http\\Request))
#53 D:\\laragon\\www\\maizi\\vendor\\laravel\\framework\\src\\Illuminate\\Foundation\\Http\\Middleware\\TransformsRequest.php(30): Illuminate\\Routing\\Pipeline->Illuminate\\Routing\\{closure}(Object(Illuminate\\Http\\Request))
#54 D:\\laragon\\www\\maizi\\vendor\\laravel\\framework\\src\\Illuminate\\Pipeline\\Pipeline.php(149): Illuminate\\Foundation\\Http\\Middleware\\TransformsRequest->handle(Object(Illuminate\\Http\\Request), Object(Closure))
#55 D:\\laragon\\www\\maizi\\vendor\\laravel\\framework\\src\\Illuminate\\Routing\\Pipeline.php(53): Illuminate\\Pipeline\\Pipeline->Illuminate\\Pipeline\\{closure}(Object(Illuminate\\Http\\Request))
#56 D:\\laragon\\www\\maizi\\vendor\\laravel\\framework\\src\\Illuminate\\Foundation\\Http\\Middleware\\TransformsRequest.php(30): Illuminate\\Routing\\Pipeline->Illuminate\\Routing\\{closure}(Object(Illuminate\\Http\\Request))
#57 D:\\laragon\\www\\maizi\\vendor\\laravel\\framework\\src\\Illuminate\\Pipeline\\Pipeline.php(149): Illuminate\\Foundation\\Http\\Middleware\\TransformsRequest->handle(Object(Illuminate\\Http\\Request), Object(Closure))
#58 D:\\laragon\\www\\maizi\\vendor\\laravel\\framework\\src\\Illuminate\\Routing\\Pipeline.php(53): Illuminate\\Pipeline\\Pipeline->Illuminate\\Pipeline\\{closure}(Object(Illuminate\\Http\\Request))
#59 D:\\laragon\\www\\maizi\\vendor\\laravel\\framework\\src\\Illuminate\\Foundation\\Http\\Middleware\\ValidatePostSize.php(27): Illuminate\\Routing\\Pipeline->Illuminate\\Routing\\{closure}(Object(Illuminate\\Http\\Request))
#60 D:\\laragon\\www\\maizi\\vendor\\laravel\\framework\\src\\Illuminate\\Pipeline\\Pipeline.php(149): Illuminate\\Foundation\\Http\\Middleware\\ValidatePostSize->handle(Object(Illuminate\\Http\\Request), Object(Closure))
#61 D:\\laragon\\www\\maizi\\vendor\\laravel\\framework\\src\\Illuminate\\Routing\\Pipeline.php(53): Illuminate\\Pipeline\\Pipeline->Illuminate\\Pipeline\\{closure}(Object(Illuminate\\Http\\Request))
#62 D:\\laragon\\www\\maizi\\vendor\\laravel\\framework\\src\\Illuminate\\Foundation\\Http\\Middleware\\CheckForMaintenanceMode.php(46): Illuminate\\Routing\\Pipeline->Illuminate\\Routing\\{closure}(Object(Illuminate\\Http\\Request))
#63 D:\\laragon\\www\\maizi\\vendor\\laravel\\framework\\src\\Illuminate\\Pipeline\\Pipeline.php(149): Illuminate\\Foundation\\Http\\Middleware\\CheckForMaintenanceMode->handle(Object(Illuminate\\Http\\Request), Object(Closure))
#64 D:\\laragon\\www\\maizi\\vendor\\laravel\\framework\\src\\Illuminate\\Routing\\Pipeline.php(53): Illuminate\\Pipeline\\Pipeline->Illuminate\\Pipeline\\{closure}(Object(Illuminate\\Http\\Request))
#65 D:\\laragon\\www\\maizi\\vendor\\laravel\\framework\\src\\Illuminate\\Pipeline\\Pipeline.php(102): Illuminate\\Routing\\Pipeline->Illuminate\\Routing\\{closure}(Object(Illuminate\\Http\\Request))
#66 D:\\laragon\\www\\maizi\\vendor\\laravel\\framework\\src\\Illuminate\\Foundation\\Http\\Kernel.php(151): Illuminate\\Pipeline\\Pipeline->then(Object(Closure))
#67 D:\\laragon\\www\\maizi\\vendor\\laravel\\framework\\src\\Illuminate\\Foundation\\Http\\Kernel.php(116): Illuminate\\Foundation\\Http\\Kernel->sendRequestThroughRouter(Object(Illuminate\\Http\\Request))
#68 D:\\laragon\\www\\maizi\\public\\index.php(55): Illuminate\\Foundation\\Http\\Kernel->handle(Object(Illuminate\\Http\\Request))
#69 {main}
"} 
[2018-12-02 14:58:07] local.DEBUG: OSS config: {"driver":"oss","access_id":"LTAIUJH7IhEgWVqf","access_key":"GaIrHmqV5y1mzv4W3Rcdiiwm8MPRgt","bucket":"wheat-space","endpoint":"oss-cn-hangzhou.aliyuncs.com","ssl":false,"isCName":false,"debug":true} 
[2018-12-02 14:58:07] local.ERROR: Class 'Symfony\Component\Filesystem\Exception\FileNotFoundException' not found (View: D:\laragon\www\maizi\resources\views\admin\partials\header.blade.php) (View: D:\laragon\www\maizi\resources\views\admin\partials\header.blade.php) (View: D:\laragon\www\maizi\resources\views\admin\partials\header.blade.php) {"exception":"[object] (ErrorException(code: 0): Class 'Symfony\\Component\\Filesystem\\Exception\\FileNotFoundException' not found (View: D:\\laragon\\www\\maizi\esources\\views\\admin\\partials\\header.blade.php) (View: D:\\laragon\\www\\maizi\esources\\views\\admin\\partials\\header.blade.php) (View: D:\\laragon\\www\\maizi\esources\\views\\admin\\partials\\header.blade.php) at D:\\laragon\\www\\maizi\\vendor\\jacobcyl\\ali-oss-storage\\src\\AliOssAdapter.php:570, ErrorException(code: 0): Class 'Symfony\\Component\\Filesystem\\Exception\\FileNotFoundException' not found (View: D:\\laragon\\www\\maizi\esources\\views\\admin\\partials\\header.blade.php) (View: D:\\laragon\\www\\maizi\esources\\views\\admin\\partials\\header.blade.php) at D:\\laragon\\www\\maizi\\vendor\\jacobcyl\\ali-oss-storage\\src\\AliOssAdapter.php:570, ErrorException(code: 0): Class 'Symfony\\Component\\Filesystem\\Exception\\FileNotFoundException' not found (View: D:\\laragon\\www\\maizi\esources\\views\\admin\\partials\\header.blade.php) at D:\\laragon\\www\\maizi\\vendor\\jacobcyl\\ali-oss-storage\\src\\AliOssAdapter.php:570, Symfony\\Component\\Debug\\Exception\\FatalThrowableError(code: 0): Class 'Symfony\\Component\\Filesystem\\Exception\\FileNotFoundException' not found at D:\\laragon\\www\\maizi\\vendor\\jacobcyl\\ali-oss-storage\\src\\AliOssAdapter.php:570)
[stacktrace]
#0 D:\\laragon\\www\\maizi\\vendor\\laravel\\framework\\src\\Illuminate\\View\\Engines\\PhpEngine.php(45): Illuminate\\View\\Engines\\CompilerEngine->handleViewException(Object(ErrorException), 1)
#1 D:\\laragon\\www\\maizi\\vendor\\laravel\\framework\\src\\Illuminate\\View\\Engines\\CompilerEngine.php(59): Illuminate\\View\\Engines\\PhpEngine->evaluatePath('D:\\\\laragon\\\\www\\\\...', Array)
#2 D:\\laragon\\www\\maizi\\vendor\\laravel\\framework\\src\\Illuminate\\View\\View.php(137): Illuminate\\View\\Engines\\CompilerEngine->get('D:\\\\laragon\\\\www\\\\...', Array)
#3 D:\\laragon\\www\\maizi\\vendor\\laravel\\framework\\src\\Illuminate\\View\\View.php(120): Illuminate\\View\\View->getContents()
#4 D:\\laragon\\www\\maizi\\vendor\\laravel\\framework\\src\\Illuminate\\View\\View.php(85): Illuminate\\View\\View->renderContents()
#5 D:\\laragon\\www\\maizi\\vendor\\encore\\laravel-admin\\src\\Layout\\Content.php(206): Illuminate\\View\\View->render()
#6 D:\\laragon\\www\\maizi\\vendor\\laravel\\framework\\src\\Illuminate\\Http\\Response.php(39): Encore\\Admin\\Layout\\Content->render()
#7 D:\\laragon\\www\\maizi\\vendor\\symfony\\http-foundation\\Response.php(201): Illuminate\\Http\\Response->setContent(Object(Encore\\Admin\\Layout\\Content))
#8 D:\\laragon\\www\\maizi\\vendor\\laravel\\framework\\src\\Illuminate\\Routing\\Router.php(664): Symfony\\Component\\HttpFoundation\\Response->__construct(Object(Encore\\Admin\\Layout\\Content))
#9 D:\\laragon\\www\\maizi\\vendor\\laravel\\framework\\src\\Illuminate\\Routing\\Router.php(610): Illuminate\\Routing\\Router::prepareResponse(Object(Illuminate\\Http\\Request), Object(Encore\\Admin\\Layout\\Content))
#10 D:\\laragon\\www\\maizi\\vendor\\laravel\\framework\\src\\Illuminate\\Routing\\Pipeline.php(30): Illuminate\\Routing\\Router->Illuminate\\Routing\\{closure}(Object(Illuminate\\Http\\Request))
#11 D:\\laragon\\www\\maizi\\vendor\\encore\\laravel-admin\\src\\Middleware\\Permission.php(42): Illuminate\\Routing\\Pipeline->Illuminate\\Routing\\{closure}(Object(Illuminate\\Http\\Request))
#12 D:\\laragon\\www\\maizi\\vendor\\laravel\\framework\\src\\Illuminate\\Pipeline\\Pipeline.php(149): Encore\\Admin\\Middleware\\Permission->handle(Object(Illuminate\\Http\\Request), Object(Closure))
#13 D:\\laragon\\www\\maizi\\vendor\\laravel\\framework\\src\\Illuminate\\Routing\\Pipeline.php(53): Illuminate\\Pipeline\\Pipeline->Illuminate\\Pipeline\\{closure}(Object(Illuminate\\Http\\Request))
#14 D:\\laragon\\www\\maizi\\vendor\\encore\\laravel-admin\\src\\Middleware\\Bootstrap.php(23): Illuminate\\Routing\\Pipeline->Illuminate\\Routing\\{closure}(Object(Illuminate\\Http\\Request))
#15 D:\\laragon\\www\\maizi\\vendor\\laravel\\framework\\src\\Illuminate\\Pipeline\\Pipeline.php(149): Encore\\Admin\\Middleware\\Bootstrap->handle(Object(Illuminate\\Http\\Request), Object(Closure))
#16 D:\\laragon\\www\\maizi\\vendor\\laravel\\framework\\src\\Illuminate\\Routing\\Pipeline.php(53): Illuminate\\Pipeline\\Pipeline->Illuminate\\Pipeline\\{closure}(Object(Illuminate\\Http\\Request))
#17 D:\\laragon\\www\\maizi\\vendor\\encore\\laravel-admin\\src\\Middleware\\LogOperation.php(34): Illuminate\\Routing\\Pipeline->Illuminate\\Routing\\{closure}(Object(Illuminate\\Http\\Request))
#18 D:\\laragon\\www\\maizi\\vendor\\laravel\\framework\\src\\Illuminate\\Pipeline\\Pipeline.php(149): Encore\\Admin\\Middleware\\LogOperation->handle(Object(Illuminate\\Http\\Request), Object(Closure))
#19 D:\\laragon\\www\\maizi\\vendor\\laravel\\framework\\src\\Illuminate\\Routing\\Pipeline.php(53): Illuminate\\Pipeline\\Pipeline->Illuminate\\Pipeline\\{closure}(Object(Illuminate\\Http\\Request))
#20 D:\\laragon\\www\\maizi\\vendor\\encore\\laravel-admin\\src\\Middleware\\Pjax.php(24): Illuminate\\Routing\\Pipeline->Illuminate\\Routing\\{closure}(Object(Illuminate\\Http\\Request))
#21 D:\\laragon\\www\\maizi\\vendor\\laravel\\framework\\src\\Illuminate\\Pipeline\\Pipeline.php(149): Encore\\Admin\\Middleware\\Pjax->handle(Object(Illuminate\\Http\\Request), Object(Closure))
#22 D:\\laragon\\www\\maizi\\vendor\\laravel\\framework\\src\\Illuminate\\Routing\\Pipeline.php(53): Illuminate\\Pipeline\\Pipeline->Illuminate\\Pipeline\\{closure}(Object(Illuminate\\Http\\Request))
#23 D:\\laragon\\www\\maizi\\vendor\\encore\\laravel-admin\\src\\Middleware\\Authenticate.php(25): Illuminate\\Routing\\Pipeline->Illuminate\\Routing\\{closure}(Object(Illuminate\\Http\\Request))
#24 D:\\laragon\\www\\maizi\\vendor\\laravel\\framework\\src\\Illuminate\\Pipeline\\Pipeline.php(149): Encore\\Admin\\Middleware\\Authenticate->handle(Object(Illuminate\\Http\\Request), Object(Closure))
#25 D:\\laragon\\www\\maizi\\vendor\\laravel\\framework\\src\\Illuminate\\Routing\\Pipeline.php(53): Illuminate\\Pipeline\\Pipeline->Illuminate\\Pipeline\\{closure}(Object(Illuminate\\Http\\Request))
#26 D:\\laragon\\www\\maizi\\vendor\\laravel\\framework\\src\\Illuminate\\Routing\\Middleware\\SubstituteBindings.php(41): Illuminate\\Routing\\Pipeline->Illuminate\\Routing\\{closure}(Object(Illuminate\\Http\\Request))
#27 D:\\laragon\\www\\maizi\\vendor\\laravel\\framework\\src\\Illuminate\\Pipeline\\Pipeline.php(149): Illuminate\\Routing\\Middleware\\SubstituteBindings->handle(Object(Illuminate\\Http\\Request), Object(Closure))
#28 D:\\laragon\\www\\maizi\\vendor\\laravel\\framework\\src\\Illuminate\\Routing\\Pipeline.php(53): Illuminate\\Pipeline\\Pipeline->Illuminate\\Pipeline\\{closure}(Object(Illuminate\\Http\\Request))
#29 D:\\laragon\\www\\maizi\\vendor\\laravel\\framework\\src\\Illuminate\\Foundation\\Http\\Middleware\\VerifyCsrfToken.php(67): Illuminate\\Routing\\Pipeline->Illuminate\\Routing\\{closure}(Object(Illuminate\\Http\\Request))
#30 D:\\laragon\\www\\maizi\\vendor\\laravel\\framework\\src\\Illuminate\\Pipeline\\Pipeline.php(149): Illuminate\\Foundation\\Http\\Middleware\\VerifyCsrfToken->handle(Object(Illuminate\\Http\\Request), Object(Closure))
#31 D:\\laragon\\www\\maizi\\vendor\\laravel\\framework\\src\\Illuminate\\Routing\\Pipeline.php(53): Illuminate\\Pipeline\\Pipeline->Illuminate\\Pipeline\\{closure}(Object(Illuminate\\Http\\Request))
#32 D:\\laragon\\www\\maizi\\vendor\\laravel\\framework\\src\\Illuminate\\View\\Middleware\\ShareErrorsFromSession.php(49): Illuminate\\Routing\\Pipeline->Illuminate\\Routing\\{closure}(Object(Illuminate\\Http\\Request))
#33 D:\\laragon\\www\\maizi\\vendor\\laravel\\framework\\src\\Illuminate\\Pipeline\\Pipeline.php(149): Illuminate\\View\\Middleware\\ShareErrorsFromSession->handle(Object(Illuminate\\Http\\Request), Object(Closure))
#34 D:\\laragon\\www\\maizi\\vendor\\laravel\\framework\\src\\Illuminate\\Routing\\Pipeline.php(53): Illuminate\\Pipeline\\Pipeline->Illuminate\\Pipeline\\{closure}(Object(Illuminate\\Http\\Request))
#35 D:\\laragon\\www\\maizi\\vendor\\laravel\\framework\\src\\Illuminate\\Session\\Middleware\\StartSession.php(63): Illuminate\\Routing\\Pipeline->Illuminate\\Routing\\{closure}(Object(Illuminate\\Http\\Request))
#36 D:\\laragon\\www\\maizi\\vendor\\laravel\\framework\\src\\Illuminate\\Pipeline\\Pipeline.php(149): Illuminate\\Session\\Middleware\\StartSession->handle(Object(Illuminate\\Http\\Request), Object(Closure))
#37 D:\\laragon\\www\\maizi\\vendor\\laravel\\framework\\src\\Illuminate\\Routing\\Pipeline.php(53): Illuminate\\Pipeline\\Pipeline->Illuminate\\Pipeline\\{closure}(Object(Illuminate\\Http\\Request))
#38 D:\\laragon\\www\\maizi\\vendor\\laravel\\framework\\src\\Illuminate\\Cookie\\Middleware\\AddQueuedCookiesToResponse.php(37): Illuminate\\Routing\\Pipeline->Illuminate\\Routing\\{closure}(Object(Illuminate\\Http\\Request))
#39 D:\\laragon\\www\\maizi\\vendor\\laravel\\framework\\src\\Illuminate\\Pipeline\\Pipeline.php(149): Illuminate\\Cookie\\Middleware\\AddQueuedCookiesToResponse->handle(Object(Illuminate\\Http\\Request), Object(Closure))
#40 D:\\laragon\\www\\maizi\\vendor\\laravel\\framework\\src\\Illuminate\\Routing\\Pipeline.php(53): Illuminate\\Pipeline\\Pipeline->Illuminate\\Pipeline\\{closure}(Object(Illuminate\\Http\\Request))
#41 D:\\laragon\\www\\maizi\\vendor\\laravel\\framework\\src\\Illuminate\\Cookie\\Middleware\\EncryptCookies.php(59): Illuminate\\Routing\\Pipeline->Illuminate\\Routing\\{closure}(Object(Illuminate\\Http\\Request))
#42 D:\\laragon\\www\\maizi\\vendor\\laravel\\framework\\src\\Illuminate\\Pipeline\\Pipeline.php(149): Illuminate\\Cookie\\Middleware\\EncryptCookies->handle(Object(Illuminate\\Http\\Request), Object(Closure))
#43 D:\\laragon\\www\\maizi\\vendor\\laravel\\framework\\src\\Illuminate\\Routing\\Pipeline.php(53): Illuminate\\Pipeline\\Pipeline->Illuminate\\Pipeline\\{closure}(Object(Illuminate\\Http\\Request))
#44 D:\\laragon\\www\\maizi\\vendor\\laravel\\framework\\src\\Illuminate\\Pipeline\\Pipeline.php(102): Illuminate\\Routing\\Pipeline->Illuminate\\Routing\\{closure}(Object(Illuminate\\Http\\Request))
#45 D:\\laragon\\www\\maizi\\vendor\\laravel\\framework\\src\\Illuminate\\Routing\\Router.php(612): Illuminate\\Pipeline\\Pipeline->then(Object(Closure))
#46 D:\\laragon\\www\\maizi\\vendor\\laravel\\framework\\src\\Illuminate\\Routing\\Router.php(571): Illuminate\\Routing\\Router->runRouteWithinStack(Object(Illuminate\\Routing\\Route), Object(Illuminate\\Http\\Request))
#47 D:\\laragon\\www\\maizi\\vendor\\laravel\\framework\\src\\Illuminate\\Routing\\Router.php(549): Illuminate\\Routing\\Router->dispatchToRoute(Object(Illuminate\\Http\\Request))
#48 D:\\laragon\\www\\maizi\\vendor\\laravel\\framework\\src\\Illuminate\\Foundation\\Http\\Kernel.php(176): Illuminate\\Routing\\Router->dispatch(Object(Illuminate\\Http\\Request))
#49 D:\\laragon\\www\\maizi\\vendor\\laravel\\framework\\src\\Illuminate\\Routing\\Pipeline.php(30): Illuminate\\Foundation\\Http\\Kernel->Illuminate\\Foundation\\Http\\{closure}(Object(Illuminate\\Http\\Request))
#50 D:\\laragon\\www\\maizi\\vendor\\fideloper\\proxy\\src\\TrustProxies.php(56): Illuminate\\Routing\\Pipeline->Illuminate\\Routing\\{closure}(Object(Illuminate\\Http\\Request))
#51 D:\\laragon\\www\\maizi\\vendor\\laravel\\framework\\src\\Illuminate\\Pipeline\\Pipeline.php(149): Fideloper\\Proxy\\TrustProxies->handle(Object(Illuminate\\Http\\Request), Object(Closure))
#52 D:\\laragon\\www\\maizi\\vendor\\laravel\\framework\\src\\Illuminate\\Routing\\Pipeline.php(53): Illuminate\\Pipeline\\Pipeline->Illuminate\\Pipeline\\{closure}(Object(Illuminate\\Http\\Request))
#53 D:\\laragon\\www\\maizi\\vendor\\laravel\\framework\\src\\Illuminate\\Foundation\\Http\\Middleware\\TransformsRequest.php(30): Illuminate\\Routing\\Pipeline->Illuminate\\Routing\\{closure}(Object(Illuminate\\Http\\Request))
#54 D:\\laragon\\www\\maizi\\vendor\\laravel\\framework\\src\\Illuminate\\Pipeline\\Pipeline.php(149): Illuminate\\Foundation\\Http\\Middleware\\TransformsRequest->handle(Object(Illuminate\\Http\\Request), Object(Closure))
#55 D:\\laragon\\www\\maizi\\vendor\\laravel\\framework\\src\\Illuminate\\Routing\\Pipeline.php(53): Illuminate\\Pipeline\\Pipeline->Illuminate\\Pipeline\\{closure}(Object(Illuminate\\Http\\Request))
#56 D:\\laragon\\www\\maizi\\vendor\\laravel\\framework\\src\\Illuminate\\Foundation\\Http\\Middleware\\TransformsRequest.php(30): Illuminate\\Routing\\Pipeline->Illuminate\\Routing\\{closure}(Object(Illuminate\\Http\\Request))
#57 D:\\laragon\\www\\maizi\\vendor\\laravel\\framework\\src\\Illuminate\\Pipeline\\Pipeline.php(149): Illuminate\\Foundation\\Http\\Middleware\\TransformsRequest->handle(Object(Illuminate\\Http\\Request), Object(Closure))
#58 D:\\laragon\\www\\maizi\\vendor\\laravel\\framework\\src\\Illuminate\\Routing\\Pipeline.php(53): Illuminate\\Pipeline\\Pipeline->Illuminate\\Pipeline\\{closure}(Object(Illuminate\\Http\\Request))
#59 D:\\laragon\\www\\maizi\\vendor\\laravel\\framework\\src\\Illuminate\\Foundation\\Http\\Middleware\\ValidatePostSize.php(27): Illuminate\\Routing\\Pipeline->Illuminate\\Routing\\{closure}(Object(Illuminate\\Http\\Request))
#60 D:\\laragon\\www\\maizi\\vendor\\laravel\\framework\\src\\Illuminate\\Pipeline\\Pipeline.php(149): Illuminate\\Foundation\\Http\\Middleware\\ValidatePostSize->handle(Object(Illuminate\\Http\\Request), Object(Closure))
#61 D:\\laragon\\www\\maizi\\vendor\\laravel\\framework\\src\\Illuminate\\Routing\\Pipeline.php(53): Illuminate\\Pipeline\\Pipeline->Illuminate\\Pipeline\\{closure}(Object(Illuminate\\Http\\Request))
#62 D:\\laragon\\www\\maizi\\vendor\\laravel\\framework\\src\\Illuminate\\Foundation\\Http\\Middleware\\CheckForMaintenanceMode.php(46): Illuminate\\Routing\\Pipeline->Illuminate\\Routing\\{closure}(Object(Illuminate\\Http\\Request))
#63 D:\\laragon\\www\\maizi\\vendor\\laravel\\framework\\src\\Illuminate\\Pipeline\\Pipeline.php(149): Illuminate\\Foundation\\Http\\Middleware\\CheckForMaintenanceMode->handle(Object(Illuminate\\Http\\Request), Object(Closure))
#64 D:\\laragon\\www\\maizi\\vendor\\laravel\\framework\\src\\Illuminate\\Routing\\Pipeline.php(53): Illuminate\\Pipeline\\Pipeline->Illuminate\\Pipeline\\{closure}(Object(Illuminate\\Http\\Request))
#65 D:\\laragon\\www\\maizi\\vendor\\laravel\\framework\\src\\Illuminate\\Pipeline\\Pipeline.php(102): Illuminate\\Routing\\Pipeline->Illuminate\\Routing\\{closure}(Object(Illuminate\\Http\\Request))
#66 D:\\laragon\\www\\maizi\\vendor\\laravel\\framework\\src\\Illuminate\\Foundation\\Http\\Kernel.php(151): Illuminate\\Pipeline\\Pipeline->then(Object(Closure))
#67 D:\\laragon\\www\\maizi\\vendor\\laravel\\framework\\src\\Illuminate\\Foundation\\Http\\Kernel.php(116): Illuminate\\Foundation\\Http\\Kernel->sendRequestThroughRouter(Object(Illuminate\\Http\\Request))
#68 D:\\laragon\\www\\maizi\\public\\index.php(55): Illuminate\\Foundation\\Http\\Kernel->handle(Object(Illuminate\\Http\\Request))
#69 {main}
"} 
[2018-12-02 15:05:28] local.DEBUG: OSS config: {"driver":"oss","access_id":"LTAIUJH7IhEgWVqf","access_key":"GaIrHmqV5y1mzv4W3Rcdiiwm8MPRgt","bucket":"wheat-space","endpoint":"oss-cn-hangzhou.aliyuncs.com","ssl":false,"isCName":false,"debug":true} 
[2018-12-02 15:05:35] local.DEBUG: OSS config: {"driver":"oss","access_id":"LTAIUJH7IhEgWVqf","access_key":"GaIrHmqV5y1mzv4W3Rcdiiwm8MPRgt","bucket":"wheat-space","endpoint":"oss-cn-hangzhou.aliyuncs.com","ssl":false,"isCName":false,"debug":true} 
[2018-12-02 15:05:38] local.DEBUG: OSS config: {"driver":"oss","access_id":"LTAIUJH7IhEgWVqf","access_key":"GaIrHmqV5y1mzv4W3Rcdiiwm8MPRgt","bucket":"wheat-space","endpoint":"oss-cn-hangzhou.aliyuncs.com","ssl":false,"isCName":false,"debug":true} 
[2018-12-02 15:05:42] local.DEBUG: OSS config: {"driver":"oss","access_id":"LTAIUJH7IhEgWVqf","access_key":"GaIrHmqV5y1mzv4W3Rcdiiwm8MPRgt","bucket":"wheat-space","endpoint":"oss-cn-hangzhou.aliyuncs.com","ssl":false,"isCName":false,"debug":true} 
[2018-12-02 15:06:54] local.DEBUG: OSS config: {"driver":"oss","access_id":"LTAIUJH7IhEgWVqf","access_key":"GaIrHmqV5y1mzv4W3Rcdiiwm8MPRgt","bucket":"wheat-space","endpoint":"oss-cn-hangzhou.aliyuncs.com","ssl":false,"isCName":false,"debug":true} 
[2018-12-02 15:06:55] local.DEBUG: OSS config: {"driver":"oss","access_id":"LTAIUJH7IhEgWVqf","access_key":"GaIrHmqV5y1mzv4W3Rcdiiwm8MPRgt","bucket":"wheat-space","endpoint":"oss-cn-hangzhou.aliyuncs.com","ssl":false,"isCName":false,"debug":true} 
[2018-12-02 15:06:59] local.DEBUG: OSS config: {"driver":"oss","access_id":"LTAIUJH7IhEgWVqf","access_key":"GaIrHmqV5y1mzv4W3Rcdiiwm8MPRgt","bucket":"wheat-space","endpoint":"oss-cn-hangzhou.aliyuncs.com","ssl":false,"isCName":false,"debug":true} 
[2018-12-02 15:07:39] local.DEBUG: OSS config: {"driver":"oss","access_id":"LTAIUJH7IhEgWVqf","access_key":"GaIrHmqV5y1mzv4W3Rcdiiwm8MPRgt","bucket":"wheat-space","endpoint":"oss-cn-hangzhou.aliyuncs.com","ssl":false,"isCName":false,"debug":true} 
[2018-12-02 15:07:49] local.DEBUG: OSS config: {"driver":"oss","access_id":"LTAIUJH7IhEgWVqf","access_key":"GaIrHmqV5y1mzv4W3Rcdiiwm8MPRgt","bucket":"wheat-space","endpoint":"oss-cn-hangzhou.aliyuncs.com","ssl":false,"isCName":false,"debug":true} 
[2018-12-02 15:07:50] local.DEBUG: OSS config: {"driver":"oss","access_id":"LTAIUJH7IhEgWVqf","access_key":"GaIrHmqV5y1mzv4W3Rcdiiwm8MPRgt","bucket":"wheat-space","endpoint":"oss-cn-hangzhou.aliyuncs.com","ssl":false,"isCName":false,"debug":true} 
[2018-12-02 15:07:52] local.DEBUG: OSS config: {"driver":"oss","access_id":"LTAIUJH7IhEgWVqf","access_key":"GaIrHmqV5y1mzv4W3Rcdiiwm8MPRgt","bucket":"wheat-space","endpoint":"oss-cn-hangzhou.aliyuncs.com","ssl":false,"isCName":false,"debug":true} 
[2018-12-02 15:07:54] local.DEBUG: OSS config: {"driver":"oss","access_id":"LTAIUJH7IhEgWVqf","access_key":"GaIrHmqV5y1mzv4W3Rcdiiwm8MPRgt","bucket":"wheat-space","endpoint":"oss-cn-hangzhou.aliyuncs.com","ssl":false,"isCName":false,"debug":true} 
[2018-12-02 15:07:55] local.DEBUG: OSS config: {"driver":"oss","access_id":"LTAIUJH7IhEgWVqf","access_key":"GaIrHmqV5y1mzv4W3Rcdiiwm8MPRgt","bucket":"wheat-space","endpoint":"oss-cn-hangzhou.aliyuncs.com","ssl":false,"isCName":false,"debug":true} 
[2018-12-02 15:25:36] local.DEBUG: OSS config: {"driver":"oss","access_id":"LTAIUJH7IhEgWVqf","access_key":"GaIrHmqV5y1mzv4W3Rcdiiwm8MPRgt","bucket":"wheat-space","endpoint":"oss-cn-hangzhou.aliyuncs.com","ssl":false,"isCName":false,"debug":true} 
[2018-12-02 15:25:39] local.DEBUG: OSS config: {"driver":"oss","access_id":"LTAIUJH7IhEgWVqf","access_key":"GaIrHmqV5y1mzv4W3Rcdiiwm8MPRgt","bucket":"wheat-space","endpoint":"oss-cn-hangzhou.aliyuncs.com","ssl":false,"isCName":false,"debug":true} 
[2018-12-02 15:25:46] local.DEBUG: OSS config: {"driver":"oss","access_id":"LTAIUJH7IhEgWVqf","access_key":"GaIrHmqV5y1mzv4W3Rcdiiwm8MPRgt","bucket":"wheat-space","endpoint":"oss-cn-hangzhou.aliyuncs.com","ssl":false,"isCName":false,"debug":true} 
[2018-12-02 15:36:17] local.DEBUG: OSS config: {"driver":"oss","access_id":"LTAIUJH7IhEgWVqf","access_key":"GaIrHmqV5y1mzv4W3Rcdiiwm8MPRgt","bucket":"wheat-space","endpoint":"oss-cn-hangzhou.aliyuncs.com","ssl":false,"isCName":false,"debug":true} 
[2018-12-02 15:36:22] local.DEBUG: OSS config: {"driver":"oss","access_id":"LTAIUJH7IhEgWVqf","access_key":"GaIrHmqV5y1mzv4W3Rcdiiwm8MPRgt","bucket":"wheat-space","endpoint":"oss-cn-hangzhou.aliyuncs.com","ssl":false,"isCName":false,"debug":true} 
[2018-12-02 15:36:23] local.DEBUG: OSS config: {"driver":"oss","access_id":"LTAIUJH7IhEgWVqf","access_key":"GaIrHmqV5y1mzv4W3Rcdiiwm8MPRgt","bucket":"wheat-space","endpoint":"oss-cn-hangzhou.aliyuncs.com","ssl":false,"isCName":false,"debug":true} 
[2018-12-02 15:37:21] local.DEBUG: OSS config: {"driver":"oss","access_id":"LTAIUJH7IhEgWVqf","access_key":"GaIrHmqV5y1mzv4W3Rcdiiwm8MPRgt","bucket":"wheat-space","endpoint":"oss-cn-hangzhou.aliyuncs.com","ssl":false,"isCName":false,"debug":true} 
[2018-12-02 15:38:56] local.DEBUG: OSS config: {"driver":"oss","access_id":"LTAIUJH7IhEgWVqf","access_key":"GaIrHmqV5y1mzv4W3Rcdiiwm8MPRgt","bucket":"wheat-space","endpoint":"oss-cn-hangzhou.aliyuncs.com","ssl":false,"isCName":false,"debug":true} 
[2018-12-02 15:39:01] local.DEBUG: OSS config: {"driver":"oss","access_id":"LTAIUJH7IhEgWVqf","access_key":"GaIrHmqV5y1mzv4W3Rcdiiwm8MPRgt","bucket":"wheat-space","endpoint":"oss-cn-hangzhou.aliyuncs.com","ssl":false,"isCName":false,"debug":true} 
[2018-12-02 15:40:42] local.DEBUG: OSS config: {"driver":"oss","access_id":"LTAIUJH7IhEgWVqf","access_key":"GaIrHmqV5y1mzv4W3Rcdiiwm8MPRgt","bucket":"wheat-space","endpoint":"oss-cn-hangzhou.aliyuncs.com","ssl":false,"isCName":false,"debug":true} 
[2018-12-02 15:41:09] local.DEBUG: OSS config: {"driver":"oss","access_id":"LTAIUJH7IhEgWVqf","access_key":"GaIrHmqV5y1mzv4W3Rcdiiwm8MPRgt","bucket":"wheat-space","endpoint":"oss-cn-hangzhou.aliyuncs.com","ssl":false,"isCName":false,"debug":true} 
[2018-12-02 15:41:10] local.DEBUG: OSS config: {"driver":"oss","access_id":"LTAIUJH7IhEgWVqf","access_key":"GaIrHmqV5y1mzv4W3Rcdiiwm8MPRgt","bucket":"wheat-space","endpoint":"oss-cn-hangzhou.aliyuncs.com","ssl":false,"isCName":false,"debug":true} 
[2018-12-02 15:41:39] local.DEBUG: OSS config: {"driver":"oss","access_id":"LTAIUJH7IhEgWVqf","access_key":"GaIrHmqV5y1mzv4W3Rcdiiwm8MPRgt","bucket":"wheat-space","endpoint":"oss-cn-hangzhou.aliyuncs.com","ssl":false,"isCName":false,"debug":true} 
[2018-12-02 15:42:46] local.DEBUG: OSS config: {"driver":"oss","access_id":"LTAIUJH7IhEgWVqf","access_key":"GaIrHmqV5y1mzv4W3Rcdiiwm8MPRgt","bucket":"wheat-space","endpoint":"oss-cn-hangzhou.aliyuncs.com","ssl":false,"isCName":false,"debug":true} 
[2018-12-02 15:43:07] local.DEBUG: OSS config: {"driver":"oss","access_id":"LTAIUJH7IhEgWVqf","access_key":"GaIrHmqV5y1mzv4W3Rcdiiwm8MPRgt","bucket":"wheat-space","endpoint":"oss-cn-hangzhou.aliyuncs.com","ssl":false,"isCName":false,"debug":true} 
[2018-12-02 15:43:52] local.DEBUG: OSS config: {"driver":"oss","access_id":"LTAIUJH7IhEgWVqf","access_key":"GaIrHmqV5y1mzv4W3Rcdiiwm8MPRgt","bucket":"wheat-space","endpoint":"oss-cn-hangzhou.aliyuncs.com","ssl":false,"isCName":false,"debug":true} 
[2018-12-02 15:43:54] local.DEBUG: OSS config: {"driver":"oss","access_id":"LTAIUJH7IhEgWVqf","access_key":"GaIrHmqV5y1mzv4W3Rcdiiwm8MPRgt","bucket":"wheat-space","endpoint":"oss-cn-hangzhou.aliyuncs.com","ssl":false,"isCName":false,"debug":true} 
