[2018-11-07 21:15:11] local.ERROR: Method Encore\Admin\Grid::__toString() must not throw an exception, caught Error: Call to undefined method Encore\Admin\Grid\Displayers\Actions::disableView() {"exception":"[object] (Symfony\\Component\\Debug\\Exception\\FatalErrorException(code: 1): Method Encore\\Admin\\Grid::__toString() must not throw an exception, caught Error: Call to undefined method Encore\\Admin\\Grid\\Displayers\\Actions::disableView() at D:\\laragon\\www\\maizi\\vendor\\encore\\laravel-admin\\src\\Layout\\Column.php:0)
[stacktrace]
#0 {main}
"} 
[2018-11-07 21:35:51] local.ERROR: Call to a member function value() on null {"exception":"[object] (Symfony\\Component\\Debug\\Exception\\FatalThrowableError(code: 0): Call to a member function value() on null at D:\\laragon\\www\\maizi\\app\\Admin\\Controllers\\QrcodeController.php:130)
[stacktrace]
#0 D:\\laragon\\www\\maizi\\vendor\\encore\\laravel-admin\\src\\Form.php(182): App\\Admin\\Controllers\\QrcodeController->App\\Admin\\Controllers\\{closure}(Object(Encore\\Admin\\Form))
#1 D:\\laragon\\www\\maizi\\vendor\\encore\\laravel-admin\\src\\Admin.php(64): Encore\\Admin\\Form->__construct(Object(App\\Models\\MQrcodeInfo), Object(Closure))
#2 D:\\laragon\\www\\maizi\\vendor\\laravel\\framework\\src\\Illuminate\\Support\\Facades\\Facade.php(221): Encore\\Admin\\Admin->form('App\\\\Models\\\\MQrc...', Object(Closure))
#3 D:\\laragon\\www\\maizi\\app\\Admin\\Controllers\\QrcodeController.php(141): Illuminate\\Support\\Facades\\Facade::__callStatic('form', Array)
#4 D:\\laragon\\www\\maizi\\app\\Admin\\Controllers\\QrcodeController.php(65): App\\Admin\\Controllers\\QrcodeController->form()
#5 D:\\laragon\\www\\maizi\\vendor\\encore\\laravel-admin\\src\\Layout\\Content.php(45): App\\Admin\\Controllers\\QrcodeController->App\\Admin\\Controllers\\{closure}(Object(Encore\\Admin\\Layout\\Content))
#6 D:\\laragon\\www\\maizi\\vendor\\encore\\laravel-admin\\src\\Admin.php(86): Encore\\Admin\\Layout\\Content->__construct(Object(Closure))
#7 D:\\laragon\\www\\maizi\\vendor\\laravel\\framework\\src\\Illuminate\\Support\\Facades\\Facade.php(221): Encore\\Admin\\Admin->content(Object(Closure))
#8 D:\\laragon\\www\\maizi\\app\\Admin\\Controllers\\QrcodeController.php(66): Illuminate\\Support\\Facades\\Facade::__callStatic('content', Array)
#9 [internal function]: App\\Admin\\Controllers\\QrcodeController->create()
#10 D:\\laragon\\www\\maizi\\vendor\\laravel\\framework\\src\\Illuminate\\Routing\\Controller.php(54): call_user_func_array(Array, Array)
#11 D:\\laragon\\www\\maizi\\vendor\\laravel\\framework\\src\\Illuminate\\Routing\\ControllerDispatcher.php(45): Illuminate\\Routing\\Controller->callAction('create', Array)
#12 D:\\laragon\\www\\maizi\\vendor\\laravel\\framework\\src\\Illuminate\\Routing\\Route.php(204): Illuminate\\Routing\\ControllerDispatcher->dispatch(Object(Illuminate\\Routing\\Route), Object(App\\Admin\\Controllers\\QrcodeController), 'create')
#13 D:\\laragon\\www\\maizi\\vendor\\laravel\\framework\\src\\Illuminate\\Routing\\Route.php(161): Illuminate\\Routing\\Route->runController()
#14 D:\\laragon\\www\\maizi\\vendor\\laravel\\framework\\src\\Illuminate\\Routing\\Router.php(610): Illuminate\\Routing\\Route->run()
#15 D:\\laragon\\www\\maizi\\vendor\\laravel\\framework\\src\\Illuminate\\Routing\\Pipeline.php(30): Illuminate\\Routing\\Router->Illuminate\\Routing\\{closure}(Object(Illuminate\\Http\\Request))
#16 D:\\laragon\\www\\maizi\\vendor\\encore\\laravel-admin\\src\\Middleware\\Permission.php(42): Illuminate\\Routing\\Pipeline->Illuminate\\Routing\\{closure}(Object(Illuminate\\Http\\Request))
#17 D:\\laragon\\www\\maizi\\vendor\\laravel\\framework\\src\\Illuminate\\Pipeline\\Pipeline.php(149): Encore\\Admin\\Middleware\\Permission->handle(Object(Illuminate\\Http\\Request), Object(Closure))
#18 D:\\laragon\\www\\maizi\\vendor\\laravel\\framework\\src\\Illuminate\\Routing\\Pipeline.php(53): Illuminate\\Pipeline\\Pipeline->Illuminate\\Pipeline\\{closure}(Object(Illuminate\\Http\\Request))
#19 D:\\laragon\\www\\maizi\\vendor\\encore\\laravel-admin\\src\\Middleware\\Bootstrap.php(23): Illuminate\\Routing\\Pipeline->Illuminate\\Routing\\{closure}(Object(Illuminate\\Http\\Request))
#20 D:\\laragon\\www\\maizi\\vendor\\laravel\\framework\\src\\Illuminate\\Pipeline\\Pipeline.php(149): Encore\\Admin\\Middleware\\Bootstrap->handle(Object(Illuminate\\Http\\Request), Object(Closure))
#21 D:\\laragon\\www\\maizi\\vendor\\laravel\\framework\\src\\Illuminate\\Routing\\Pipeline.php(53): Illuminate\\Pipeline\\Pipeline->Illuminate\\Pipeline\\{closure}(Object(Illuminate\\Http\\Request))
#22 D:\\laragon\\www\\maizi\\vendor\\encore\\laravel-admin\\src\\Middleware\\LogOperation.php(34): Illuminate\\Routing\\Pipeline->Illuminate\\Routing\\{closure}(Object(Illuminate\\Http\\Request))
#23 D:\\laragon\\www\\maizi\\vendor\\laravel\\framework\\src\\Illuminate\\Pipeline\\Pipeline.php(149): Encore\\Admin\\Middleware\\LogOperation->handle(Object(Illuminate\\Http\\Request), Object(Closure))
#24 D:\\laragon\\www\\maizi\\vendor\\laravel\\framework\\src\\Illuminate\\Routing\\Pipeline.php(53): Illuminate\\Pipeline\\Pipeline->Illuminate\\Pipeline\\{closure}(Object(Illuminate\\Http\\Request))
#25 D:\\laragon\\www\\maizi\\vendor\\encore\\laravel-admin\\src\\Middleware\\Pjax.php(24): Illuminate\\Routing\\Pipeline->Illuminate\\Routing\\{closure}(Object(Illuminate\\Http\\Request))
#26 D:\\laragon\\www\\maizi\\vendor\\laravel\\framework\\src\\Illuminate\\Pipeline\\Pipeline.php(149): Encore\\Admin\\Middleware\\Pjax->handle(Object(Illuminate\\Http\\Request), Object(Closure))
#27 D:\\laragon\\www\\maizi\\vendor\\laravel\\framework\\src\\Illuminate\\Routing\\Pipeline.php(53): Illuminate\\Pipeline\\Pipeline->Illuminate\\Pipeline\\{closure}(Object(Illuminate\\Http\\Request))
#28 D:\\laragon\\www\\maizi\\vendor\\encore\\laravel-admin\\src\\Middleware\\Authenticate.php(25): Illuminate\\Routing\\Pipeline->Illuminate\\Routing\\{closure}(Object(Illuminate\\Http\\Request))
#29 D:\\laragon\\www\\maizi\\vendor\\laravel\\framework\\src\\Illuminate\\Pipeline\\Pipeline.php(149): Encore\\Admin\\Middleware\\Authenticate->handle(Object(Illuminate\\Http\\Request), Object(Closure))
#30 D:\\laragon\\www\\maizi\\vendor\\laravel\\framework\\src\\Illuminate\\Routing\\Pipeline.php(53): Illuminate\\Pipeline\\Pipeline->Illuminate\\Pipeline\\{closure}(Object(Illuminate\\Http\\Request))
#31 D:\\laragon\\www\\maizi\\vendor\\laravel\\framework\\src\\Illuminate\\Routing\\Middleware\\SubstituteBindings.php(41): Illuminate\\Routing\\Pipeline->Illuminate\\Routing\\{closure}(Object(Illuminate\\Http\\Request))
#32 D:\\laragon\\www\\maizi\\vendor\\laravel\\framework\\src\\Illuminate\\Pipeline\\Pipeline.php(149): Illuminate\\Routing\\Middleware\\SubstituteBindings->handle(Object(Illuminate\\Http\\Request), Object(Closure))
#33 D:\\laragon\\www\\maizi\\vendor\\laravel\\framework\\src\\Illuminate\\Routing\\Pipeline.php(53): Illuminate\\Pipeline\\Pipeline->Illuminate\\Pipeline\\{closure}(Object(Illuminate\\Http\\Request))
#34 D:\\laragon\\www\\maizi\\vendor\\laravel\\framework\\src\\Illuminate\\Foundation\\Http\\Middleware\\VerifyCsrfToken.php(67): Illuminate\\Routing\\Pipeline->Illuminate\\Routing\\{closure}(Object(Illuminate\\Http\\Request))
#35 D:\\laragon\\www\\maizi\\vendor\\laravel\\framework\\src\\Illuminate\\Pipeline\\Pipeline.php(149): Illuminate\\Foundation\\Http\\Middleware\\VerifyCsrfToken->handle(Object(Illuminate\\Http\\Request), Object(Closure))
#36 D:\\laragon\\www\\maizi\\vendor\\laravel\\framework\\src\\Illuminate\\Routing\\Pipeline.php(53): Illuminate\\Pipeline\\Pipeline->Illuminate\\Pipeline\\{closure}(Object(Illuminate\\Http\\Request))
#37 D:\\laragon\\www\\maizi\\vendor\\laravel\\framework\\src\\Illuminate\\View\\Middleware\\ShareErrorsFromSession.php(49): Illuminate\\Routing\\Pipeline->Illuminate\\Routing\\{closure}(Object(Illuminate\\Http\\Request))
#38 D:\\laragon\\www\\maizi\\vendor\\laravel\\framework\\src\\Illuminate\\Pipeline\\Pipeline.php(149): Illuminate\\View\\Middleware\\ShareErrorsFromSession->handle(Object(Illuminate\\Http\\Request), Object(Closure))
#39 D:\\laragon\\www\\maizi\\vendor\\laravel\\framework\\src\\Illuminate\\Routing\\Pipeline.php(53): Illuminate\\Pipeline\\Pipeline->Illuminate\\Pipeline\\{closure}(Object(Illuminate\\Http\\Request))
#40 D:\\laragon\\www\\maizi\\vendor\\laravel\\framework\\src\\Illuminate\\Session\\Middleware\\StartSession.php(63): Illuminate\\Routing\\Pipeline->Illuminate\\Routing\\{closure}(Object(Illuminate\\Http\\Request))
#41 D:\\laragon\\www\\maizi\\vendor\\laravel\\framework\\src\\Illuminate\\Pipeline\\Pipeline.php(149): Illuminate\\Session\\Middleware\\StartSession->handle(Object(Illuminate\\Http\\Request), Object(Closure))
#42 D:\\laragon\\www\\maizi\\vendor\\laravel\\framework\\src\\Illuminate\\Routing\\Pipeline.php(53): Illuminate\\Pipeline\\Pipeline->Illuminate\\Pipeline\\{closure}(Object(Illuminate\\Http\\Request))
#43 D:\\laragon\\www\\maizi\\vendor\\laravel\\framework\\src\\Illuminate\\Cookie\\Middleware\\AddQueuedCookiesToResponse.php(37): Illuminate\\Routing\\Pipeline->Illuminate\\Routing\\{closure}(Object(Illuminate\\Http\\Request))
#44 D:\\laragon\\www\\maizi\\vendor\\laravel\\framework\\src\\Illuminate\\Pipeline\\Pipeline.php(149): Illuminate\\Cookie\\Middleware\\AddQueuedCookiesToResponse->handle(Object(Illuminate\\Http\\Request), Object(Closure))
#45 D:\\laragon\\www\\maizi\\vendor\\laravel\\framework\\src\\Illuminate\\Routing\\Pipeline.php(53): Illuminate\\Pipeline\\Pipeline->Illuminate\\Pipeline\\{closure}(Object(Illuminate\\Http\\Request))
#46 D:\\laragon\\www\\maizi\\vendor\\laravel\\framework\\src\\Illuminate\\Cookie\\Middleware\\EncryptCookies.php(59): Illuminate\\Routing\\Pipeline->Illuminate\\Routing\\{closure}(Object(Illuminate\\Http\\Request))
#47 D:\\laragon\\www\\maizi\\vendor\\laravel\\framework\\src\\Illuminate\\Pipeline\\Pipeline.php(149): Illuminate\\Cookie\\Middleware\\EncryptCookies->handle(Object(Illuminate\\Http\\Request), Object(Closure))
#48 D:\\laragon\\www\\maizi\\vendor\\laravel\\framework\\src\\Illuminate\\Routing\\Pipeline.php(53): Illuminate\\Pipeline\\Pipeline->Illuminate\\Pipeline\\{closure}(Object(Illuminate\\Http\\Request))
#49 D:\\laragon\\www\\maizi\\vendor\\laravel\\framework\\src\\Illuminate\\Pipeline\\Pipeline.php(102): Illuminate\\Routing\\Pipeline->Illuminate\\Routing\\{closure}(Object(Illuminate\\Http\\Request))
#50 D:\\laragon\\www\\maizi\\vendor\\laravel\\framework\\src\\Illuminate\\Routing\\Router.php(612): Illuminate\\Pipeline\\Pipeline->then(Object(Closure))
#51 D:\\laragon\\www\\maizi\\vendor\\laravel\\framework\\src\\Illuminate\\Routing\\Router.php(571): Illuminate\\Routing\\Router->runRouteWithinStack(Object(Illuminate\\Routing\\Route), Object(Illuminate\\Http\\Request))
#52 D:\\laragon\\www\\maizi\\vendor\\laravel\\framework\\src\\Illuminate\\Routing\\Router.php(549): Illuminate\\Routing\\Router->dispatchToRoute(Object(Illuminate\\Http\\Request))
#53 D:\\laragon\\www\\maizi\\vendor\\laravel\\framework\\src\\Illuminate\\Foundation\\Http\\Kernel.php(176): Illuminate\\Routing\\Router->dispatch(Object(Illuminate\\Http\\Request))
#54 D:\\laragon\\www\\maizi\\vendor\\laravel\\framework\\src\\Illuminate\\Routing\\Pipeline.php(30): Illuminate\\Foundation\\Http\\Kernel->Illuminate\\Foundation\\Http\\{closure}(Object(Illuminate\\Http\\Request))
#55 D:\\laragon\\www\\maizi\\vendor\\fideloper\\proxy\\src\\TrustProxies.php(56): Illuminate\\Routing\\Pipeline->Illuminate\\Routing\\{closure}(Object(Illuminate\\Http\\Request))
#56 D:\\laragon\\www\\maizi\\vendor\\laravel\\framework\\src\\Illuminate\\Pipeline\\Pipeline.php(149): Fideloper\\Proxy\\TrustProxies->handle(Object(Illuminate\\Http\\Request), Object(Closure))
#57 D:\\laragon\\www\\maizi\\vendor\\laravel\\framework\\src\\Illuminate\\Routing\\Pipeline.php(53): Illuminate\\Pipeline\\Pipeline->Illuminate\\Pipeline\\{closure}(Object(Illuminate\\Http\\Request))
#58 D:\\laragon\\www\\maizi\\vendor\\laravel\\framework\\src\\Illuminate\\Foundation\\Http\\Middleware\\TransformsRequest.php(30): Illuminate\\Routing\\Pipeline->Illuminate\\Routing\\{closure}(Object(Illuminate\\Http\\Request))
#59 D:\\laragon\\www\\maizi\\vendor\\laravel\\framework\\src\\Illuminate\\Pipeline\\Pipeline.php(149): Illuminate\\Foundation\\Http\\Middleware\\TransformsRequest->handle(Object(Illuminate\\Http\\Request), Object(Closure))
#60 D:\\laragon\\www\\maizi\\vendor\\laravel\\framework\\src\\Illuminate\\Routing\\Pipeline.php(53): Illuminate\\Pipeline\\Pipeline->Illuminate\\Pipeline\\{closure}(Object(Illuminate\\Http\\Request))
#61 D:\\laragon\\www\\maizi\\vendor\\laravel\\framework\\src\\Illuminate\\Foundation\\Http\\Middleware\\TransformsRequest.php(30): Illuminate\\Routing\\Pipeline->Illuminate\\Routing\\{closure}(Object(Illuminate\\Http\\Request))
#62 D:\\laragon\\www\\maizi\\vendor\\laravel\\framework\\src\\Illuminate\\Pipeline\\Pipeline.php(149): Illuminate\\Foundation\\Http\\Middleware\\TransformsRequest->handle(Object(Illuminate\\Http\\Request), Object(Closure))
#63 D:\\laragon\\www\\maizi\\vendor\\laravel\\framework\\src\\Illuminate\\Routing\\Pipeline.php(53): Illuminate\\Pipeline\\Pipeline->Illuminate\\Pipeline\\{closure}(Object(Illuminate\\Http\\Request))
#64 D:\\laragon\\www\\maizi\\vendor\\laravel\\framework\\src\\Illuminate\\Foundation\\Http\\Middleware\\ValidatePostSize.php(27): Illuminate\\Routing\\Pipeline->Illuminate\\Routing\\{closure}(Object(Illuminate\\Http\\Request))
#65 D:\\laragon\\www\\maizi\\vendor\\laravel\\framework\\src\\Illuminate\\Pipeline\\Pipeline.php(149): Illuminate\\Foundation\\Http\\Middleware\\ValidatePostSize->handle(Object(Illuminate\\Http\\Request), Object(Closure))
#66 D:\\laragon\\www\\maizi\\vendor\\laravel\\framework\\src\\Illuminate\\Routing\\Pipeline.php(53): Illuminate\\Pipeline\\Pipeline->Illuminate\\Pipeline\\{closure}(Object(Illuminate\\Http\\Request))
#67 D:\\laragon\\www\\maizi\\vendor\\laravel\\framework\\src\\Illuminate\\Foundation\\Http\\Middleware\\CheckForMaintenanceMode.php(46): Illuminate\\Routing\\Pipeline->Illuminate\\Routing\\{closure}(Object(Illuminate\\Http\\Request))
#68 D:\\laragon\\www\\maizi\\vendor\\laravel\\framework\\src\\Illuminate\\Pipeline\\Pipeline.php(149): Illuminate\\Foundation\\Http\\Middleware\\CheckForMaintenanceMode->handle(Object(Illuminate\\Http\\Request), Object(Closure))
#69 D:\\laragon\\www\\maizi\\vendor\\laravel\\framework\\src\\Illuminate\\Routing\\Pipeline.php(53): Illuminate\\Pipeline\\Pipeline->Illuminate\\Pipeline\\{closure}(Object(Illuminate\\Http\\Request))
#70 D:\\laragon\\www\\maizi\\vendor\\laravel\\framework\\src\\Illuminate\\Pipeline\\Pipeline.php(102): Illuminate\\Routing\\Pipeline->Illuminate\\Routing\\{closure}(Object(Illuminate\\Http\\Request))
#71 D:\\laragon\\www\\maizi\\vendor\\laravel\\framework\\src\\Illuminate\\Foundation\\Http\\Kernel.php(151): Illuminate\\Pipeline\\Pipeline->then(Object(Closure))
#72 D:\\laragon\\www\\maizi\\vendor\\laravel\\framework\\src\\Illuminate\\Foundation\\Http\\Kernel.php(116): Illuminate\\Foundation\\Http\\Kernel->sendRequestThroughRouter(Object(Illuminate\\Http\\Request))
#73 D:\\laragon\\www\\maizi\\public\\index.php(55): Illuminate\\Foundation\\Http\\Kernel->handle(Object(Illuminate\\Http\\Request))
#74 {main}
"} 
[2018-11-07 21:53:21] local.ERROR: SQLSTATE[23000]: Integrity constraint violation: 1048 Column 'name' cannot be null (SQL: insert into `m_qrcode_info` (`name`, `type`, `unique_id`, `url`, `admin_id`, `updated_at`, `created_at`) values (, 4, 5be2ee4a7bac1, qrcodes/2018_11_07-21_53_14-5be2ee4a7bac1.png, 1, 2018-11-07 21:53:21, 2018-11-07 21:53:21)) {"exception":"[object] (Illuminate\\Database\\QueryException(code: 23000): SQLSTATE[23000]: Integrity constraint violation: 1048 Column 'name' cannot be null (SQL: insert into `m_qrcode_info` (`name`, `type`, `unique_id`, `url`, `admin_id`, `updated_at`, `created_at`) values (, 4, 5be2ee4a7bac1, qrcodes/2018_11_07-21_53_14-5be2ee4a7bac1.png, 1, 2018-11-07 21:53:21, 2018-11-07 21:53:21)) at D:\\laragon\\www\\maizi\\vendor\\laravel\\framework\\src\\Illuminate\\Database\\Connection.php:664, PDOException(code: 23000): SQLSTATE[23000]: Integrity constraint violation: 1048 Column 'name' cannot be null at D:\\laragon\\www\\maizi\\vendor\\laravel\\framework\\src\\Illuminate\\Database\\Connection.php:458)
[stacktrace]
#0 D:\\laragon\\www\\maizi\\vendor\\laravel\\framework\\src\\Illuminate\\Database\\Connection.php(624): Illuminate\\Database\\Connection->runQueryCallback('insert into `m_...', Array, Object(Closure))
#1 D:\\laragon\\www\\maizi\\vendor\\laravel\\framework\\src\\Illuminate\\Database\\Connection.php(459): Illuminate\\Database\\Connection->run('insert into `m_...', Array, Object(Closure))
#2 D:\\laragon\\www\\maizi\\vendor\\laravel\\framework\\src\\Illuminate\\Database\\Connection.php(411): Illuminate\\Database\\Connection->statement('insert into `m_...', Array)
#3 D:\\laragon\\www\\maizi\\vendor\\laravel\\framework\\src\\Illuminate\\Database\\Query\\Processors\\Processor.php(32): Illuminate\\Database\\Connection->insert('insert into `m_...', Array)
#4 D:\\laragon\\www\\maizi\\vendor\\laravel\\framework\\src\\Illuminate\\Database\\Query\\Builder.php(2135): Illuminate\\Database\\Query\\Processors\\Processor->processInsertGetId(Object(Illuminate\\Database\\Query\\Builder), 'insert into `m_...', Array, 'id')
#5 D:\\laragon\\www\\maizi\\vendor\\laravel\\framework\\src\\Illuminate\\Database\\Eloquent\\Builder.php(1270): Illuminate\\Database\\Query\\Builder->insertGetId(Array, 'id')
#6 D:\\laragon\\www\\maizi\\vendor\\laravel\\framework\\src\\Illuminate\\Database\\Eloquent\\Model.php(710): Illuminate\\Database\\Eloquent\\Builder->__call('insertGetId', Array)
#7 D:\\laragon\\www\\maizi\\vendor\\laravel\\framework\\src\\Illuminate\\Database\\Eloquent\\Model.php(675): Illuminate\\Database\\Eloquent\\Model->insertAndSetId(Object(Illuminate\\Database\\Eloquent\\Builder), Array)
#8 D:\\laragon\\www\\maizi\\vendor\\laravel\\framework\\src\\Illuminate\\Database\\Eloquent\\Model.php(538): Illuminate\\Database\\Eloquent\\Model->performInsert(Object(Illuminate\\Database\\Eloquent\\Builder))
#9 D:\\laragon\\www\\maizi\\vendor\\encore\\laravel-admin\\src\\Form.php(342): Illuminate\\Database\\Eloquent\\Model->save()
#10 D:\\laragon\\www\\maizi\\vendor\\laravel\\framework\\src\\Illuminate\\Database\\Concerns\\ManagesTransactions.php(29): Encore\\Admin\\Form->Encore\\Admin\\{closure}(Object(Illuminate\\Database\\MySqlConnection))
#11 D:\\laragon\\www\\maizi\\vendor\\laravel\\framework\\src\\Illuminate\\Database\\DatabaseManager.php(327): Illuminate\\Database\\Connection->transaction(Object(Closure))
#12 D:\\laragon\\www\\maizi\\vendor\\laravel\\framework\\src\\Illuminate\\Support\\Facades\\Facade.php(221): Illuminate\\Database\\DatabaseManager->__call('transaction', Array)
#13 D:\\laragon\\www\\maizi\\vendor\\encore\\laravel-admin\\src\\Form.php(345): Illuminate\\Support\\Facades\\Facade::__callStatic('transaction', Array)
#14 D:\\laragon\\www\\maizi\\vendor\\encore\\laravel-admin\\src\\Controllers\\ModelForm.php(60): Encore\\Admin\\Form->store()
#15 [internal function]: App\\Admin\\Controllers\\QrcodeController->store()
#16 D:\\laragon\\www\\maizi\\vendor\\laravel\\framework\\src\\Illuminate\\Routing\\Controller.php(54): call_user_func_array(Array, Array)
#17 D:\\laragon\\www\\maizi\\vendor\\laravel\\framework\\src\\Illuminate\\Routing\\ControllerDispatcher.php(45): Illuminate\\Routing\\Controller->callAction('store', Array)
#18 D:\\laragon\\www\\maizi\\vendor\\laravel\\framework\\src\\Illuminate\\Routing\\Route.php(204): Illuminate\\Routing\\ControllerDispatcher->dispatch(Object(Illuminate\\Routing\\Route), Object(App\\Admin\\Controllers\\QrcodeController), 'store')
#19 D:\\laragon\\www\\maizi\\vendor\\laravel\\framework\\src\\Illuminate\\Routing\\Route.php(161): Illuminate\\Routing\\Route->runController()
#20 D:\\laragon\\www\\maizi\\vendor\\laravel\\framework\\src\\Illuminate\\Routing\\Router.php(610): Illuminate\\Routing\\Route->run()
#21 D:\\laragon\\www\\maizi\\vendor\\laravel\\framework\\src\\Illuminate\\Routing\\Pipeline.php(30): Illuminate\\Routing\\Router->Illuminate\\Routing\\{closure}(Object(Illuminate\\Http\\Request))
#22 D:\\laragon\\www\\maizi\\vendor\\encore\\laravel-admin\\src\\Middleware\\Permission.php(42): Illuminate\\Routing\\Pipeline->Illuminate\\Routing\\{closure}(Object(Illuminate\\Http\\Request))
#23 D:\\laragon\\www\\maizi\\vendor\\laravel\\framework\\src\\Illuminate\\Pipeline\\Pipeline.php(149): Encore\\Admin\\Middleware\\Permission->handle(Object(Illuminate\\Http\\Request), Object(Closure))
#24 D:\\laragon\\www\\maizi\\vendor\\laravel\\framework\\src\\Illuminate\\Routing\\Pipeline.php(53): Illuminate\\Pipeline\\Pipeline->Illuminate\\Pipeline\\{closure}(Object(Illuminate\\Http\\Request))
#25 D:\\laragon\\www\\maizi\\vendor\\encore\\laravel-admin\\src\\Middleware\\Bootstrap.php(23): Illuminate\\Routing\\Pipeline->Illuminate\\Routing\\{closure}(Object(Illuminate\\Http\\Request))
#26 D:\\laragon\\www\\maizi\\vendor\\laravel\\framework\\src\\Illuminate\\Pipeline\\Pipeline.php(149): Encore\\Admin\\Middleware\\Bootstrap->handle(Object(Illuminate\\Http\\Request), Object(Closure))
#27 D:\\laragon\\www\\maizi\\vendor\\laravel\\framework\\src\\Illuminate\\Routing\\Pipeline.php(53): Illuminate\\Pipeline\\Pipeline->Illuminate\\Pipeline\\{closure}(Object(Illuminate\\Http\\Request))
#28 D:\\laragon\\www\\maizi\\vendor\\encore\\laravel-admin\\src\\Middleware\\LogOperation.php(34): Illuminate\\Routing\\Pipeline->Illuminate\\Routing\\{closure}(Object(Illuminate\\Http\\Request))
#29 D:\\laragon\\www\\maizi\\vendor\\laravel\\framework\\src\\Illuminate\\Pipeline\\Pipeline.php(149): Encore\\Admin\\Middleware\\LogOperation->handle(Object(Illuminate\\Http\\Request), Object(Closure))
#30 D:\\laragon\\www\\maizi\\vendor\\laravel\\framework\\src\\Illuminate\\Routing\\Pipeline.php(53): Illuminate\\Pipeline\\Pipeline->Illuminate\\Pipeline\\{closure}(Object(Illuminate\\Http\\Request))
#31 D:\\laragon\\www\\maizi\\vendor\\encore\\laravel-admin\\src\\Middleware\\Pjax.php(24): Illuminate\\Routing\\Pipeline->Illuminate\\Routing\\{closure}(Object(Illuminate\\Http\\Request))
#32 D:\\laragon\\www\\maizi\\vendor\\laravel\\framework\\src\\Illuminate\\Pipeline\\Pipeline.php(149): Encore\\Admin\\Middleware\\Pjax->handle(Object(Illuminate\\Http\\Request), Object(Closure))
#33 D:\\laragon\\www\\maizi\\vendor\\laravel\\framework\\src\\Illuminate\\Routing\\Pipeline.php(53): Illuminate\\Pipeline\\Pipeline->Illuminate\\Pipeline\\{closure}(Object(Illuminate\\Http\\Request))
#34 D:\\laragon\\www\\maizi\\vendor\\encore\\laravel-admin\\src\\Middleware\\Authenticate.php(25): Illuminate\\Routing\\Pipeline->Illuminate\\Routing\\{closure}(Object(Illuminate\\Http\\Request))
#35 D:\\laragon\\www\\maizi\\vendor\\laravel\\framework\\src\\Illuminate\\Pipeline\\Pipeline.php(149): Encore\\Admin\\Middleware\\Authenticate->handle(Object(Illuminate\\Http\\Request), Object(Closure))
#36 D:\\laragon\\www\\maizi\\vendor\\laravel\\framework\\src\\Illuminate\\Routing\\Pipeline.php(53): Illuminate\\Pipeline\\Pipeline->Illuminate\\Pipeline\\{closure}(Object(Illuminate\\Http\\Request))
#37 D:\\laragon\\www\\maizi\\vendor\\laravel\\framework\\src\\Illuminate\\Routing\\Middleware\\SubstituteBindings.php(41): Illuminate\\Routing\\Pipeline->Illuminate\\Routing\\{closure}(Object(Illuminate\\Http\\Request))
#38 D:\\laragon\\www\\maizi\\vendor\\laravel\\framework\\src\\Illuminate\\Pipeline\\Pipeline.php(149): Illuminate\\Routing\\Middleware\\SubstituteBindings->handle(Object(Illuminate\\Http\\Request), Object(Closure))
#39 D:\\laragon\\www\\maizi\\vendor\\laravel\\framework\\src\\Illuminate\\Routing\\Pipeline.php(53): Illuminate\\Pipeline\\Pipeline->Illuminate\\Pipeline\\{closure}(Object(Illuminate\\Http\\Request))
#40 D:\\laragon\\www\\maizi\\vendor\\laravel\\framework\\src\\Illuminate\\Foundation\\Http\\Middleware\\VerifyCsrfToken.php(67): Illuminate\\Routing\\Pipeline->Illuminate\\Routing\\{closure}(Object(Illuminate\\Http\\Request))
#41 D:\\laragon\\www\\maizi\\vendor\\laravel\\framework\\src\\Illuminate\\Pipeline\\Pipeline.php(149): Illuminate\\Foundation\\Http\\Middleware\\VerifyCsrfToken->handle(Object(Illuminate\\Http\\Request), Object(Closure))
#42 D:\\laragon\\www\\maizi\\vendor\\laravel\\framework\\src\\Illuminate\\Routing\\Pipeline.php(53): Illuminate\\Pipeline\\Pipeline->Illuminate\\Pipeline\\{closure}(Object(Illuminate\\Http\\Request))
#43 D:\\laragon\\www\\maizi\\vendor\\laravel\\framework\\src\\Illuminate\\View\\Middleware\\ShareErrorsFromSession.php(49): Illuminate\\Routing\\Pipeline->Illuminate\\Routing\\{closure}(Object(Illuminate\\Http\\Request))
#44 D:\\laragon\\www\\maizi\\vendor\\laravel\\framework\\src\\Illuminate\\Pipeline\\Pipeline.php(149): Illuminate\\View\\Middleware\\ShareErrorsFromSession->handle(Object(Illuminate\\Http\\Request), Object(Closure))
#45 D:\\laragon\\www\\maizi\\vendor\\laravel\\framework\\src\\Illuminate\\Routing\\Pipeline.php(53): Illuminate\\Pipeline\\Pipeline->Illuminate\\Pipeline\\{closure}(Object(Illuminate\\Http\\Request))
#46 D:\\laragon\\www\\maizi\\vendor\\laravel\\framework\\src\\Illuminate\\Session\\Middleware\\StartSession.php(63): Illuminate\\Routing\\Pipeline->Illuminate\\Routing\\{closure}(Object(Illuminate\\Http\\Request))
#47 D:\\laragon\\www\\maizi\\vendor\\laravel\\framework\\src\\Illuminate\\Pipeline\\Pipeline.php(149): Illuminate\\Session\\Middleware\\StartSession->handle(Object(Illuminate\\Http\\Request), Object(Closure))
#48 D:\\laragon\\www\\maizi\\vendor\\laravel\\framework\\src\\Illuminate\\Routing\\Pipeline.php(53): Illuminate\\Pipeline\\Pipeline->Illuminate\\Pipeline\\{closure}(Object(Illuminate\\Http\\Request))
#49 D:\\laragon\\www\\maizi\\vendor\\laravel\\framework\\src\\Illuminate\\Cookie\\Middleware\\AddQueuedCookiesToResponse.php(37): Illuminate\\Routing\\Pipeline->Illuminate\\Routing\\{closure}(Object(Illuminate\\Http\\Request))
#50 D:\\laragon\\www\\maizi\\vendor\\laravel\\framework\\src\\Illuminate\\Pipeline\\Pipeline.php(149): Illuminate\\Cookie\\Middleware\\AddQueuedCookiesToResponse->handle(Object(Illuminate\\Http\\Request), Object(Closure))
#51 D:\\laragon\\www\\maizi\\vendor\\laravel\\framework\\src\\Illuminate\\Routing\\Pipeline.php(53): Illuminate\\Pipeline\\Pipeline->Illuminate\\Pipeline\\{closure}(Object(Illuminate\\Http\\Request))
#52 D:\\laragon\\www\\maizi\\vendor\\laravel\\framework\\src\\Illuminate\\Cookie\\Middleware\\EncryptCookies.php(59): Illuminate\\Routing\\Pipeline->Illuminate\\Routing\\{closure}(Object(Illuminate\\Http\\Request))
#53 D:\\laragon\\www\\maizi\\vendor\\laravel\\framework\\src\\Illuminate\\Pipeline\\Pipeline.php(149): Illuminate\\Cookie\\Middleware\\EncryptCookies->handle(Object(Illuminate\\Http\\Request), Object(Closure))
#54 D:\\laragon\\www\\maizi\\vendor\\laravel\\framework\\src\\Illuminate\\Routing\\Pipeline.php(53): Illuminate\\Pipeline\\Pipeline->Illuminate\\Pipeline\\{closure}(Object(Illuminate\\Http\\Request))
#55 D:\\laragon\\www\\maizi\\vendor\\laravel\\framework\\src\\Illuminate\\Pipeline\\Pipeline.php(102): Illuminate\\Routing\\Pipeline->Illuminate\\Routing\\{closure}(Object(Illuminate\\Http\\Request))
#56 D:\\laragon\\www\\maizi\\vendor\\laravel\\framework\\src\\Illuminate\\Routing\\Router.php(612): Illuminate\\Pipeline\\Pipeline->then(Object(Closure))
#57 D:\\laragon\\www\\maizi\\vendor\\laravel\\framework\\src\\Illuminate\\Routing\\Router.php(571): Illuminate\\Routing\\Router->runRouteWithinStack(Object(Illuminate\\Routing\\Route), Object(Illuminate\\Http\\Request))
#58 D:\\laragon\\www\\maizi\\vendor\\laravel\\framework\\src\\Illuminate\\Routing\\Router.php(549): Illuminate\\Routing\\Router->dispatchToRoute(Object(Illuminate\\Http\\Request))
#59 D:\\laragon\\www\\maizi\\vendor\\laravel\\framework\\src\\Illuminate\\Foundation\\Http\\Kernel.php(176): Illuminate\\Routing\\Router->dispatch(Object(Illuminate\\Http\\Request))
#60 D:\\laragon\\www\\maizi\\vendor\\laravel\\framework\\src\\Illuminate\\Routing\\Pipeline.php(30): Illuminate\\Foundation\\Http\\Kernel->Illuminate\\Foundation\\Http\\{closure}(Object(Illuminate\\Http\\Request))
#61 D:\\laragon\\www\\maizi\\vendor\\fideloper\\proxy\\src\\TrustProxies.php(56): Illuminate\\Routing\\Pipeline->Illuminate\\Routing\\{closure}(Object(Illuminate\\Http\\Request))
#62 D:\\laragon\\www\\maizi\\vendor\\laravel\\framework\\src\\Illuminate\\Pipeline\\Pipeline.php(149): Fideloper\\Proxy\\TrustProxies->handle(Object(Illuminate\\Http\\Request), Object(Closure))
#63 D:\\laragon\\www\\maizi\\vendor\\laravel\\framework\\src\\Illuminate\\Routing\\Pipeline.php(53): Illuminate\\Pipeline\\Pipeline->Illuminate\\Pipeline\\{closure}(Object(Illuminate\\Http\\Request))
#64 D:\\laragon\\www\\maizi\\vendor\\laravel\\framework\\src\\Illuminate\\Foundation\\Http\\Middleware\\TransformsRequest.php(30): Illuminate\\Routing\\Pipeline->Illuminate\\Routing\\{closure}(Object(Illuminate\\Http\\Request))
#65 D:\\laragon\\www\\maizi\\vendor\\laravel\\framework\\src\\Illuminate\\Pipeline\\Pipeline.php(149): Illuminate\\Foundation\\Http\\Middleware\\TransformsRequest->handle(Object(Illuminate\\Http\\Request), Object(Closure))
#66 D:\\laragon\\www\\maizi\\vendor\\laravel\\framework\\src\\Illuminate\\Routing\\Pipeline.php(53): Illuminate\\Pipeline\\Pipeline->Illuminate\\Pipeline\\{closure}(Object(Illuminate\\Http\\Request))
#67 D:\\laragon\\www\\maizi\\vendor\\laravel\\framework\\src\\Illuminate\\Foundation\\Http\\Middleware\\TransformsRequest.php(30): Illuminate\\Routing\\Pipeline->Illuminate\\Routing\\{closure}(Object(Illuminate\\Http\\Request))
#68 D:\\laragon\\www\\maizi\\vendor\\laravel\\framework\\src\\Illuminate\\Pipeline\\Pipeline.php(149): Illuminate\\Foundation\\Http\\Middleware\\TransformsRequest->handle(Object(Illuminate\\Http\\Request), Object(Closure))
#69 D:\\laragon\\www\\maizi\\vendor\\laravel\\framework\\src\\Illuminate\\Routing\\Pipeline.php(53): Illuminate\\Pipeline\\Pipeline->Illuminate\\Pipeline\\{closure}(Object(Illuminate\\Http\\Request))
#70 D:\\laragon\\www\\maizi\\vendor\\laravel\\framework\\src\\Illuminate\\Foundation\\Http\\Middleware\\ValidatePostSize.php(27): Illuminate\\Routing\\Pipeline->Illuminate\\Routing\\{closure}(Object(Illuminate\\Http\\Request))
#71 D:\\laragon\\www\\maizi\\vendor\\laravel\\framework\\src\\Illuminate\\Pipeline\\Pipeline.php(149): Illuminate\\Foundation\\Http\\Middleware\\ValidatePostSize->handle(Object(Illuminate\\Http\\Request), Object(Closure))
#72 D:\\laragon\\www\\maizi\\vendor\\laravel\\framework\\src\\Illuminate\\Routing\\Pipeline.php(53): Illuminate\\Pipeline\\Pipeline->Illuminate\\Pipeline\\{closure}(Object(Illuminate\\Http\\Request))
#73 D:\\laragon\\www\\maizi\\vendor\\laravel\\framework\\src\\Illuminate\\Foundation\\Http\\Middleware\\CheckForMaintenanceMode.php(46): Illuminate\\Routing\\Pipeline->Illuminate\\Routing\\{closure}(Object(Illuminate\\Http\\Request))
#74 D:\\laragon\\www\\maizi\\vendor\\laravel\\framework\\src\\Illuminate\\Pipeline\\Pipeline.php(149): Illuminate\\Foundation\\Http\\Middleware\\CheckForMaintenanceMode->handle(Object(Illuminate\\Http\\Request), Object(Closure))
#75 D:\\laragon\\www\\maizi\\vendor\\laravel\\framework\\src\\Illuminate\\Routing\\Pipeline.php(53): Illuminate\\Pipeline\\Pipeline->Illuminate\\Pipeline\\{closure}(Object(Illuminate\\Http\\Request))
#76 D:\\laragon\\www\\maizi\\vendor\\laravel\\framework\\src\\Illuminate\\Pipeline\\Pipeline.php(102): Illuminate\\Routing\\Pipeline->Illuminate\\Routing\\{closure}(Object(Illuminate\\Http\\Request))
#77 D:\\laragon\\www\\maizi\\vendor\\laravel\\framework\\src\\Illuminate\\Foundation\\Http\\Kernel.php(151): Illuminate\\Pipeline\\Pipeline->then(Object(Closure))
#78 D:\\laragon\\www\\maizi\\vendor\\laravel\\framework\\src\\Illuminate\\Foundation\\Http\\Kernel.php(116): Illuminate\\Foundation\\Http\\Kernel->sendRequestThroughRouter(Object(Illuminate\\Http\\Request))
#79 D:\\laragon\\www\\maizi\\public\\index.php(55): Illuminate\\Foundation\\Http\\Kernel->handle(Object(Illuminate\\Http\\Request))
#80 {main}
"} 
[2018-11-07 23:15:17] local.ERROR: SQLSTATE[42S22]: Column not found: 1054 Unknown column 'add_num' in 'field list' (SQL: insert into `m_qrcode_info` (`name`, `type`, `unique_id`, `url`, `add_num`, `admin_id`, `updated_at`, `created_at`) values (yuran发过, 4, 5be3017dc3a4e, qrcodes/2018_11_07-23_15_09-5be3017dc3a4e.png, 1, 1, 2018-11-07 23:15:17, 2018-11-07 23:15:17)) {"exception":"[object] (Illuminate\\Database\\QueryException(code: 42S22): SQLSTATE[42S22]: Column not found: 1054 Unknown column 'add_num' in 'field list' (SQL: insert into `m_qrcode_info` (`name`, `type`, `unique_id`, `url`, `add_num`, `admin_id`, `updated_at`, `created_at`) values (yuran发过, 4, 5be3017dc3a4e, qrcodes/2018_11_07-23_15_09-5be3017dc3a4e.png, 1, 1, 2018-11-07 23:15:17, 2018-11-07 23:15:17)) at D:\\laragon\\www\\maizi\\vendor\\laravel\\framework\\src\\Illuminate\\Database\\Connection.php:664, PDOException(code: 42S22): SQLSTATE[42S22]: Column not found: 1054 Unknown column 'add_num' in 'field list' at D:\\laragon\\www\\maizi\\vendor\\laravel\\framework\\src\\Illuminate\\Database\\Connection.php:452)
[stacktrace]
#0 D:\\laragon\\www\\maizi\\vendor\\laravel\\framework\\src\\Illuminate\\Database\\Connection.php(624): Illuminate\\Database\\Connection->runQueryCallback('insert into `m_...', Array, Object(Closure))
#1 D:\\laragon\\www\\maizi\\vendor\\laravel\\framework\\src\\Illuminate\\Database\\Connection.php(459): Illuminate\\Database\\Connection->run('insert into `m_...', Array, Object(Closure))
#2 D:\\laragon\\www\\maizi\\vendor\\laravel\\framework\\src\\Illuminate\\Database\\Connection.php(411): Illuminate\\Database\\Connection->statement('insert into `m_...', Array)
#3 D:\\laragon\\www\\maizi\\vendor\\laravel\\framework\\src\\Illuminate\\Database\\Query\\Processors\\Processor.php(32): Illuminate\\Database\\Connection->insert('insert into `m_...', Array)
#4 D:\\laragon\\www\\maizi\\vendor\\laravel\\framework\\src\\Illuminate\\Database\\Query\\Builder.php(2135): Illuminate\\Database\\Query\\Processors\\Processor->processInsertGetId(Object(Illuminate\\Database\\Query\\Builder), 'insert into `m_...', Array, 'id')
#5 D:\\laragon\\www\\maizi\\vendor\\laravel\\framework\\src\\Illuminate\\Database\\Eloquent\\Builder.php(1270): Illuminate\\Database\\Query\\Builder->insertGetId(Array, 'id')
#6 D:\\laragon\\www\\maizi\\vendor\\laravel\\framework\\src\\Illuminate\\Database\\Eloquent\\Model.php(710): Illuminate\\Database\\Eloquent\\Builder->__call('insertGetId', Array)
#7 D:\\laragon\\www\\maizi\\vendor\\laravel\\framework\\src\\Illuminate\\Database\\Eloquent\\Model.php(675): Illuminate\\Database\\Eloquent\\Model->insertAndSetId(Object(Illuminate\\Database\\Eloquent\\Builder), Array)
#8 D:\\laragon\\www\\maizi\\vendor\\laravel\\framework\\src\\Illuminate\\Database\\Eloquent\\Model.php(538): Illuminate\\Database\\Eloquent\\Model->performInsert(Object(Illuminate\\Database\\Eloquent\\Builder))
#9 D:\\laragon\\www\\maizi\\vendor\\encore\\laravel-admin\\src\\Form.php(342): Illuminate\\Database\\Eloquent\\Model->save()
#10 D:\\laragon\\www\\maizi\\vendor\\laravel\\framework\\src\\Illuminate\\Database\\Concerns\\ManagesTransactions.php(29): Encore\\Admin\\Form->Encore\\Admin\\{closure}(Object(Illuminate\\Database\\MySqlConnection))
#11 D:\\laragon\\www\\maizi\\vendor\\laravel\\framework\\src\\Illuminate\\Database\\DatabaseManager.php(327): Illuminate\\Database\\Connection->transaction(Object(Closure))
#12 D:\\laragon\\www\\maizi\\vendor\\laravel\\framework\\src\\Illuminate\\Support\\Facades\\Facade.php(221): Illuminate\\Database\\DatabaseManager->__call('transaction', Array)
#13 D:\\laragon\\www\\maizi\\vendor\\encore\\laravel-admin\\src\\Form.php(345): Illuminate\\Support\\Facades\\Facade::__callStatic('transaction', Array)
#14 D:\\laragon\\www\\maizi\\vendor\\encore\\laravel-admin\\src\\Controllers\\ModelForm.php(60): Encore\\Admin\\Form->store()
#15 [internal function]: App\\Admin\\Controllers\\QrcodeController->store()
#16 D:\\laragon\\www\\maizi\\vendor\\laravel\\framework\\src\\Illuminate\\Routing\\Controller.php(54): call_user_func_array(Array, Array)
#17 D:\\laragon\\www\\maizi\\vendor\\laravel\\framework\\src\\Illuminate\\Routing\\ControllerDispatcher.php(45): Illuminate\\Routing\\Controller->callAction('store', Array)
#18 D:\\laragon\\www\\maizi\\vendor\\laravel\\framework\\src\\Illuminate\\Routing\\Route.php(204): Illuminate\\Routing\\ControllerDispatcher->dispatch(Object(Illuminate\\Routing\\Route), Object(App\\Admin\\Controllers\\QrcodeController), 'store')
#19 D:\\laragon\\www\\maizi\\vendor\\laravel\\framework\\src\\Illuminate\\Routing\\Route.php(161): Illuminate\\Routing\\Route->runController()
#20 D:\\laragon\\www\\maizi\\vendor\\laravel\\framework\\src\\Illuminate\\Routing\\Router.php(610): Illuminate\\Routing\\Route->run()
#21 D:\\laragon\\www\\maizi\\vendor\\laravel\\framework\\src\\Illuminate\\Routing\\Pipeline.php(30): Illuminate\\Routing\\Router->Illuminate\\Routing\\{closure}(Object(Illuminate\\Http\\Request))
#22 D:\\laragon\\www\\maizi\\vendor\\encore\\laravel-admin\\src\\Middleware\\Permission.php(42): Illuminate\\Routing\\Pipeline->Illuminate\\Routing\\{closure}(Object(Illuminate\\Http\\Request))
#23 D:\\laragon\\www\\maizi\\vendor\\laravel\\framework\\src\\Illuminate\\Pipeline\\Pipeline.php(149): Encore\\Admin\\Middleware\\Permission->handle(Object(Illuminate\\Http\\Request), Object(Closure))
#24 D:\\laragon\\www\\maizi\\vendor\\laravel\\framework\\src\\Illuminate\\Routing\\Pipeline.php(53): Illuminate\\Pipeline\\Pipeline->Illuminate\\Pipeline\\{closure}(Object(Illuminate\\Http\\Request))
#25 D:\\laragon\\www\\maizi\\vendor\\encore\\laravel-admin\\src\\Middleware\\Bootstrap.php(23): Illuminate\\Routing\\Pipeline->Illuminate\\Routing\\{closure}(Object(Illuminate\\Http\\Request))
#26 D:\\laragon\\www\\maizi\\vendor\\laravel\\framework\\src\\Illuminate\\Pipeline\\Pipeline.php(149): Encore\\Admin\\Middleware\\Bootstrap->handle(Object(Illuminate\\Http\\Request), Object(Closure))
#27 D:\\laragon\\www\\maizi\\vendor\\laravel\\framework\\src\\Illuminate\\Routing\\Pipeline.php(53): Illuminate\\Pipeline\\Pipeline->Illuminate\\Pipeline\\{closure}(Object(Illuminate\\Http\\Request))
#28 D:\\laragon\\www\\maizi\\vendor\\encore\\laravel-admin\\src\\Middleware\\LogOperation.php(34): Illuminate\\Routing\\Pipeline->Illuminate\\Routing\\{closure}(Object(Illuminate\\Http\\Request))
#29 D:\\laragon\\www\\maizi\\vendor\\laravel\\framework\\src\\Illuminate\\Pipeline\\Pipeline.php(149): Encore\\Admin\\Middleware\\LogOperation->handle(Object(Illuminate\\Http\\Request), Object(Closure))
#30 D:\\laragon\\www\\maizi\\vendor\\laravel\\framework\\src\\Illuminate\\Routing\\Pipeline.php(53): Illuminate\\Pipeline\\Pipeline->Illuminate\\Pipeline\\{closure}(Object(Illuminate\\Http\\Request))
#31 D:\\laragon\\www\\maizi\\vendor\\encore\\laravel-admin\\src\\Middleware\\Pjax.php(24): Illuminate\\Routing\\Pipeline->Illuminate\\Routing\\{closure}(Object(Illuminate\\Http\\Request))
#32 D:\\laragon\\www\\maizi\\vendor\\laravel\\framework\\src\\Illuminate\\Pipeline\\Pipeline.php(149): Encore\\Admin\\Middleware\\Pjax->handle(Object(Illuminate\\Http\\Request), Object(Closure))
#33 D:\\laragon\\www\\maizi\\vendor\\laravel\\framework\\src\\Illuminate\\Routing\\Pipeline.php(53): Illuminate\\Pipeline\\Pipeline->Illuminate\\Pipeline\\{closure}(Object(Illuminate\\Http\\Request))
#34 D:\\laragon\\www\\maizi\\vendor\\encore\\laravel-admin\\src\\Middleware\\Authenticate.php(25): Illuminate\\Routing\\Pipeline->Illuminate\\Routing\\{closure}(Object(Illuminate\\Http\\Request))
#35 D:\\laragon\\www\\maizi\\vendor\\laravel\\framework\\src\\Illuminate\\Pipeline\\Pipeline.php(149): Encore\\Admin\\Middleware\\Authenticate->handle(Object(Illuminate\\Http\\Request), Object(Closure))
#36 D:\\laragon\\www\\maizi\\vendor\\laravel\\framework\\src\\Illuminate\\Routing\\Pipeline.php(53): Illuminate\\Pipeline\\Pipeline->Illuminate\\Pipeline\\{closure}(Object(Illuminate\\Http\\Request))
#37 D:\\laragon\\www\\maizi\\vendor\\laravel\\framework\\src\\Illuminate\\Routing\\Middleware\\SubstituteBindings.php(41): Illuminate\\Routing\\Pipeline->Illuminate\\Routing\\{closure}(Object(Illuminate\\Http\\Request))
#38 D:\\laragon\\www\\maizi\\vendor\\laravel\\framework\\src\\Illuminate\\Pipeline\\Pipeline.php(149): Illuminate\\Routing\\Middleware\\SubstituteBindings->handle(Object(Illuminate\\Http\\Request), Object(Closure))
#39 D:\\laragon\\www\\maizi\\vendor\\laravel\\framework\\src\\Illuminate\\Routing\\Pipeline.php(53): Illuminate\\Pipeline\\Pipeline->Illuminate\\Pipeline\\{closure}(Object(Illuminate\\Http\\Request))
#40 D:\\laragon\\www\\maizi\\vendor\\laravel\\framework\\src\\Illuminate\\Foundation\\Http\\Middleware\\VerifyCsrfToken.php(67): Illuminate\\Routing\\Pipeline->Illuminate\\Routing\\{closure}(Object(Illuminate\\Http\\Request))
#41 D:\\laragon\\www\\maizi\\vendor\\laravel\\framework\\src\\Illuminate\\Pipeline\\Pipeline.php(149): Illuminate\\Foundation\\Http\\Middleware\\VerifyCsrfToken->handle(Object(Illuminate\\Http\\Request), Object(Closure))
#42 D:\\laragon\\www\\maizi\\vendor\\laravel\\framework\\src\\Illuminate\\Routing\\Pipeline.php(53): Illuminate\\Pipeline\\Pipeline->Illuminate\\Pipeline\\{closure}(Object(Illuminate\\Http\\Request))
#43 D:\\laragon\\www\\maizi\\vendor\\laravel\\framework\\src\\Illuminate\\View\\Middleware\\ShareErrorsFromSession.php(49): Illuminate\\Routing\\Pipeline->Illuminate\\Routing\\{closure}(Object(Illuminate\\Http\\Request))
#44 D:\\laragon\\www\\maizi\\vendor\\laravel\\framework\\src\\Illuminate\\Pipeline\\Pipeline.php(149): Illuminate\\View\\Middleware\\ShareErrorsFromSession->handle(Object(Illuminate\\Http\\Request), Object(Closure))
#45 D:\\laragon\\www\\maizi\\vendor\\laravel\\framework\\src\\Illuminate\\Routing\\Pipeline.php(53): Illuminate\\Pipeline\\Pipeline->Illuminate\\Pipeline\\{closure}(Object(Illuminate\\Http\\Request))
#46 D:\\laragon\\www\\maizi\\vendor\\laravel\\framework\\src\\Illuminate\\Session\\Middleware\\StartSession.php(63): Illuminate\\Routing\\Pipeline->Illuminate\\Routing\\{closure}(Object(Illuminate\\Http\\Request))
#47 D:\\laragon\\www\\maizi\\vendor\\laravel\\framework\\src\\Illuminate\\Pipeline\\Pipeline.php(149): Illuminate\\Session\\Middleware\\StartSession->handle(Object(Illuminate\\Http\\Request), Object(Closure))
#48 D:\\laragon\\www\\maizi\\vendor\\laravel\\framework\\src\\Illuminate\\Routing\\Pipeline.php(53): Illuminate\\Pipeline\\Pipeline->Illuminate\\Pipeline\\{closure}(Object(Illuminate\\Http\\Request))
#49 D:\\laragon\\www\\maizi\\vendor\\laravel\\framework\\src\\Illuminate\\Cookie\\Middleware\\AddQueuedCookiesToResponse.php(37): Illuminate\\Routing\\Pipeline->Illuminate\\Routing\\{closure}(Object(Illuminate\\Http\\Request))
#50 D:\\laragon\\www\\maizi\\vendor\\laravel\\framework\\src\\Illuminate\\Pipeline\\Pipeline.php(149): Illuminate\\Cookie\\Middleware\\AddQueuedCookiesToResponse->handle(Object(Illuminate\\Http\\Request), Object(Closure))
#51 D:\\laragon\\www\\maizi\\vendor\\laravel\\framework\\src\\Illuminate\\Routing\\Pipeline.php(53): Illuminate\\Pipeline\\Pipeline->Illuminate\\Pipeline\\{closure}(Object(Illuminate\\Http\\Request))
#52 D:\\laragon\\www\\maizi\\vendor\\laravel\\framework\\src\\Illuminate\\Cookie\\Middleware\\EncryptCookies.php(59): Illuminate\\Routing\\Pipeline->Illuminate\\Routing\\{closure}(Object(Illuminate\\Http\\Request))
#53 D:\\laragon\\www\\maizi\\vendor\\laravel\\framework\\src\\Illuminate\\Pipeline\\Pipeline.php(149): Illuminate\\Cookie\\Middleware\\EncryptCookies->handle(Object(Illuminate\\Http\\Request), Object(Closure))
#54 D:\\laragon\\www\\maizi\\vendor\\laravel\\framework\\src\\Illuminate\\Routing\\Pipeline.php(53): Illuminate\\Pipeline\\Pipeline->Illuminate\\Pipeline\\{closure}(Object(Illuminate\\Http\\Request))
#55 D:\\laragon\\www\\maizi\\vendor\\laravel\\framework\\src\\Illuminate\\Pipeline\\Pipeline.php(102): Illuminate\\Routing\\Pipeline->Illuminate\\Routing\\{closure}(Object(Illuminate\\Http\\Request))
#56 D:\\laragon\\www\\maizi\\vendor\\laravel\\framework\\src\\Illuminate\\Routing\\Router.php(612): Illuminate\\Pipeline\\Pipeline->then(Object(Closure))
#57 D:\\laragon\\www\\maizi\\vendor\\laravel\\framework\\src\\Illuminate\\Routing\\Router.php(571): Illuminate\\Routing\\Router->runRouteWithinStack(Object(Illuminate\\Routing\\Route), Object(Illuminate\\Http\\Request))
#58 D:\\laragon\\www\\maizi\\vendor\\laravel\\framework\\src\\Illuminate\\Routing\\Router.php(549): Illuminate\\Routing\\Router->dispatchToRoute(Object(Illuminate\\Http\\Request))
#59 D:\\laragon\\www\\maizi\\vendor\\laravel\\framework\\src\\Illuminate\\Foundation\\Http\\Kernel.php(176): Illuminate\\Routing\\Router->dispatch(Object(Illuminate\\Http\\Request))
#60 D:\\laragon\\www\\maizi\\vendor\\laravel\\framework\\src\\Illuminate\\Routing\\Pipeline.php(30): Illuminate\\Foundation\\Http\\Kernel->Illuminate\\Foundation\\Http\\{closure}(Object(Illuminate\\Http\\Request))
#61 D:\\laragon\\www\\maizi\\vendor\\fideloper\\proxy\\src\\TrustProxies.php(56): Illuminate\\Routing\\Pipeline->Illuminate\\Routing\\{closure}(Object(Illuminate\\Http\\Request))
#62 D:\\laragon\\www\\maizi\\vendor\\laravel\\framework\\src\\Illuminate\\Pipeline\\Pipeline.php(149): Fideloper\\Proxy\\TrustProxies->handle(Object(Illuminate\\Http\\Request), Object(Closure))
#63 D:\\laragon\\www\\maizi\\vendor\\laravel\\framework\\src\\Illuminate\\Routing\\Pipeline.php(53): Illuminate\\Pipeline\\Pipeline->Illuminate\\Pipeline\\{closure}(Object(Illuminate\\Http\\Request))
#64 D:\\laragon\\www\\maizi\\vendor\\laravel\\framework\\src\\Illuminate\\Foundation\\Http\\Middleware\\TransformsRequest.php(30): Illuminate\\Routing\\Pipeline->Illuminate\\Routing\\{closure}(Object(Illuminate\\Http\\Request))
#65 D:\\laragon\\www\\maizi\\vendor\\laravel\\framework\\src\\Illuminate\\Pipeline\\Pipeline.php(149): Illuminate\\Foundation\\Http\\Middleware\\TransformsRequest->handle(Object(Illuminate\\Http\\Request), Object(Closure))
#66 D:\\laragon\\www\\maizi\\vendor\\laravel\\framework\\src\\Illuminate\\Routing\\Pipeline.php(53): Illuminate\\Pipeline\\Pipeline->Illuminate\\Pipeline\\{closure}(Object(Illuminate\\Http\\Request))
#67 D:\\laragon\\www\\maizi\\vendor\\laravel\\framework\\src\\Illuminate\\Foundation\\Http\\Middleware\\TransformsRequest.php(30): Illuminate\\Routing\\Pipeline->Illuminate\\Routing\\{closure}(Object(Illuminate\\Http\\Request))
#68 D:\\laragon\\www\\maizi\\vendor\\laravel\\framework\\src\\Illuminate\\Pipeline\\Pipeline.php(149): Illuminate\\Foundation\\Http\\Middleware\\TransformsRequest->handle(Object(Illuminate\\Http\\Request), Object(Closure))
#69 D:\\laragon\\www\\maizi\\vendor\\laravel\\framework\\src\\Illuminate\\Routing\\Pipeline.php(53): Illuminate\\Pipeline\\Pipeline->Illuminate\\Pipeline\\{closure}(Object(Illuminate\\Http\\Request))
#70 D:\\laragon\\www\\maizi\\vendor\\laravel\\framework\\src\\Illuminate\\Foundation\\Http\\Middleware\\ValidatePostSize.php(27): Illuminate\\Routing\\Pipeline->Illuminate\\Routing\\{closure}(Object(Illuminate\\Http\\Request))
#71 D:\\laragon\\www\\maizi\\vendor\\laravel\\framework\\src\\Illuminate\\Pipeline\\Pipeline.php(149): Illuminate\\Foundation\\Http\\Middleware\\ValidatePostSize->handle(Object(Illuminate\\Http\\Request), Object(Closure))
#72 D:\\laragon\\www\\maizi\\vendor\\laravel\\framework\\src\\Illuminate\\Routing\\Pipeline.php(53): Illuminate\\Pipeline\\Pipeline->Illuminate\\Pipeline\\{closure}(Object(Illuminate\\Http\\Request))
#73 D:\\laragon\\www\\maizi\\vendor\\laravel\\framework\\src\\Illuminate\\Foundation\\Http\\Middleware\\CheckForMaintenanceMode.php(46): Illuminate\\Routing\\Pipeline->Illuminate\\Routing\\{closure}(Object(Illuminate\\Http\\Request))
#74 D:\\laragon\\www\\maizi\\vendor\\laravel\\framework\\src\\Illuminate\\Pipeline\\Pipeline.php(149): Illuminate\\Foundation\\Http\\Middleware\\CheckForMaintenanceMode->handle(Object(Illuminate\\Http\\Request), Object(Closure))
#75 D:\\laragon\\www\\maizi\\vendor\\laravel\\framework\\src\\Illuminate\\Routing\\Pipeline.php(53): Illuminate\\Pipeline\\Pipeline->Illuminate\\Pipeline\\{closure}(Object(Illuminate\\Http\\Request))
#76 D:\\laragon\\www\\maizi\\vendor\\laravel\\framework\\src\\Illuminate\\Pipeline\\Pipeline.php(102): Illuminate\\Routing\\Pipeline->Illuminate\\Routing\\{closure}(Object(Illuminate\\Http\\Request))
#77 D:\\laragon\\www\\maizi\\vendor\\laravel\\framework\\src\\Illuminate\\Foundation\\Http\\Kernel.php(151): Illuminate\\Pipeline\\Pipeline->then(Object(Closure))
#78 D:\\laragon\\www\\maizi\\vendor\\laravel\\framework\\src\\Illuminate\\Foundation\\Http\\Kernel.php(116): Illuminate\\Foundation\\Http\\Kernel->sendRequestThroughRouter(Object(Illuminate\\Http\\Request))
#79 D:\\laragon\\www\\maizi\\public\\index.php(55): Illuminate\\Foundation\\Http\\Kernel->handle(Object(Illuminate\\Http\\Request))
#80 {main}
"} 
[2018-11-07 23:18:34] local.ERROR: SQLSTATE[42S22]: Column not found: 1054 Unknown column 'add_num' in 'field list' (SQL: insert into `m_qrcode_info` (`name`, `type`, `unique_id`, `url`, `add_num`, `admin_id`, `updated_at`, `created_at`) values (啊手动阀手动阀是, 6, 5be302449751d, qrcodes/2018_11_07-23_18_28-5be302449751d.png, 14, 1, 2018-11-07 23:18:34, 2018-11-07 23:18:34)) {"exception":"[object] (Illuminate\\Database\\QueryException(code: 42S22): SQLSTATE[42S22]: Column not found: 1054 Unknown column 'add_num' in 'field list' (SQL: insert into `m_qrcode_info` (`name`, `type`, `unique_id`, `url`, `add_num`, `admin_id`, `updated_at`, `created_at`) values (啊手动阀手动阀是, 6, 5be302449751d, qrcodes/2018_11_07-23_18_28-5be302449751d.png, 14, 1, 2018-11-07 23:18:34, 2018-11-07 23:18:34)) at D:\\laragon\\www\\maizi\\vendor\\laravel\\framework\\src\\Illuminate\\Database\\Connection.php:664, PDOException(code: 42S22): SQLSTATE[42S22]: Column not found: 1054 Unknown column 'add_num' in 'field list' at D:\\laragon\\www\\maizi\\vendor\\laravel\\framework\\src\\Illuminate\\Database\\Connection.php:452)
[stacktrace]
#0 D:\\laragon\\www\\maizi\\vendor\\laravel\\framework\\src\\Illuminate\\Database\\Connection.php(624): Illuminate\\Database\\Connection->runQueryCallback('insert into `m_...', Array, Object(Closure))
#1 D:\\laragon\\www\\maizi\\vendor\\laravel\\framework\\src\\Illuminate\\Database\\Connection.php(459): Illuminate\\Database\\Connection->run('insert into `m_...', Array, Object(Closure))
#2 D:\\laragon\\www\\maizi\\vendor\\laravel\\framework\\src\\Illuminate\\Database\\Connection.php(411): Illuminate\\Database\\Connection->statement('insert into `m_...', Array)
#3 D:\\laragon\\www\\maizi\\vendor\\laravel\\framework\\src\\Illuminate\\Database\\Query\\Processors\\Processor.php(32): Illuminate\\Database\\Connection->insert('insert into `m_...', Array)
#4 D:\\laragon\\www\\maizi\\vendor\\laravel\\framework\\src\\Illuminate\\Database\\Query\\Builder.php(2135): Illuminate\\Database\\Query\\Processors\\Processor->processInsertGetId(Object(Illuminate\\Database\\Query\\Builder), 'insert into `m_...', Array, 'id')
#5 D:\\laragon\\www\\maizi\\vendor\\laravel\\framework\\src\\Illuminate\\Database\\Eloquent\\Builder.php(1270): Illuminate\\Database\\Query\\Builder->insertGetId(Array, 'id')
#6 D:\\laragon\\www\\maizi\\vendor\\laravel\\framework\\src\\Illuminate\\Database\\Eloquent\\Model.php(710): Illuminate\\Database\\Eloquent\\Builder->__call('insertGetId', Array)
#7 D:\\laragon\\www\\maizi\\vendor\\laravel\\framework\\src\\Illuminate\\Database\\Eloquent\\Model.php(675): Illuminate\\Database\\Eloquent\\Model->insertAndSetId(Object(Illuminate\\Database\\Eloquent\\Builder), Array)
#8 D:\\laragon\\www\\maizi\\vendor\\laravel\\framework\\src\\Illuminate\\Database\\Eloquent\\Model.php(538): Illuminate\\Database\\Eloquent\\Model->performInsert(Object(Illuminate\\Database\\Eloquent\\Builder))
#9 D:\\laragon\\www\\maizi\\vendor\\encore\\laravel-admin\\src\\Form.php(342): Illuminate\\Database\\Eloquent\\Model->save()
#10 D:\\laragon\\www\\maizi\\vendor\\laravel\\framework\\src\\Illuminate\\Database\\Concerns\\ManagesTransactions.php(29): Encore\\Admin\\Form->Encore\\Admin\\{closure}(Object(Illuminate\\Database\\MySqlConnection))
#11 D:\\laragon\\www\\maizi\\vendor\\laravel\\framework\\src\\Illuminate\\Database\\DatabaseManager.php(327): Illuminate\\Database\\Connection->transaction(Object(Closure))
#12 D:\\laragon\\www\\maizi\\vendor\\laravel\\framework\\src\\Illuminate\\Support\\Facades\\Facade.php(221): Illuminate\\Database\\DatabaseManager->__call('transaction', Array)
#13 D:\\laragon\\www\\maizi\\vendor\\encore\\laravel-admin\\src\\Form.php(345): Illuminate\\Support\\Facades\\Facade::__callStatic('transaction', Array)
#14 D:\\laragon\\www\\maizi\\vendor\\encore\\laravel-admin\\src\\Controllers\\ModelForm.php(60): Encore\\Admin\\Form->store()
#15 [internal function]: App\\Admin\\Controllers\\QrcodeController->store()
#16 D:\\laragon\\www\\maizi\\vendor\\laravel\\framework\\src\\Illuminate\\Routing\\Controller.php(54): call_user_func_array(Array, Array)
#17 D:\\laragon\\www\\maizi\\vendor\\laravel\\framework\\src\\Illuminate\\Routing\\ControllerDispatcher.php(45): Illuminate\\Routing\\Controller->callAction('store', Array)
#18 D:\\laragon\\www\\maizi\\vendor\\laravel\\framework\\src\\Illuminate\\Routing\\Route.php(204): Illuminate\\Routing\\ControllerDispatcher->dispatch(Object(Illuminate\\Routing\\Route), Object(App\\Admin\\Controllers\\QrcodeController), 'store')
#19 D:\\laragon\\www\\maizi\\vendor\\laravel\\framework\\src\\Illuminate\\Routing\\Route.php(161): Illuminate\\Routing\\Route->runController()
#20 D:\\laragon\\www\\maizi\\vendor\\laravel\\framework\\src\\Illuminate\\Routing\\Router.php(610): Illuminate\\Routing\\Route->run()
#21 D:\\laragon\\www\\maizi\\vendor\\laravel\\framework\\src\\Illuminate\\Routing\\Pipeline.php(30): Illuminate\\Routing\\Router->Illuminate\\Routing\\{closure}(Object(Illuminate\\Http\\Request))
#22 D:\\laragon\\www\\maizi\\vendor\\encore\\laravel-admin\\src\\Middleware\\Permission.php(42): Illuminate\\Routing\\Pipeline->Illuminate\\Routing\\{closure}(Object(Illuminate\\Http\\Request))
#23 D:\\laragon\\www\\maizi\\vendor\\laravel\\framework\\src\\Illuminate\\Pipeline\\Pipeline.php(149): Encore\\Admin\\Middleware\\Permission->handle(Object(Illuminate\\Http\\Request), Object(Closure))
#24 D:\\laragon\\www\\maizi\\vendor\\laravel\\framework\\src\\Illuminate\\Routing\\Pipeline.php(53): Illuminate\\Pipeline\\Pipeline->Illuminate\\Pipeline\\{closure}(Object(Illuminate\\Http\\Request))
#25 D:\\laragon\\www\\maizi\\vendor\\encore\\laravel-admin\\src\\Middleware\\Bootstrap.php(23): Illuminate\\Routing\\Pipeline->Illuminate\\Routing\\{closure}(Object(Illuminate\\Http\\Request))
#26 D:\\laragon\\www\\maizi\\vendor\\laravel\\framework\\src\\Illuminate\\Pipeline\\Pipeline.php(149): Encore\\Admin\\Middleware\\Bootstrap->handle(Object(Illuminate\\Http\\Request), Object(Closure))
#27 D:\\laragon\\www\\maizi\\vendor\\laravel\\framework\\src\\Illuminate\\Routing\\Pipeline.php(53): Illuminate\\Pipeline\\Pipeline->Illuminate\\Pipeline\\{closure}(Object(Illuminate\\Http\\Request))
#28 D:\\laragon\\www\\maizi\\vendor\\encore\\laravel-admin\\src\\Middleware\\LogOperation.php(34): Illuminate\\Routing\\Pipeline->Illuminate\\Routing\\{closure}(Object(Illuminate\\Http\\Request))
#29 D:\\laragon\\www\\maizi\\vendor\\laravel\\framework\\src\\Illuminate\\Pipeline\\Pipeline.php(149): Encore\\Admin\\Middleware\\LogOperation->handle(Object(Illuminate\\Http\\Request), Object(Closure))
#30 D:\\laragon\\www\\maizi\\vendor\\laravel\\framework\\src\\Illuminate\\Routing\\Pipeline.php(53): Illuminate\\Pipeline\\Pipeline->Illuminate\\Pipeline\\{closure}(Object(Illuminate\\Http\\Request))
#31 D:\\laragon\\www\\maizi\\vendor\\encore\\laravel-admin\\src\\Middleware\\Pjax.php(24): Illuminate\\Routing\\Pipeline->Illuminate\\Routing\\{closure}(Object(Illuminate\\Http\\Request))
#32 D:\\laragon\\www\\maizi\\vendor\\laravel\\framework\\src\\Illuminate\\Pipeline\\Pipeline.php(149): Encore\\Admin\\Middleware\\Pjax->handle(Object(Illuminate\\Http\\Request), Object(Closure))
#33 D:\\laragon\\www\\maizi\\vendor\\laravel\\framework\\src\\Illuminate\\Routing\\Pipeline.php(53): Illuminate\\Pipeline\\Pipeline->Illuminate\\Pipeline\\{closure}(Object(Illuminate\\Http\\Request))
#34 D:\\laragon\\www\\maizi\\vendor\\encore\\laravel-admin\\src\\Middleware\\Authenticate.php(25): Illuminate\\Routing\\Pipeline->Illuminate\\Routing\\{closure}(Object(Illuminate\\Http\\Request))
#35 D:\\laragon\\www\\maizi\\vendor\\laravel\\framework\\src\\Illuminate\\Pipeline\\Pipeline.php(149): Encore\\Admin\\Middleware\\Authenticate->handle(Object(Illuminate\\Http\\Request), Object(Closure))
#36 D:\\laragon\\www\\maizi\\vendor\\laravel\\framework\\src\\Illuminate\\Routing\\Pipeline.php(53): Illuminate\\Pipeline\\Pipeline->Illuminate\\Pipeline\\{closure}(Object(Illuminate\\Http\\Request))
#37 D:\\laragon\\www\\maizi\\vendor\\laravel\\framework\\src\\Illuminate\\Routing\\Middleware\\SubstituteBindings.php(41): Illuminate\\Routing\\Pipeline->Illuminate\\Routing\\{closure}(Object(Illuminate\\Http\\Request))
#38 D:\\laragon\\www\\maizi\\vendor\\laravel\\framework\\src\\Illuminate\\Pipeline\\Pipeline.php(149): Illuminate\\Routing\\Middleware\\SubstituteBindings->handle(Object(Illuminate\\Http\\Request), Object(Closure))
#39 D:\\laragon\\www\\maizi\\vendor\\laravel\\framework\\src\\Illuminate\\Routing\\Pipeline.php(53): Illuminate\\Pipeline\\Pipeline->Illuminate\\Pipeline\\{closure}(Object(Illuminate\\Http\\Request))
#40 D:\\laragon\\www\\maizi\\vendor\\laravel\\framework\\src\\Illuminate\\Foundation\\Http\\Middleware\\VerifyCsrfToken.php(67): Illuminate\\Routing\\Pipeline->Illuminate\\Routing\\{closure}(Object(Illuminate\\Http\\Request))
#41 D:\\laragon\\www\\maizi\\vendor\\laravel\\framework\\src\\Illuminate\\Pipeline\\Pipeline.php(149): Illuminate\\Foundation\\Http\\Middleware\\VerifyCsrfToken->handle(Object(Illuminate\\Http\\Request), Object(Closure))
#42 D:\\laragon\\www\\maizi\\vendor\\laravel\\framework\\src\\Illuminate\\Routing\\Pipeline.php(53): Illuminate\\Pipeline\\Pipeline->Illuminate\\Pipeline\\{closure}(Object(Illuminate\\Http\\Request))
#43 D:\\laragon\\www\\maizi\\vendor\\laravel\\framework\\src\\Illuminate\\View\\Middleware\\ShareErrorsFromSession.php(49): Illuminate\\Routing\\Pipeline->Illuminate\\Routing\\{closure}(Object(Illuminate\\Http\\Request))
#44 D:\\laragon\\www\\maizi\\vendor\\laravel\\framework\\src\\Illuminate\\Pipeline\\Pipeline.php(149): Illuminate\\View\\Middleware\\ShareErrorsFromSession->handle(Object(Illuminate\\Http\\Request), Object(Closure))
#45 D:\\laragon\\www\\maizi\\vendor\\laravel\\framework\\src\\Illuminate\\Routing\\Pipeline.php(53): Illuminate\\Pipeline\\Pipeline->Illuminate\\Pipeline\\{closure}(Object(Illuminate\\Http\\Request))
#46 D:\\laragon\\www\\maizi\\vendor\\laravel\\framework\\src\\Illuminate\\Session\\Middleware\\StartSession.php(63): Illuminate\\Routing\\Pipeline->Illuminate\\Routing\\{closure}(Object(Illuminate\\Http\\Request))
#47 D:\\laragon\\www\\maizi\\vendor\\laravel\\framework\\src\\Illuminate\\Pipeline\\Pipeline.php(149): Illuminate\\Session\\Middleware\\StartSession->handle(Object(Illuminate\\Http\\Request), Object(Closure))
#48 D:\\laragon\\www\\maizi\\vendor\\laravel\\framework\\src\\Illuminate\\Routing\\Pipeline.php(53): Illuminate\\Pipeline\\Pipeline->Illuminate\\Pipeline\\{closure}(Object(Illuminate\\Http\\Request))
#49 D:\\laragon\\www\\maizi\\vendor\\laravel\\framework\\src\\Illuminate\\Cookie\\Middleware\\AddQueuedCookiesToResponse.php(37): Illuminate\\Routing\\Pipeline->Illuminate\\Routing\\{closure}(Object(Illuminate\\Http\\Request))
#50 D:\\laragon\\www\\maizi\\vendor\\laravel\\framework\\src\\Illuminate\\Pipeline\\Pipeline.php(149): Illuminate\\Cookie\\Middleware\\AddQueuedCookiesToResponse->handle(Object(Illuminate\\Http\\Request), Object(Closure))
#51 D:\\laragon\\www\\maizi\\vendor\\laravel\\framework\\src\\Illuminate\\Routing\\Pipeline.php(53): Illuminate\\Pipeline\\Pipeline->Illuminate\\Pipeline\\{closure}(Object(Illuminate\\Http\\Request))
#52 D:\\laragon\\www\\maizi\\vendor\\laravel\\framework\\src\\Illuminate\\Cookie\\Middleware\\EncryptCookies.php(59): Illuminate\\Routing\\Pipeline->Illuminate\\Routing\\{closure}(Object(Illuminate\\Http\\Request))
#53 D:\\laragon\\www\\maizi\\vendor\\laravel\\framework\\src\\Illuminate\\Pipeline\\Pipeline.php(149): Illuminate\\Cookie\\Middleware\\EncryptCookies->handle(Object(Illuminate\\Http\\Request), Object(Closure))
#54 D:\\laragon\\www\\maizi\\vendor\\laravel\\framework\\src\\Illuminate\\Routing\\Pipeline.php(53): Illuminate\\Pipeline\\Pipeline->Illuminate\\Pipeline\\{closure}(Object(Illuminate\\Http\\Request))
#55 D:\\laragon\\www\\maizi\\vendor\\laravel\\framework\\src\\Illuminate\\Pipeline\\Pipeline.php(102): Illuminate\\Routing\\Pipeline->Illuminate\\Routing\\{closure}(Object(Illuminate\\Http\\Request))
#56 D:\\laragon\\www\\maizi\\vendor\\laravel\\framework\\src\\Illuminate\\Routing\\Router.php(612): Illuminate\\Pipeline\\Pipeline->then(Object(Closure))
#57 D:\\laragon\\www\\maizi\\vendor\\laravel\\framework\\src\\Illuminate\\Routing\\Router.php(571): Illuminate\\Routing\\Router->runRouteWithinStack(Object(Illuminate\\Routing\\Route), Object(Illuminate\\Http\\Request))
#58 D:\\laragon\\www\\maizi\\vendor\\laravel\\framework\\src\\Illuminate\\Routing\\Router.php(549): Illuminate\\Routing\\Router->dispatchToRoute(Object(Illuminate\\Http\\Request))
#59 D:\\laragon\\www\\maizi\\vendor\\laravel\\framework\\src\\Illuminate\\Foundation\\Http\\Kernel.php(176): Illuminate\\Routing\\Router->dispatch(Object(Illuminate\\Http\\Request))
#60 D:\\laragon\\www\\maizi\\vendor\\laravel\\framework\\src\\Illuminate\\Routing\\Pipeline.php(30): Illuminate\\Foundation\\Http\\Kernel->Illuminate\\Foundation\\Http\\{closure}(Object(Illuminate\\Http\\Request))
#61 D:\\laragon\\www\\maizi\\vendor\\fideloper\\proxy\\src\\TrustProxies.php(56): Illuminate\\Routing\\Pipeline->Illuminate\\Routing\\{closure}(Object(Illuminate\\Http\\Request))
#62 D:\\laragon\\www\\maizi\\vendor\\laravel\\framework\\src\\Illuminate\\Pipeline\\Pipeline.php(149): Fideloper\\Proxy\\TrustProxies->handle(Object(Illuminate\\Http\\Request), Object(Closure))
#63 D:\\laragon\\www\\maizi\\vendor\\laravel\\framework\\src\\Illuminate\\Routing\\Pipeline.php(53): Illuminate\\Pipeline\\Pipeline->Illuminate\\Pipeline\\{closure}(Object(Illuminate\\Http\\Request))
#64 D:\\laragon\\www\\maizi\\vendor\\laravel\\framework\\src\\Illuminate\\Foundation\\Http\\Middleware\\TransformsRequest.php(30): Illuminate\\Routing\\Pipeline->Illuminate\\Routing\\{closure}(Object(Illuminate\\Http\\Request))
#65 D:\\laragon\\www\\maizi\\vendor\\laravel\\framework\\src\\Illuminate\\Pipeline\\Pipeline.php(149): Illuminate\\Foundation\\Http\\Middleware\\TransformsRequest->handle(Object(Illuminate\\Http\\Request), Object(Closure))
#66 D:\\laragon\\www\\maizi\\vendor\\laravel\\framework\\src\\Illuminate\\Routing\\Pipeline.php(53): Illuminate\\Pipeline\\Pipeline->Illuminate\\Pipeline\\{closure}(Object(Illuminate\\Http\\Request))
#67 D:\\laragon\\www\\maizi\\vendor\\laravel\\framework\\src\\Illuminate\\Foundation\\Http\\Middleware\\TransformsRequest.php(30): Illuminate\\Routing\\Pipeline->Illuminate\\Routing\\{closure}(Object(Illuminate\\Http\\Request))
#68 D:\\laragon\\www\\maizi\\vendor\\laravel\\framework\\src\\Illuminate\\Pipeline\\Pipeline.php(149): Illuminate\\Foundation\\Http\\Middleware\\TransformsRequest->handle(Object(Illuminate\\Http\\Request), Object(Closure))
#69 D:\\laragon\\www\\maizi\\vendor\\laravel\\framework\\src\\Illuminate\\Routing\\Pipeline.php(53): Illuminate\\Pipeline\\Pipeline->Illuminate\\Pipeline\\{closure}(Object(Illuminate\\Http\\Request))
#70 D:\\laragon\\www\\maizi\\vendor\\laravel\\framework\\src\\Illuminate\\Foundation\\Http\\Middleware\\ValidatePostSize.php(27): Illuminate\\Routing\\Pipeline->Illuminate\\Routing\\{closure}(Object(Illuminate\\Http\\Request))
#71 D:\\laragon\\www\\maizi\\vendor\\laravel\\framework\\src\\Illuminate\\Pipeline\\Pipeline.php(149): Illuminate\\Foundation\\Http\\Middleware\\ValidatePostSize->handle(Object(Illuminate\\Http\\Request), Object(Closure))
#72 D:\\laragon\\www\\maizi\\vendor\\laravel\\framework\\src\\Illuminate\\Routing\\Pipeline.php(53): Illuminate\\Pipeline\\Pipeline->Illuminate\\Pipeline\\{closure}(Object(Illuminate\\Http\\Request))
#73 D:\\laragon\\www\\maizi\\vendor\\laravel\\framework\\src\\Illuminate\\Foundation\\Http\\Middleware\\CheckForMaintenanceMode.php(46): Illuminate\\Routing\\Pipeline->Illuminate\\Routing\\{closure}(Object(Illuminate\\Http\\Request))
#74 D:\\laragon\\www\\maizi\\vendor\\laravel\\framework\\src\\Illuminate\\Pipeline\\Pipeline.php(149): Illuminate\\Foundation\\Http\\Middleware\\CheckForMaintenanceMode->handle(Object(Illuminate\\Http\\Request), Object(Closure))
#75 D:\\laragon\\www\\maizi\\vendor\\laravel\\framework\\src\\Illuminate\\Routing\\Pipeline.php(53): Illuminate\\Pipeline\\Pipeline->Illuminate\\Pipeline\\{closure}(Object(Illuminate\\Http\\Request))
#76 D:\\laragon\\www\\maizi\\vendor\\laravel\\framework\\src\\Illuminate\\Pipeline\\Pipeline.php(102): Illuminate\\Routing\\Pipeline->Illuminate\\Routing\\{closure}(Object(Illuminate\\Http\\Request))
#77 D:\\laragon\\www\\maizi\\vendor\\laravel\\framework\\src\\Illuminate\\Foundation\\Http\\Kernel.php(151): Illuminate\\Pipeline\\Pipeline->then(Object(Closure))
#78 D:\\laragon\\www\\maizi\\vendor\\laravel\\framework\\src\\Illuminate\\Foundation\\Http\\Kernel.php(116): Illuminate\\Foundation\\Http\\Kernel->sendRequestThroughRouter(Object(Illuminate\\Http\\Request))
#79 D:\\laragon\\www\\maizi\\public\\index.php(55): Illuminate\\Foundation\\Http\\Kernel->handle(Object(Illuminate\\Http\\Request))
#80 {main}
"} 
[2018-11-07 23:20:11] local.ERROR: SQLSTATE[42S22]: Column not found: 1054 Unknown column 'add_num' in 'field list' (SQL: insert into `m_qrcode_info` (`name`, `type`, `unique_id`, `url`, `add_num`, `admin_id`, `updated_at`, `created_at`) values (more-test, 4, 5be302834068c, qrcodes/2018_11_07-23_19_31-5be302834068c.png, 20, 1, 2018-11-07 23:20:11, 2018-11-07 23:20:11)) {"exception":"[object] (Illuminate\\Database\\QueryException(code: 42S22): SQLSTATE[42S22]: Column not found: 1054 Unknown column 'add_num' in 'field list' (SQL: insert into `m_qrcode_info` (`name`, `type`, `unique_id`, `url`, `add_num`, `admin_id`, `updated_at`, `created_at`) values (more-test, 4, 5be302834068c, qrcodes/2018_11_07-23_19_31-5be302834068c.png, 20, 1, 2018-11-07 23:20:11, 2018-11-07 23:20:11)) at D:\\laragon\\www\\maizi\\vendor\\laravel\\framework\\src\\Illuminate\\Database\\Connection.php:664, PDOException(code: 42S22): SQLSTATE[42S22]: Column not found: 1054 Unknown column 'add_num' in 'field list' at D:\\laragon\\www\\maizi\\vendor\\laravel\\framework\\src\\Illuminate\\Database\\Connection.php:452)
[stacktrace]
#0 D:\\laragon\\www\\maizi\\vendor\\laravel\\framework\\src\\Illuminate\\Database\\Connection.php(624): Illuminate\\Database\\Connection->runQueryCallback('insert into `m_...', Array, Object(Closure))
#1 D:\\laragon\\www\\maizi\\vendor\\laravel\\framework\\src\\Illuminate\\Database\\Connection.php(459): Illuminate\\Database\\Connection->run('insert into `m_...', Array, Object(Closure))
#2 D:\\laragon\\www\\maizi\\vendor\\laravel\\framework\\src\\Illuminate\\Database\\Connection.php(411): Illuminate\\Database\\Connection->statement('insert into `m_...', Array)
#3 D:\\laragon\\www\\maizi\\vendor\\laravel\\framework\\src\\Illuminate\\Database\\Query\\Processors\\Processor.php(32): Illuminate\\Database\\Connection->insert('insert into `m_...', Array)
#4 D:\\laragon\\www\\maizi\\vendor\\laravel\\framework\\src\\Illuminate\\Database\\Query\\Builder.php(2135): Illuminate\\Database\\Query\\Processors\\Processor->processInsertGetId(Object(Illuminate\\Database\\Query\\Builder), 'insert into `m_...', Array, 'id')
#5 D:\\laragon\\www\\maizi\\vendor\\laravel\\framework\\src\\Illuminate\\Database\\Eloquent\\Builder.php(1270): Illuminate\\Database\\Query\\Builder->insertGetId(Array, 'id')
#6 D:\\laragon\\www\\maizi\\vendor\\laravel\\framework\\src\\Illuminate\\Database\\Eloquent\\Model.php(710): Illuminate\\Database\\Eloquent\\Builder->__call('insertGetId', Array)
#7 D:\\laragon\\www\\maizi\\vendor\\laravel\\framework\\src\\Illuminate\\Database\\Eloquent\\Model.php(675): Illuminate\\Database\\Eloquent\\Model->insertAndSetId(Object(Illuminate\\Database\\Eloquent\\Builder), Array)
#8 D:\\laragon\\www\\maizi\\vendor\\laravel\\framework\\src\\Illuminate\\Database\\Eloquent\\Model.php(538): Illuminate\\Database\\Eloquent\\Model->performInsert(Object(Illuminate\\Database\\Eloquent\\Builder))
#9 D:\\laragon\\www\\maizi\\vendor\\encore\\laravel-admin\\src\\Form.php(342): Illuminate\\Database\\Eloquent\\Model->save()
#10 D:\\laragon\\www\\maizi\\vendor\\laravel\\framework\\src\\Illuminate\\Database\\Concerns\\ManagesTransactions.php(29): Encore\\Admin\\Form->Encore\\Admin\\{closure}(Object(Illuminate\\Database\\MySqlConnection))
#11 D:\\laragon\\www\\maizi\\vendor\\laravel\\framework\\src\\Illuminate\\Database\\DatabaseManager.php(327): Illuminate\\Database\\Connection->transaction(Object(Closure))
#12 D:\\laragon\\www\\maizi\\vendor\\laravel\\framework\\src\\Illuminate\\Support\\Facades\\Facade.php(221): Illuminate\\Database\\DatabaseManager->__call('transaction', Array)
#13 D:\\laragon\\www\\maizi\\vendor\\encore\\laravel-admin\\src\\Form.php(345): Illuminate\\Support\\Facades\\Facade::__callStatic('transaction', Array)
#14 D:\\laragon\\www\\maizi\\vendor\\encore\\laravel-admin\\src\\Controllers\\ModelForm.php(60): Encore\\Admin\\Form->store()
#15 [internal function]: App\\Admin\\Controllers\\QrcodeController->store()
#16 D:\\laragon\\www\\maizi\\vendor\\laravel\\framework\\src\\Illuminate\\Routing\\Controller.php(54): call_user_func_array(Array, Array)
#17 D:\\laragon\\www\\maizi\\vendor\\laravel\\framework\\src\\Illuminate\\Routing\\ControllerDispatcher.php(45): Illuminate\\Routing\\Controller->callAction('store', Array)
#18 D:\\laragon\\www\\maizi\\vendor\\laravel\\framework\\src\\Illuminate\\Routing\\Route.php(204): Illuminate\\Routing\\ControllerDispatcher->dispatch(Object(Illuminate\\Routing\\Route), Object(App\\Admin\\Controllers\\QrcodeController), 'store')
#19 D:\\laragon\\www\\maizi\\vendor\\laravel\\framework\\src\\Illuminate\\Routing\\Route.php(161): Illuminate\\Routing\\Route->runController()
#20 D:\\laragon\\www\\maizi\\vendor\\laravel\\framework\\src\\Illuminate\\Routing\\Router.php(610): Illuminate\\Routing\\Route->run()
#21 D:\\laragon\\www\\maizi\\vendor\\laravel\\framework\\src\\Illuminate\\Routing\\Pipeline.php(30): Illuminate\\Routing\\Router->Illuminate\\Routing\\{closure}(Object(Illuminate\\Http\\Request))
#22 D:\\laragon\\www\\maizi\\vendor\\encore\\laravel-admin\\src\\Middleware\\Permission.php(42): Illuminate\\Routing\\Pipeline->Illuminate\\Routing\\{closure}(Object(Illuminate\\Http\\Request))
#23 D:\\laragon\\www\\maizi\\vendor\\laravel\\framework\\src\\Illuminate\\Pipeline\\Pipeline.php(149): Encore\\Admin\\Middleware\\Permission->handle(Object(Illuminate\\Http\\Request), Object(Closure))
#24 D:\\laragon\\www\\maizi\\vendor\\laravel\\framework\\src\\Illuminate\\Routing\\Pipeline.php(53): Illuminate\\Pipeline\\Pipeline->Illuminate\\Pipeline\\{closure}(Object(Illuminate\\Http\\Request))
#25 D:\\laragon\\www\\maizi\\vendor\\encore\\laravel-admin\\src\\Middleware\\Bootstrap.php(23): Illuminate\\Routing\\Pipeline->Illuminate\\Routing\\{closure}(Object(Illuminate\\Http\\Request))
#26 D:\\laragon\\www\\maizi\\vendor\\laravel\\framework\\src\\Illuminate\\Pipeline\\Pipeline.php(149): Encore\\Admin\\Middleware\\Bootstrap->handle(Object(Illuminate\\Http\\Request), Object(Closure))
#27 D:\\laragon\\www\\maizi\\vendor\\laravel\\framework\\src\\Illuminate\\Routing\\Pipeline.php(53): Illuminate\\Pipeline\\Pipeline->Illuminate\\Pipeline\\{closure}(Object(Illuminate\\Http\\Request))
#28 D:\\laragon\\www\\maizi\\vendor\\encore\\laravel-admin\\src\\Middleware\\LogOperation.php(34): Illuminate\\Routing\\Pipeline->Illuminate\\Routing\\{closure}(Object(Illuminate\\Http\\Request))
#29 D:\\laragon\\www\\maizi\\vendor\\laravel\\framework\\src\\Illuminate\\Pipeline\\Pipeline.php(149): Encore\\Admin\\Middleware\\LogOperation->handle(Object(Illuminate\\Http\\Request), Object(Closure))
#30 D:\\laragon\\www\\maizi\\vendor\\laravel\\framework\\src\\Illuminate\\Routing\\Pipeline.php(53): Illuminate\\Pipeline\\Pipeline->Illuminate\\Pipeline\\{closure}(Object(Illuminate\\Http\\Request))
#31 D:\\laragon\\www\\maizi\\vendor\\encore\\laravel-admin\\src\\Middleware\\Pjax.php(24): Illuminate\\Routing\\Pipeline->Illuminate\\Routing\\{closure}(Object(Illuminate\\Http\\Request))
#32 D:\\laragon\\www\\maizi\\vendor\\laravel\\framework\\src\\Illuminate\\Pipeline\\Pipeline.php(149): Encore\\Admin\\Middleware\\Pjax->handle(Object(Illuminate\\Http\\Request), Object(Closure))
#33 D:\\laragon\\www\\maizi\\vendor\\laravel\\framework\\src\\Illuminate\\Routing\\Pipeline.php(53): Illuminate\\Pipeline\\Pipeline->Illuminate\\Pipeline\\{closure}(Object(Illuminate\\Http\\Request))
#34 D:\\laragon\\www\\maizi\\vendor\\encore\\laravel-admin\\src\\Middleware\\Authenticate.php(25): Illuminate\\Routing\\Pipeline->Illuminate\\Routing\\{closure}(Object(Illuminate\\Http\\Request))
#35 D:\\laragon\\www\\maizi\\vendor\\laravel\\framework\\src\\Illuminate\\Pipeline\\Pipeline.php(149): Encore\\Admin\\Middleware\\Authenticate->handle(Object(Illuminate\\Http\\Request), Object(Closure))
#36 D:\\laragon\\www\\maizi\\vendor\\laravel\\framework\\src\\Illuminate\\Routing\\Pipeline.php(53): Illuminate\\Pipeline\\Pipeline->Illuminate\\Pipeline\\{closure}(Object(Illuminate\\Http\\Request))
#37 D:\\laragon\\www\\maizi\\vendor\\laravel\\framework\\src\\Illuminate\\Routing\\Middleware\\SubstituteBindings.php(41): Illuminate\\Routing\\Pipeline->Illuminate\\Routing\\{closure}(Object(Illuminate\\Http\\Request))
#38 D:\\laragon\\www\\maizi\\vendor\\laravel\\framework\\src\\Illuminate\\Pipeline\\Pipeline.php(149): Illuminate\\Routing\\Middleware\\SubstituteBindings->handle(Object(Illuminate\\Http\\Request), Object(Closure))
#39 D:\\laragon\\www\\maizi\\vendor\\laravel\\framework\\src\\Illuminate\\Routing\\Pipeline.php(53): Illuminate\\Pipeline\\Pipeline->Illuminate\\Pipeline\\{closure}(Object(Illuminate\\Http\\Request))
#40 D:\\laragon\\www\\maizi\\vendor\\laravel\\framework\\src\\Illuminate\\Foundation\\Http\\Middleware\\VerifyCsrfToken.php(67): Illuminate\\Routing\\Pipeline->Illuminate\\Routing\\{closure}(Object(Illuminate\\Http\\Request))
#41 D:\\laragon\\www\\maizi\\vendor\\laravel\\framework\\src\\Illuminate\\Pipeline\\Pipeline.php(149): Illuminate\\Foundation\\Http\\Middleware\\VerifyCsrfToken->handle(Object(Illuminate\\Http\\Request), Object(Closure))
#42 D:\\laragon\\www\\maizi\\vendor\\laravel\\framework\\src\\Illuminate\\Routing\\Pipeline.php(53): Illuminate\\Pipeline\\Pipeline->Illuminate\\Pipeline\\{closure}(Object(Illuminate\\Http\\Request))
#43 D:\\laragon\\www\\maizi\\vendor\\laravel\\framework\\src\\Illuminate\\View\\Middleware\\ShareErrorsFromSession.php(49): Illuminate\\Routing\\Pipeline->Illuminate\\Routing\\{closure}(Object(Illuminate\\Http\\Request))
#44 D:\\laragon\\www\\maizi\\vendor\\laravel\\framework\\src\\Illuminate\\Pipeline\\Pipeline.php(149): Illuminate\\View\\Middleware\\ShareErrorsFromSession->handle(Object(Illuminate\\Http\\Request), Object(Closure))
#45 D:\\laragon\\www\\maizi\\vendor\\laravel\\framework\\src\\Illuminate\\Routing\\Pipeline.php(53): Illuminate\\Pipeline\\Pipeline->Illuminate\\Pipeline\\{closure}(Object(Illuminate\\Http\\Request))
#46 D:\\laragon\\www\\maizi\\vendor\\laravel\\framework\\src\\Illuminate\\Session\\Middleware\\StartSession.php(63): Illuminate\\Routing\\Pipeline->Illuminate\\Routing\\{closure}(Object(Illuminate\\Http\\Request))
#47 D:\\laragon\\www\\maizi\\vendor\\laravel\\framework\\src\\Illuminate\\Pipeline\\Pipeline.php(149): Illuminate\\Session\\Middleware\\StartSession->handle(Object(Illuminate\\Http\\Request), Object(Closure))
#48 D:\\laragon\\www\\maizi\\vendor\\laravel\\framework\\src\\Illuminate\\Routing\\Pipeline.php(53): Illuminate\\Pipeline\\Pipeline->Illuminate\\Pipeline\\{closure}(Object(Illuminate\\Http\\Request))
#49 D:\\laragon\\www\\maizi\\vendor\\laravel\\framework\\src\\Illuminate\\Cookie\\Middleware\\AddQueuedCookiesToResponse.php(37): Illuminate\\Routing\\Pipeline->Illuminate\\Routing\\{closure}(Object(Illuminate\\Http\\Request))
#50 D:\\laragon\\www\\maizi\\vendor\\laravel\\framework\\src\\Illuminate\\Pipeline\\Pipeline.php(149): Illuminate\\Cookie\\Middleware\\AddQueuedCookiesToResponse->handle(Object(Illuminate\\Http\\Request), Object(Closure))
#51 D:\\laragon\\www\\maizi\\vendor\\laravel\\framework\\src\\Illuminate\\Routing\\Pipeline.php(53): Illuminate\\Pipeline\\Pipeline->Illuminate\\Pipeline\\{closure}(Object(Illuminate\\Http\\Request))
#52 D:\\laragon\\www\\maizi\\vendor\\laravel\\framework\\src\\Illuminate\\Cookie\\Middleware\\EncryptCookies.php(59): Illuminate\\Routing\\Pipeline->Illuminate\\Routing\\{closure}(Object(Illuminate\\Http\\Request))
#53 D:\\laragon\\www\\maizi\\vendor\\laravel\\framework\\src\\Illuminate\\Pipeline\\Pipeline.php(149): Illuminate\\Cookie\\Middleware\\EncryptCookies->handle(Object(Illuminate\\Http\\Request), Object(Closure))
#54 D:\\laragon\\www\\maizi\\vendor\\laravel\\framework\\src\\Illuminate\\Routing\\Pipeline.php(53): Illuminate\\Pipeline\\Pipeline->Illuminate\\Pipeline\\{closure}(Object(Illuminate\\Http\\Request))
#55 D:\\laragon\\www\\maizi\\vendor\\laravel\\framework\\src\\Illuminate\\Pipeline\\Pipeline.php(102): Illuminate\\Routing\\Pipeline->Illuminate\\Routing\\{closure}(Object(Illuminate\\Http\\Request))
#56 D:\\laragon\\www\\maizi\\vendor\\laravel\\framework\\src\\Illuminate\\Routing\\Router.php(612): Illuminate\\Pipeline\\Pipeline->then(Object(Closure))
#57 D:\\laragon\\www\\maizi\\vendor\\laravel\\framework\\src\\Illuminate\\Routing\\Router.php(571): Illuminate\\Routing\\Router->runRouteWithinStack(Object(Illuminate\\Routing\\Route), Object(Illuminate\\Http\\Request))
#58 D:\\laragon\\www\\maizi\\vendor\\laravel\\framework\\src\\Illuminate\\Routing\\Router.php(549): Illuminate\\Routing\\Router->dispatchToRoute(Object(Illuminate\\Http\\Request))
#59 D:\\laragon\\www\\maizi\\vendor\\laravel\\framework\\src\\Illuminate\\Foundation\\Http\\Kernel.php(176): Illuminate\\Routing\\Router->dispatch(Object(Illuminate\\Http\\Request))
#60 D:\\laragon\\www\\maizi\\vendor\\laravel\\framework\\src\\Illuminate\\Routing\\Pipeline.php(30): Illuminate\\Foundation\\Http\\Kernel->Illuminate\\Foundation\\Http\\{closure}(Object(Illuminate\\Http\\Request))
#61 D:\\laragon\\www\\maizi\\vendor\\fideloper\\proxy\\src\\TrustProxies.php(56): Illuminate\\Routing\\Pipeline->Illuminate\\Routing\\{closure}(Object(Illuminate\\Http\\Request))
#62 D:\\laragon\\www\\maizi\\vendor\\laravel\\framework\\src\\Illuminate\\Pipeline\\Pipeline.php(149): Fideloper\\Proxy\\TrustProxies->handle(Object(Illuminate\\Http\\Request), Object(Closure))
#63 D:\\laragon\\www\\maizi\\vendor\\laravel\\framework\\src\\Illuminate\\Routing\\Pipeline.php(53): Illuminate\\Pipeline\\Pipeline->Illuminate\\Pipeline\\{closure}(Object(Illuminate\\Http\\Request))
#64 D:\\laragon\\www\\maizi\\vendor\\laravel\\framework\\src\\Illuminate\\Foundation\\Http\\Middleware\\TransformsRequest.php(30): Illuminate\\Routing\\Pipeline->Illuminate\\Routing\\{closure}(Object(Illuminate\\Http\\Request))
#65 D:\\laragon\\www\\maizi\\vendor\\laravel\\framework\\src\\Illuminate\\Pipeline\\Pipeline.php(149): Illuminate\\Foundation\\Http\\Middleware\\TransformsRequest->handle(Object(Illuminate\\Http\\Request), Object(Closure))
#66 D:\\laragon\\www\\maizi\\vendor\\laravel\\framework\\src\\Illuminate\\Routing\\Pipeline.php(53): Illuminate\\Pipeline\\Pipeline->Illuminate\\Pipeline\\{closure}(Object(Illuminate\\Http\\Request))
#67 D:\\laragon\\www\\maizi\\vendor\\laravel\\framework\\src\\Illuminate\\Foundation\\Http\\Middleware\\TransformsRequest.php(30): Illuminate\\Routing\\Pipeline->Illuminate\\Routing\\{closure}(Object(Illuminate\\Http\\Request))
#68 D:\\laragon\\www\\maizi\\vendor\\laravel\\framework\\src\\Illuminate\\Pipeline\\Pipeline.php(149): Illuminate\\Foundation\\Http\\Middleware\\TransformsRequest->handle(Object(Illuminate\\Http\\Request), Object(Closure))
#69 D:\\laragon\\www\\maizi\\vendor\\laravel\\framework\\src\\Illuminate\\Routing\\Pipeline.php(53): Illuminate\\Pipeline\\Pipeline->Illuminate\\Pipeline\\{closure}(Object(Illuminate\\Http\\Request))
#70 D:\\laragon\\www\\maizi\\vendor\\laravel\\framework\\src\\Illuminate\\Foundation\\Http\\Middleware\\ValidatePostSize.php(27): Illuminate\\Routing\\Pipeline->Illuminate\\Routing\\{closure}(Object(Illuminate\\Http\\Request))
#71 D:\\laragon\\www\\maizi\\vendor\\laravel\\framework\\src\\Illuminate\\Pipeline\\Pipeline.php(149): Illuminate\\Foundation\\Http\\Middleware\\ValidatePostSize->handle(Object(Illuminate\\Http\\Request), Object(Closure))
#72 D:\\laragon\\www\\maizi\\vendor\\laravel\\framework\\src\\Illuminate\\Routing\\Pipeline.php(53): Illuminate\\Pipeline\\Pipeline->Illuminate\\Pipeline\\{closure}(Object(Illuminate\\Http\\Request))
#73 D:\\laragon\\www\\maizi\\vendor\\laravel\\framework\\src\\Illuminate\\Foundation\\Http\\Middleware\\CheckForMaintenanceMode.php(46): Illuminate\\Routing\\Pipeline->Illuminate\\Routing\\{closure}(Object(Illuminate\\Http\\Request))
#74 D:\\laragon\\www\\maizi\\vendor\\laravel\\framework\\src\\Illuminate\\Pipeline\\Pipeline.php(149): Illuminate\\Foundation\\Http\\Middleware\\CheckForMaintenanceMode->handle(Object(Illuminate\\Http\\Request), Object(Closure))
#75 D:\\laragon\\www\\maizi\\vendor\\laravel\\framework\\src\\Illuminate\\Routing\\Pipeline.php(53): Illuminate\\Pipeline\\Pipeline->Illuminate\\Pipeline\\{closure}(Object(Illuminate\\Http\\Request))
#76 D:\\laragon\\www\\maizi\\vendor\\laravel\\framework\\src\\Illuminate\\Pipeline\\Pipeline.php(102): Illuminate\\Routing\\Pipeline->Illuminate\\Routing\\{closure}(Object(Illuminate\\Http\\Request))
#77 D:\\laragon\\www\\maizi\\vendor\\laravel\\framework\\src\\Illuminate\\Foundation\\Http\\Kernel.php(151): Illuminate\\Pipeline\\Pipeline->then(Object(Closure))
#78 D:\\laragon\\www\\maizi\\vendor\\laravel\\framework\\src\\Illuminate\\Foundation\\Http\\Kernel.php(116): Illuminate\\Foundation\\Http\\Kernel->sendRequestThroughRouter(Object(Illuminate\\Http\\Request))
#79 D:\\laragon\\www\\maizi\\public\\index.php(55): Illuminate\\Foundation\\Http\\Kernel->handle(Object(Illuminate\\Http\\Request))
#80 {main}
"} 
